ARM GAS  /tmp/cc2y3sHo.s 			page 1


   1              		.syntax unified
   2              		.cpu cortex-m3
   3              		.fpu softvfp
   4              		.eabi_attribute 20, 1
   5              		.eabi_attribute 21, 1
   6              		.eabi_attribute 23, 3
   7              		.eabi_attribute 24, 1
   8              		.eabi_attribute 25, 1
   9              		.eabi_attribute 26, 1
  10              		.eabi_attribute 30, 2
  11              		.eabi_attribute 34, 1
  12              		.eabi_attribute 18, 4
  13              		.thumb
  14              		.file	"handles.c"
  15              		.text
  16              	.Ltext0:
  17              		.cfi_sections	.debug_frame
  18              		.comm	uart3Handle,4,4
  19              	.Letext0:
  20              		.file 1 "/usr/include/newlib/machine/_default_types.h"
  21              		.file 2 "/usr/include/newlib/sys/_stdint.h"
  22              		.file 3 "Drivers/CMSIS/Device/ST/STM32F1xx/Include/stm32f105xc.h"
  23              		.file 4 "Drivers/STM32F1xx_HAL_Driver/Inc/stm32f1xx_hal_def.h"
  24              		.file 5 "Drivers/STM32F1xx_HAL_Driver/Inc/stm32f1xx_hal_dma.h"
  25              		.file 6 "Drivers/STM32F1xx_HAL_Driver/Inc/stm32f1xx_hal_uart.h"
  26              		.file 7 "Drivers/CMSIS/Include/core_cm3.h"
  27              		.file 8 "Src/handles.c"
ARM GAS  /tmp/cc2y3sHo.s 			page 2


DEFINED SYMBOLS
                            *ABS*:0000000000000000 handles.c
                            *COM*:0000000000000004 uart3Handle

NO UNDEFINED SYMBOLS
