ARM GAS  /tmp/ccwhDcMw.s 			page 1


   1              		.syntax unified
   2              		.cpu cortex-m3
   3              		.fpu softvfp
   4              		.eabi_attribute 20, 1
   5              		.eabi_attribute 21, 1
   6              		.eabi_attribute 23, 3
   7              		.eabi_attribute 24, 1
   8              		.eabi_attribute 25, 1
   9              		.eabi_attribute 26, 1
  10              		.eabi_attribute 30, 2
  11              		.eabi_attribute 34, 1
  12              		.eabi_attribute 18, 4
  13              		.thumb
  14              		.file	"stm32f1xx_hal_msp.c"
  15              		.text
  16              	.Ltext0:
  17              		.cfi_sections	.debug_frame
  18              		.section	.text.HAL_MspInit,"ax",%progbits
  19              		.align	2
  20              		.global	HAL_MspInit
  21              		.thumb
  22              		.thumb_func
  24              	HAL_MspInit:
  25              	.LFB63:
  26              		.file 1 "Src/stm32f1xx_hal_msp.c"
   1:Src/stm32f1xx_hal_msp.c **** /**
   2:Src/stm32f1xx_hal_msp.c ****   ******************************************************************************
   3:Src/stm32f1xx_hal_msp.c ****   * File Name          : stm32f1xx_hal_msp.c
   4:Src/stm32f1xx_hal_msp.c ****   * Description        : This file provides code for the MSP Initialization 
   5:Src/stm32f1xx_hal_msp.c ****   *                      and de-Initialization codes.
   6:Src/stm32f1xx_hal_msp.c ****   ******************************************************************************
   7:Src/stm32f1xx_hal_msp.c ****   ** This notice applies to any and all portions of this file
   8:Src/stm32f1xx_hal_msp.c ****   * that are not between comment pairs USER CODE BEGIN and
   9:Src/stm32f1xx_hal_msp.c ****   * USER CODE END. Other portions of this file, whether 
  10:Src/stm32f1xx_hal_msp.c ****   * inserted by the user or by software development tools
  11:Src/stm32f1xx_hal_msp.c ****   * are owned by their respective copyright owners.
  12:Src/stm32f1xx_hal_msp.c ****   *
  13:Src/stm32f1xx_hal_msp.c ****   * COPYRIGHT(c) 2018 STMicroelectronics
  14:Src/stm32f1xx_hal_msp.c ****   *
  15:Src/stm32f1xx_hal_msp.c ****   * Redistribution and use in source and binary forms, with or without modification,
  16:Src/stm32f1xx_hal_msp.c ****   * are permitted provided that the following conditions are met:
  17:Src/stm32f1xx_hal_msp.c ****   *   1. Redistributions of source code must retain the above copyright notice,
  18:Src/stm32f1xx_hal_msp.c ****   *      this list of conditions and the following disclaimer.
  19:Src/stm32f1xx_hal_msp.c ****   *   2. Redistributions in binary form must reproduce the above copyright notice,
  20:Src/stm32f1xx_hal_msp.c ****   *      this list of conditions and the following disclaimer in the documentation
  21:Src/stm32f1xx_hal_msp.c ****   *      and/or other materials provided with the distribution.
  22:Src/stm32f1xx_hal_msp.c ****   *   3. Neither the name of STMicroelectronics nor the names of its contributors
  23:Src/stm32f1xx_hal_msp.c ****   *      may be used to endorse or promote products derived from this software
  24:Src/stm32f1xx_hal_msp.c ****   *      without specific prior written permission.
  25:Src/stm32f1xx_hal_msp.c ****   *
  26:Src/stm32f1xx_hal_msp.c ****   * THIS SOFTWARE IS PROVIDED BY THE COPYRIGHT HOLDERS AND CONTRIBUTORS "AS IS"
  27:Src/stm32f1xx_hal_msp.c ****   * AND ANY EXPRESS OR IMPLIED WARRANTIES, INCLUDING, BUT NOT LIMITED TO, THE
  28:Src/stm32f1xx_hal_msp.c ****   * IMPLIED WARRANTIES OF MERCHANTABILITY AND FITNESS FOR A PARTICULAR PURPOSE ARE
  29:Src/stm32f1xx_hal_msp.c ****   * DISCLAIMED. IN NO EVENT SHALL THE COPYRIGHT HOLDER OR CONTRIBUTORS BE LIABLE
  30:Src/stm32f1xx_hal_msp.c ****   * FOR ANY DIRECT, INDIRECT, INCIDENTAL, SPECIAL, EXEMPLARY, OR CONSEQUENTIAL
  31:Src/stm32f1xx_hal_msp.c ****   * DAMAGES (INCLUDING, BUT NOT LIMITED TO, PROCUREMENT OF SUBSTITUTE GOODS OR
  32:Src/stm32f1xx_hal_msp.c ****   * SERVICES; LOSS OF USE, DATA, OR PROFITS; OR BUSINESS INTERRUPTION) HOWEVER
ARM GAS  /tmp/ccwhDcMw.s 			page 2


  33:Src/stm32f1xx_hal_msp.c ****   * CAUSED AND ON ANY THEORY OF LIABILITY, WHETHER IN CONTRACT, STRICT LIABILITY,
  34:Src/stm32f1xx_hal_msp.c ****   * OR TORT (INCLUDING NEGLIGENCE OR OTHERWISE) ARISING IN ANY WAY OUT OF THE USE
  35:Src/stm32f1xx_hal_msp.c ****   * OF THIS SOFTWARE, EVEN IF ADVISED OF THE POSSIBILITY OF SUCH DAMAGE.
  36:Src/stm32f1xx_hal_msp.c ****   *
  37:Src/stm32f1xx_hal_msp.c ****   ******************************************************************************
  38:Src/stm32f1xx_hal_msp.c ****   */
  39:Src/stm32f1xx_hal_msp.c **** /* Includes ------------------------------------------------------------------*/
  40:Src/stm32f1xx_hal_msp.c **** #include "stm32f1xx_hal.h"
  41:Src/stm32f1xx_hal_msp.c **** 
  42:Src/stm32f1xx_hal_msp.c **** extern void _Error_Handler(char *, int);
  43:Src/stm32f1xx_hal_msp.c **** /* USER CODE BEGIN 0 */
  44:Src/stm32f1xx_hal_msp.c **** 
  45:Src/stm32f1xx_hal_msp.c **** /* USER CODE END 0 */
  46:Src/stm32f1xx_hal_msp.c **** /**
  47:Src/stm32f1xx_hal_msp.c ****   * Initializes the Global MSP.
  48:Src/stm32f1xx_hal_msp.c ****   */
  49:Src/stm32f1xx_hal_msp.c **** void HAL_MspInit(void)
  50:Src/stm32f1xx_hal_msp.c **** {
  27              		.loc 1 50 0
  28              		.cfi_startproc
  29              		@ args = 0, pretend = 0, frame = 8
  30              		@ frame_needed = 0, uses_anonymous_args = 0
  31              	.LBB2:
  51:Src/stm32f1xx_hal_msp.c ****   /* USER CODE BEGIN MspInit 0 */
  52:Src/stm32f1xx_hal_msp.c **** 
  53:Src/stm32f1xx_hal_msp.c ****   /* USER CODE END MspInit 0 */
  54:Src/stm32f1xx_hal_msp.c **** 
  55:Src/stm32f1xx_hal_msp.c ****   __HAL_RCC_AFIO_CLK_ENABLE();
  32              		.loc 1 55 0
  33 0000 224B     		ldr	r3, .L3
  34              	.LBE2:
  50:Src/stm32f1xx_hal_msp.c ****   /* USER CODE BEGIN MspInit 0 */
  35              		.loc 1 50 0
  36 0002 00B5     		push	{lr}
  37              	.LCFI0:
  38              		.cfi_def_cfa_offset 4
  39              		.cfi_offset 14, -4
  40              	.LBB3:
  41              		.loc 1 55 0
  42 0004 9A69     		ldr	r2, [r3, #24]
  43              	.LBE3:
  50:Src/stm32f1xx_hal_msp.c ****   /* USER CODE BEGIN MspInit 0 */
  44              		.loc 1 50 0
  45 0006 83B0     		sub	sp, sp, #12
  46              	.LCFI1:
  47              		.cfi_def_cfa_offset 16
  48              	.LBB4:
  49              		.loc 1 55 0
  50 0008 42F00102 		orr	r2, r2, #1
  51 000c 9A61     		str	r2, [r3, #24]
  52 000e 9B69     		ldr	r3, [r3, #24]
  53              	.LBE4:
  56:Src/stm32f1xx_hal_msp.c **** 
  57:Src/stm32f1xx_hal_msp.c ****   HAL_NVIC_SetPriorityGrouping(NVIC_PRIORITYGROUP_4);
  54              		.loc 1 57 0
  55 0010 0320     		movs	r0, #3
  56              	.LBB5:
ARM GAS  /tmp/ccwhDcMw.s 			page 3


  55:Src/stm32f1xx_hal_msp.c **** 
  57              		.loc 1 55 0
  58 0012 03F00103 		and	r3, r3, #1
  59 0016 0193     		str	r3, [sp, #4]
  60 0018 019B     		ldr	r3, [sp, #4]
  61              	.LBE5:
  62              		.loc 1 57 0
  63 001a FFF7FEFF 		bl	HAL_NVIC_SetPriorityGrouping
  64              	.LVL0:
  58:Src/stm32f1xx_hal_msp.c **** 
  59:Src/stm32f1xx_hal_msp.c ****   /* System interrupt init*/
  60:Src/stm32f1xx_hal_msp.c ****   /* MemoryManagement_IRQn interrupt configuration */
  61:Src/stm32f1xx_hal_msp.c ****   HAL_NVIC_SetPriority(MemoryManagement_IRQn, 0, 0);
  65              		.loc 1 61 0
  66 001e 0021     		movs	r1, #0
  67 0020 0A46     		mov	r2, r1
  68 0022 6FF00B00 		mvn	r0, #11
  69 0026 FFF7FEFF 		bl	HAL_NVIC_SetPriority
  70              	.LVL1:
  62:Src/stm32f1xx_hal_msp.c ****   /* BusFault_IRQn interrupt configuration */
  63:Src/stm32f1xx_hal_msp.c ****   HAL_NVIC_SetPriority(BusFault_IRQn, 0, 0);
  71              		.loc 1 63 0
  72 002a 0021     		movs	r1, #0
  73 002c 0A46     		mov	r2, r1
  74 002e 6FF00A00 		mvn	r0, #10
  75 0032 FFF7FEFF 		bl	HAL_NVIC_SetPriority
  76              	.LVL2:
  64:Src/stm32f1xx_hal_msp.c ****   /* UsageFault_IRQn interrupt configuration */
  65:Src/stm32f1xx_hal_msp.c ****   HAL_NVIC_SetPriority(UsageFault_IRQn, 0, 0);
  77              		.loc 1 65 0
  78 0036 0021     		movs	r1, #0
  79 0038 0A46     		mov	r2, r1
  80 003a 6FF00900 		mvn	r0, #9
  81 003e FFF7FEFF 		bl	HAL_NVIC_SetPriority
  82              	.LVL3:
  66:Src/stm32f1xx_hal_msp.c ****   /* SVCall_IRQn interrupt configuration */
  67:Src/stm32f1xx_hal_msp.c ****   HAL_NVIC_SetPriority(SVCall_IRQn, 0, 0);
  83              		.loc 1 67 0
  84 0042 0021     		movs	r1, #0
  85 0044 0A46     		mov	r2, r1
  86 0046 6FF00400 		mvn	r0, #4
  87 004a FFF7FEFF 		bl	HAL_NVIC_SetPriority
  88              	.LVL4:
  68:Src/stm32f1xx_hal_msp.c ****   /* DebugMonitor_IRQn interrupt configuration */
  69:Src/stm32f1xx_hal_msp.c ****   HAL_NVIC_SetPriority(DebugMonitor_IRQn, 0, 0);
  89              		.loc 1 69 0
  90 004e 0021     		movs	r1, #0
  91 0050 0A46     		mov	r2, r1
  92 0052 6FF00300 		mvn	r0, #3
  93 0056 FFF7FEFF 		bl	HAL_NVIC_SetPriority
  94              	.LVL5:
  70:Src/stm32f1xx_hal_msp.c ****   /* PendSV_IRQn interrupt configuration */
  71:Src/stm32f1xx_hal_msp.c ****   HAL_NVIC_SetPriority(PendSV_IRQn, 0, 0);
  95              		.loc 1 71 0
  96 005a 0021     		movs	r1, #0
  97 005c 0A46     		mov	r2, r1
  98 005e 6FF00100 		mvn	r0, #1
ARM GAS  /tmp/ccwhDcMw.s 			page 4


  99 0062 FFF7FEFF 		bl	HAL_NVIC_SetPriority
 100              	.LVL6:
  72:Src/stm32f1xx_hal_msp.c ****   /* SysTick_IRQn interrupt configuration */
  73:Src/stm32f1xx_hal_msp.c ****   HAL_NVIC_SetPriority(SysTick_IRQn, 0, 0);
 101              		.loc 1 73 0
 102 0066 0021     		movs	r1, #0
 103 0068 0A46     		mov	r2, r1
 104 006a 4FF0FF30 		mov	r0, #-1
 105 006e FFF7FEFF 		bl	HAL_NVIC_SetPriority
 106              	.LVL7:
  74:Src/stm32f1xx_hal_msp.c **** 
  75:Src/stm32f1xx_hal_msp.c ****     /**NOJTAG: JTAG-DP Disabled and SW-DP Enabled 
  76:Src/stm32f1xx_hal_msp.c ****     */
  77:Src/stm32f1xx_hal_msp.c ****   __HAL_AFIO_REMAP_SWJ_NOJTAG();
 107              		.loc 1 77 0
 108 0072 074B     		ldr	r3, .L3+4
 109 0074 5A68     		ldr	r2, [r3, #4]
 110 0076 22F0E062 		bic	r2, r2, #117440512
 111 007a 5A60     		str	r2, [r3, #4]
 112 007c 5A68     		ldr	r2, [r3, #4]
 113 007e 42F00072 		orr	r2, r2, #33554432
 114 0082 5A60     		str	r2, [r3, #4]
  78:Src/stm32f1xx_hal_msp.c **** 
  79:Src/stm32f1xx_hal_msp.c ****   /* USER CODE BEGIN MspInit 1 */
  80:Src/stm32f1xx_hal_msp.c **** 
  81:Src/stm32f1xx_hal_msp.c ****   /* USER CODE END MspInit 1 */
  82:Src/stm32f1xx_hal_msp.c **** }
 115              		.loc 1 82 0
 116 0084 03B0     		add	sp, sp, #12
 117              	.LCFI2:
 118              		.cfi_def_cfa_offset 4
 119              		@ sp needed
 120 0086 5DF804FB 		ldr	pc, [sp], #4
 121              	.L4:
 122 008a 00BF     		.align	2
 123              	.L3:
 124 008c 00100240 		.word	1073876992
 125 0090 00000140 		.word	1073807360
 126              		.cfi_endproc
 127              	.LFE63:
 129              		.section	.text.HAL_CAN_MspInit,"ax",%progbits
 130              		.align	2
 131              		.global	HAL_CAN_MspInit
 132              		.thumb
 133              		.thumb_func
 135              	HAL_CAN_MspInit:
 136              	.LFB64:
  83:Src/stm32f1xx_hal_msp.c **** 
  84:Src/stm32f1xx_hal_msp.c **** void HAL_CAN_MspInit(CAN_HandleTypeDef* hcan)
  85:Src/stm32f1xx_hal_msp.c **** {
 137              		.loc 1 85 0
 138              		.cfi_startproc
 139              		@ args = 0, pretend = 0, frame = 24
 140              		@ frame_needed = 0, uses_anonymous_args = 0
 141              	.LVL8:
  86:Src/stm32f1xx_hal_msp.c **** 
  87:Src/stm32f1xx_hal_msp.c ****   GPIO_InitTypeDef GPIO_InitStruct;
ARM GAS  /tmp/ccwhDcMw.s 			page 5


  88:Src/stm32f1xx_hal_msp.c ****   if(hcan->Instance==CAN1)
 142              		.loc 1 88 0
 143 0000 0268     		ldr	r2, [r0]
 144 0002 244B     		ldr	r3, .L11
 145 0004 9A42     		cmp	r2, r3
 146 0006 00D0     		beq	.L10
 147 0008 7047     		bx	lr
 148              	.L10:
 149              	.LBB6:
  89:Src/stm32f1xx_hal_msp.c ****   {
  90:Src/stm32f1xx_hal_msp.c ****   /* USER CODE BEGIN CAN1_MspInit 0 */
  91:Src/stm32f1xx_hal_msp.c **** 
  92:Src/stm32f1xx_hal_msp.c ****   /* USER CODE END CAN1_MspInit 0 */
  93:Src/stm32f1xx_hal_msp.c ****     /* Peripheral clock enable */
  94:Src/stm32f1xx_hal_msp.c ****     __HAL_RCC_CAN1_CLK_ENABLE();
 150              		.loc 1 94 0
 151 000a 03F5D633 		add	r3, r3, #109568
 152 000e DA69     		ldr	r2, [r3, #28]
 153              	.LBE6:
  85:Src/stm32f1xx_hal_msp.c **** 
 154              		.loc 1 85 0
 155 0010 30B5     		push	{r4, r5, lr}
 156              	.LCFI3:
 157              		.cfi_def_cfa_offset 12
 158              		.cfi_offset 4, -12
 159              		.cfi_offset 5, -8
 160              		.cfi_offset 14, -4
 161              	.LBB7:
 162              		.loc 1 94 0
 163 0012 42F00072 		orr	r2, r2, #33554432
 164 0016 DA61     		str	r2, [r3, #28]
 165 0018 DB69     		ldr	r3, [r3, #28]
 166              	.LBE7:
  85:Src/stm32f1xx_hal_msp.c **** 
 167              		.loc 1 85 0
 168 001a 87B0     		sub	sp, sp, #28
 169              	.LCFI4:
 170              		.cfi_def_cfa_offset 40
 171              	.LBB8:
 172              		.loc 1 94 0
 173 001c 03F00073 		and	r3, r3, #33554432
 174              	.LBE8:
  95:Src/stm32f1xx_hal_msp.c ****   
  96:Src/stm32f1xx_hal_msp.c ****     /**CAN1 GPIO Configuration    
  97:Src/stm32f1xx_hal_msp.c ****     PA11     ------> CAN1_RX
  98:Src/stm32f1xx_hal_msp.c ****     PA12     ------> CAN1_TX 
  99:Src/stm32f1xx_hal_msp.c ****     */
 100:Src/stm32f1xx_hal_msp.c ****     GPIO_InitStruct.Pin = GPIO_PIN_11;
 101:Src/stm32f1xx_hal_msp.c ****     GPIO_InitStruct.Mode = GPIO_MODE_INPUT;
 175              		.loc 1 101 0
 176 0020 0024     		movs	r4, #0
 102:Src/stm32f1xx_hal_msp.c ****     GPIO_InitStruct.Pull = GPIO_NOPULL;
 103:Src/stm32f1xx_hal_msp.c ****     HAL_GPIO_Init(GPIOA, &GPIO_InitStruct);
 177              		.loc 1 103 0
 178 0022 02A9     		add	r1, sp, #8
 100:Src/stm32f1xx_hal_msp.c ****     GPIO_InitStruct.Mode = GPIO_MODE_INPUT;
 179              		.loc 1 100 0
ARM GAS  /tmp/ccwhDcMw.s 			page 6


 180 0024 4FF40062 		mov	r2, #2048
 181              	.LBB9:
  94:Src/stm32f1xx_hal_msp.c ****   
 182              		.loc 1 94 0
 183 0028 0193     		str	r3, [sp, #4]
 184              	.LBE9:
 185              		.loc 1 103 0
 186 002a 1B48     		ldr	r0, .L11+4
 187              	.LVL9:
 188              	.LBB10:
  94:Src/stm32f1xx_hal_msp.c ****   
 189              		.loc 1 94 0
 190 002c 019B     		ldr	r3, [sp, #4]
 191              	.LBE10:
 100:Src/stm32f1xx_hal_msp.c ****     GPIO_InitStruct.Mode = GPIO_MODE_INPUT;
 192              		.loc 1 100 0
 193 002e 0292     		str	r2, [sp, #8]
 101:Src/stm32f1xx_hal_msp.c ****     GPIO_InitStruct.Pull = GPIO_NOPULL;
 194              		.loc 1 101 0
 195 0030 0394     		str	r4, [sp, #12]
 102:Src/stm32f1xx_hal_msp.c ****     HAL_GPIO_Init(GPIOA, &GPIO_InitStruct);
 196              		.loc 1 102 0
 197 0032 0494     		str	r4, [sp, #16]
 104:Src/stm32f1xx_hal_msp.c **** 
 105:Src/stm32f1xx_hal_msp.c ****     GPIO_InitStruct.Pin = GPIO_PIN_12;
 198              		.loc 1 105 0
 199 0034 4FF48055 		mov	r5, #4096
 103:Src/stm32f1xx_hal_msp.c **** 
 200              		.loc 1 103 0
 201 0038 FFF7FEFF 		bl	HAL_GPIO_Init
 202              	.LVL10:
 106:Src/stm32f1xx_hal_msp.c ****     GPIO_InitStruct.Mode = GPIO_MODE_AF_PP;
 107:Src/stm32f1xx_hal_msp.c ****     GPIO_InitStruct.Speed = GPIO_SPEED_FREQ_HIGH;
 203              		.loc 1 107 0
 204 003c 0323     		movs	r3, #3
 108:Src/stm32f1xx_hal_msp.c ****     HAL_GPIO_Init(GPIOA, &GPIO_InitStruct);
 205              		.loc 1 108 0
 206 003e 02A9     		add	r1, sp, #8
 106:Src/stm32f1xx_hal_msp.c ****     GPIO_InitStruct.Mode = GPIO_MODE_AF_PP;
 207              		.loc 1 106 0
 208 0040 0222     		movs	r2, #2
 209              		.loc 1 108 0
 210 0042 1548     		ldr	r0, .L11+4
 107:Src/stm32f1xx_hal_msp.c ****     HAL_GPIO_Init(GPIOA, &GPIO_InitStruct);
 211              		.loc 1 107 0
 212 0044 0593     		str	r3, [sp, #20]
 106:Src/stm32f1xx_hal_msp.c ****     GPIO_InitStruct.Mode = GPIO_MODE_AF_PP;
 213              		.loc 1 106 0
 214 0046 0392     		str	r2, [sp, #12]
 105:Src/stm32f1xx_hal_msp.c ****     GPIO_InitStruct.Mode = GPIO_MODE_AF_PP;
 215              		.loc 1 105 0
 216 0048 0295     		str	r5, [sp, #8]
 217              		.loc 1 108 0
 218 004a FFF7FEFF 		bl	HAL_GPIO_Init
 219              	.LVL11:
 109:Src/stm32f1xx_hal_msp.c **** 
 110:Src/stm32f1xx_hal_msp.c ****     /* CAN1 interrupt Init */
ARM GAS  /tmp/ccwhDcMw.s 			page 7


 111:Src/stm32f1xx_hal_msp.c ****     HAL_NVIC_SetPriority(CAN1_TX_IRQn, 0, 0);
 220              		.loc 1 111 0
 221 004e 2146     		mov	r1, r4
 222 0050 2246     		mov	r2, r4
 223 0052 1320     		movs	r0, #19
 224 0054 FFF7FEFF 		bl	HAL_NVIC_SetPriority
 225              	.LVL12:
 112:Src/stm32f1xx_hal_msp.c ****     HAL_NVIC_EnableIRQ(CAN1_TX_IRQn);
 226              		.loc 1 112 0
 227 0058 1320     		movs	r0, #19
 228 005a FFF7FEFF 		bl	HAL_NVIC_EnableIRQ
 229              	.LVL13:
 113:Src/stm32f1xx_hal_msp.c ****     HAL_NVIC_SetPriority(CAN1_RX0_IRQn, 0, 0);
 230              		.loc 1 113 0
 231 005e 2146     		mov	r1, r4
 232 0060 2246     		mov	r2, r4
 233 0062 1420     		movs	r0, #20
 234 0064 FFF7FEFF 		bl	HAL_NVIC_SetPriority
 235              	.LVL14:
 114:Src/stm32f1xx_hal_msp.c ****     HAL_NVIC_EnableIRQ(CAN1_RX0_IRQn);
 236              		.loc 1 114 0
 237 0068 1420     		movs	r0, #20
 238 006a FFF7FEFF 		bl	HAL_NVIC_EnableIRQ
 239              	.LVL15:
 115:Src/stm32f1xx_hal_msp.c ****     HAL_NVIC_SetPriority(CAN1_RX1_IRQn, 0, 0);
 240              		.loc 1 115 0
 241 006e 2146     		mov	r1, r4
 242 0070 2246     		mov	r2, r4
 243 0072 1520     		movs	r0, #21
 244 0074 FFF7FEFF 		bl	HAL_NVIC_SetPriority
 245              	.LVL16:
 116:Src/stm32f1xx_hal_msp.c ****     HAL_NVIC_EnableIRQ(CAN1_RX1_IRQn);
 246              		.loc 1 116 0
 247 0078 1520     		movs	r0, #21
 248 007a FFF7FEFF 		bl	HAL_NVIC_EnableIRQ
 249              	.LVL17:
 117:Src/stm32f1xx_hal_msp.c ****     HAL_NVIC_SetPriority(CAN1_SCE_IRQn, 0, 0);
 250              		.loc 1 117 0
 251 007e 2146     		mov	r1, r4
 252 0080 2246     		mov	r2, r4
 253 0082 1620     		movs	r0, #22
 254 0084 FFF7FEFF 		bl	HAL_NVIC_SetPriority
 255              	.LVL18:
 118:Src/stm32f1xx_hal_msp.c ****     HAL_NVIC_EnableIRQ(CAN1_SCE_IRQn);
 256              		.loc 1 118 0
 257 0088 1620     		movs	r0, #22
 258 008a FFF7FEFF 		bl	HAL_NVIC_EnableIRQ
 259              	.LVL19:
 119:Src/stm32f1xx_hal_msp.c ****   /* USER CODE BEGIN CAN1_MspInit 1 */
 120:Src/stm32f1xx_hal_msp.c **** 
 121:Src/stm32f1xx_hal_msp.c ****   /* USER CODE END CAN1_MspInit 1 */
 122:Src/stm32f1xx_hal_msp.c ****   }
 123:Src/stm32f1xx_hal_msp.c **** 
 124:Src/stm32f1xx_hal_msp.c **** }
 260              		.loc 1 124 0
 261 008e 07B0     		add	sp, sp, #28
 262              	.LCFI5:
ARM GAS  /tmp/ccwhDcMw.s 			page 8


 263              		.cfi_def_cfa_offset 12
 264              		@ sp needed
 265 0090 30BD     		pop	{r4, r5, pc}
 266              	.L12:
 267 0092 00BF     		.align	2
 268              	.L11:
 269 0094 00640040 		.word	1073767424
 270 0098 00080140 		.word	1073809408
 271              		.cfi_endproc
 272              	.LFE64:
 274              		.section	.text.HAL_CAN_MspDeInit,"ax",%progbits
 275              		.align	2
 276              		.global	HAL_CAN_MspDeInit
 277              		.thumb
 278              		.thumb_func
 280              	HAL_CAN_MspDeInit:
 281              	.LFB65:
 125:Src/stm32f1xx_hal_msp.c **** 
 126:Src/stm32f1xx_hal_msp.c **** void HAL_CAN_MspDeInit(CAN_HandleTypeDef* hcan)
 127:Src/stm32f1xx_hal_msp.c **** {
 282              		.loc 1 127 0
 283              		.cfi_startproc
 284              		@ args = 0, pretend = 0, frame = 0
 285              		@ frame_needed = 0, uses_anonymous_args = 0
 286              	.LVL20:
 287 0000 08B5     		push	{r3, lr}
 288              	.LCFI6:
 289              		.cfi_def_cfa_offset 8
 290              		.cfi_offset 3, -8
 291              		.cfi_offset 14, -4
 128:Src/stm32f1xx_hal_msp.c **** 
 129:Src/stm32f1xx_hal_msp.c ****   if(hcan->Instance==CAN1)
 292              		.loc 1 129 0
 293 0002 0268     		ldr	r2, [r0]
 294 0004 0D4B     		ldr	r3, .L17
 295 0006 9A42     		cmp	r2, r3
 296 0008 00D0     		beq	.L16
 297 000a 08BD     		pop	{r3, pc}
 298              	.L16:
 130:Src/stm32f1xx_hal_msp.c ****   {
 131:Src/stm32f1xx_hal_msp.c ****   /* USER CODE BEGIN CAN1_MspDeInit 0 */
 132:Src/stm32f1xx_hal_msp.c **** 
 133:Src/stm32f1xx_hal_msp.c ****   /* USER CODE END CAN1_MspDeInit 0 */
 134:Src/stm32f1xx_hal_msp.c ****     /* Peripheral clock disable */
 135:Src/stm32f1xx_hal_msp.c ****     __HAL_RCC_CAN1_CLK_DISABLE();
 299              		.loc 1 135 0
 300 000c 0C4A     		ldr	r2, .L17+4
 136:Src/stm32f1xx_hal_msp.c ****   
 137:Src/stm32f1xx_hal_msp.c ****     /**CAN1 GPIO Configuration    
 138:Src/stm32f1xx_hal_msp.c ****     PA11     ------> CAN1_RX
 139:Src/stm32f1xx_hal_msp.c ****     PA12     ------> CAN1_TX 
 140:Src/stm32f1xx_hal_msp.c ****     */
 141:Src/stm32f1xx_hal_msp.c ****     HAL_GPIO_DeInit(GPIOA, GPIO_PIN_11|GPIO_PIN_12);
 301              		.loc 1 141 0
 302 000e 4FF4C051 		mov	r1, #6144
 135:Src/stm32f1xx_hal_msp.c ****   
 303              		.loc 1 135 0
ARM GAS  /tmp/ccwhDcMw.s 			page 9


 304 0012 D369     		ldr	r3, [r2, #28]
 305              		.loc 1 141 0
 306 0014 0B48     		ldr	r0, .L17+8
 307              	.LVL21:
 135:Src/stm32f1xx_hal_msp.c ****   
 308              		.loc 1 135 0
 309 0016 23F00073 		bic	r3, r3, #33554432
 310 001a D361     		str	r3, [r2, #28]
 311              		.loc 1 141 0
 312 001c FFF7FEFF 		bl	HAL_GPIO_DeInit
 313              	.LVL22:
 142:Src/stm32f1xx_hal_msp.c **** 
 143:Src/stm32f1xx_hal_msp.c ****     /* CAN1 interrupt DeInit */
 144:Src/stm32f1xx_hal_msp.c ****     HAL_NVIC_DisableIRQ(CAN1_TX_IRQn);
 314              		.loc 1 144 0
 315 0020 1320     		movs	r0, #19
 316 0022 FFF7FEFF 		bl	HAL_NVIC_DisableIRQ
 317              	.LVL23:
 145:Src/stm32f1xx_hal_msp.c ****     HAL_NVIC_DisableIRQ(CAN1_RX0_IRQn);
 318              		.loc 1 145 0
 319 0026 1420     		movs	r0, #20
 320 0028 FFF7FEFF 		bl	HAL_NVIC_DisableIRQ
 321              	.LVL24:
 146:Src/stm32f1xx_hal_msp.c ****     HAL_NVIC_DisableIRQ(CAN1_RX1_IRQn);
 322              		.loc 1 146 0
 323 002c 1520     		movs	r0, #21
 324 002e FFF7FEFF 		bl	HAL_NVIC_DisableIRQ
 325              	.LVL25:
 147:Src/stm32f1xx_hal_msp.c ****     HAL_NVIC_DisableIRQ(CAN1_SCE_IRQn);
 148:Src/stm32f1xx_hal_msp.c ****   /* USER CODE BEGIN CAN1_MspDeInit 1 */
 149:Src/stm32f1xx_hal_msp.c **** 
 150:Src/stm32f1xx_hal_msp.c ****   /* USER CODE END CAN1_MspDeInit 1 */
 151:Src/stm32f1xx_hal_msp.c ****   }
 152:Src/stm32f1xx_hal_msp.c **** 
 153:Src/stm32f1xx_hal_msp.c **** }
 326              		.loc 1 153 0
 327 0032 BDE80840 		pop	{r3, lr}
 328              	.LCFI7:
 329              		.cfi_restore 14
 330              		.cfi_restore 3
 331              		.cfi_def_cfa_offset 0
 147:Src/stm32f1xx_hal_msp.c ****     HAL_NVIC_DisableIRQ(CAN1_SCE_IRQn);
 332              		.loc 1 147 0
 333 0036 1620     		movs	r0, #22
 334 0038 FFF7FEBF 		b	HAL_NVIC_DisableIRQ
 335              	.LVL26:
 336              	.L18:
 337              		.align	2
 338              	.L17:
 339 003c 00640040 		.word	1073767424
 340 0040 00100240 		.word	1073876992
 341 0044 00080140 		.word	1073809408
 342              		.cfi_endproc
 343              	.LFE65:
 345              		.section	.text.HAL_I2C_MspInit,"ax",%progbits
 346              		.align	2
 347              		.global	HAL_I2C_MspInit
ARM GAS  /tmp/ccwhDcMw.s 			page 10


 348              		.thumb
 349              		.thumb_func
 351              	HAL_I2C_MspInit:
 352              	.LFB66:
 154:Src/stm32f1xx_hal_msp.c **** 
 155:Src/stm32f1xx_hal_msp.c **** void HAL_I2C_MspInit(I2C_HandleTypeDef* hi2c)
 156:Src/stm32f1xx_hal_msp.c **** {
 353              		.loc 1 156 0
 354              		.cfi_startproc
 355              		@ args = 0, pretend = 0, frame = 24
 356              		@ frame_needed = 0, uses_anonymous_args = 0
 357              	.LVL27:
 157:Src/stm32f1xx_hal_msp.c **** 
 158:Src/stm32f1xx_hal_msp.c ****   GPIO_InitTypeDef GPIO_InitStruct;
 159:Src/stm32f1xx_hal_msp.c ****   if(hi2c->Instance==I2C1)
 358              		.loc 1 159 0
 359 0000 0268     		ldr	r2, [r0]
 360 0002 124B     		ldr	r3, .L24
 361 0004 9A42     		cmp	r2, r3
 362 0006 00D0     		beq	.L23
 363 0008 7047     		bx	lr
 364              	.L23:
 156:Src/stm32f1xx_hal_msp.c **** 
 365              		.loc 1 156 0
 366 000a 10B5     		push	{r4, lr}
 367              	.LCFI8:
 368              		.cfi_def_cfa_offset 8
 369              		.cfi_offset 4, -8
 370              		.cfi_offset 14, -4
 371 000c 86B0     		sub	sp, sp, #24
 372              	.LCFI9:
 373              		.cfi_def_cfa_offset 32
 160:Src/stm32f1xx_hal_msp.c ****   {
 161:Src/stm32f1xx_hal_msp.c ****   /* USER CODE BEGIN I2C1_MspInit 0 */
 162:Src/stm32f1xx_hal_msp.c **** 
 163:Src/stm32f1xx_hal_msp.c ****   /* USER CODE END I2C1_MspInit 0 */
 164:Src/stm32f1xx_hal_msp.c ****   
 165:Src/stm32f1xx_hal_msp.c ****     /**I2C1 GPIO Configuration    
 166:Src/stm32f1xx_hal_msp.c ****     PB6     ------> I2C1_SCL
 167:Src/stm32f1xx_hal_msp.c ****     PB7     ------> I2C1_SDA 
 168:Src/stm32f1xx_hal_msp.c ****     */
 169:Src/stm32f1xx_hal_msp.c ****     GPIO_InitStruct.Pin = GPIO_PIN_6|GPIO_PIN_7;
 170:Src/stm32f1xx_hal_msp.c ****     GPIO_InitStruct.Mode = GPIO_MODE_AF_OD;
 374              		.loc 1 170 0
 375 000e 1222     		movs	r2, #18
 171:Src/stm32f1xx_hal_msp.c ****     GPIO_InitStruct.Speed = GPIO_SPEED_FREQ_HIGH;
 376              		.loc 1 171 0
 377 0010 0323     		movs	r3, #3
 172:Src/stm32f1xx_hal_msp.c ****     HAL_GPIO_Init(GPIOB, &GPIO_InitStruct);
 378              		.loc 1 172 0
 379 0012 02A9     		add	r1, sp, #8
 169:Src/stm32f1xx_hal_msp.c ****     GPIO_InitStruct.Mode = GPIO_MODE_AF_OD;
 380              		.loc 1 169 0
 381 0014 C024     		movs	r4, #192
 382              		.loc 1 172 0
 383 0016 0E48     		ldr	r0, .L24+4
 384              	.LVL28:
ARM GAS  /tmp/ccwhDcMw.s 			page 11


 170:Src/stm32f1xx_hal_msp.c ****     GPIO_InitStruct.Speed = GPIO_SPEED_FREQ_HIGH;
 385              		.loc 1 170 0
 386 0018 0392     		str	r2, [sp, #12]
 171:Src/stm32f1xx_hal_msp.c ****     HAL_GPIO_Init(GPIOB, &GPIO_InitStruct);
 387              		.loc 1 171 0
 388 001a 0593     		str	r3, [sp, #20]
 169:Src/stm32f1xx_hal_msp.c ****     GPIO_InitStruct.Mode = GPIO_MODE_AF_OD;
 389              		.loc 1 169 0
 390 001c 0294     		str	r4, [sp, #8]
 391              		.loc 1 172 0
 392 001e FFF7FEFF 		bl	HAL_GPIO_Init
 393              	.LVL29:
 394              	.LBB11:
 173:Src/stm32f1xx_hal_msp.c **** 
 174:Src/stm32f1xx_hal_msp.c ****     /* Peripheral clock enable */
 175:Src/stm32f1xx_hal_msp.c ****     __HAL_RCC_I2C1_CLK_ENABLE();
 395              		.loc 1 175 0
 396 0022 0C4B     		ldr	r3, .L24+8
 397              	.LBE11:
 176:Src/stm32f1xx_hal_msp.c ****     /* I2C1 interrupt Init */
 177:Src/stm32f1xx_hal_msp.c ****     HAL_NVIC_SetPriority(I2C1_EV_IRQn, 0, 0);
 398              		.loc 1 177 0
 399 0024 0021     		movs	r1, #0
 400              	.LBB12:
 175:Src/stm32f1xx_hal_msp.c ****     /* I2C1 interrupt Init */
 401              		.loc 1 175 0
 402 0026 D869     		ldr	r0, [r3, #28]
 403              	.LBE12:
 404              		.loc 1 177 0
 405 0028 0A46     		mov	r2, r1
 406              	.LBB13:
 175:Src/stm32f1xx_hal_msp.c ****     /* I2C1 interrupt Init */
 407              		.loc 1 175 0
 408 002a 40F40010 		orr	r0, r0, #2097152
 409 002e D861     		str	r0, [r3, #28]
 410 0030 DB69     		ldr	r3, [r3, #28]
 411              	.LBE13:
 412              		.loc 1 177 0
 413 0032 1F20     		movs	r0, #31
 414              	.LBB14:
 175:Src/stm32f1xx_hal_msp.c ****     /* I2C1 interrupt Init */
 415              		.loc 1 175 0
 416 0034 03F40013 		and	r3, r3, #2097152
 417 0038 0193     		str	r3, [sp, #4]
 418 003a 019B     		ldr	r3, [sp, #4]
 419              	.LBE14:
 420              		.loc 1 177 0
 421 003c FFF7FEFF 		bl	HAL_NVIC_SetPriority
 422              	.LVL30:
 178:Src/stm32f1xx_hal_msp.c ****     HAL_NVIC_EnableIRQ(I2C1_EV_IRQn);
 423              		.loc 1 178 0
 424 0040 1F20     		movs	r0, #31
 425 0042 FFF7FEFF 		bl	HAL_NVIC_EnableIRQ
 426              	.LVL31:
 179:Src/stm32f1xx_hal_msp.c ****   /* USER CODE BEGIN I2C1_MspInit 1 */
 180:Src/stm32f1xx_hal_msp.c **** 
 181:Src/stm32f1xx_hal_msp.c ****   /* USER CODE END I2C1_MspInit 1 */
ARM GAS  /tmp/ccwhDcMw.s 			page 12


 182:Src/stm32f1xx_hal_msp.c ****   }
 183:Src/stm32f1xx_hal_msp.c **** 
 184:Src/stm32f1xx_hal_msp.c **** }
 427              		.loc 1 184 0
 428 0046 06B0     		add	sp, sp, #24
 429              	.LCFI10:
 430              		.cfi_def_cfa_offset 8
 431              		@ sp needed
 432 0048 10BD     		pop	{r4, pc}
 433              	.L25:
 434 004a 00BF     		.align	2
 435              	.L24:
 436 004c 00540040 		.word	1073763328
 437 0050 000C0140 		.word	1073810432
 438 0054 00100240 		.word	1073876992
 439              		.cfi_endproc
 440              	.LFE66:
 442              		.section	.text.HAL_I2C_MspDeInit,"ax",%progbits
 443              		.align	2
 444              		.global	HAL_I2C_MspDeInit
 445              		.thumb
 446              		.thumb_func
 448              	HAL_I2C_MspDeInit:
 449              	.LFB67:
 185:Src/stm32f1xx_hal_msp.c **** 
 186:Src/stm32f1xx_hal_msp.c **** void HAL_I2C_MspDeInit(I2C_HandleTypeDef* hi2c)
 187:Src/stm32f1xx_hal_msp.c **** {
 450              		.loc 1 187 0
 451              		.cfi_startproc
 452              		@ args = 0, pretend = 0, frame = 0
 453              		@ frame_needed = 0, uses_anonymous_args = 0
 454              	.LVL32:
 455 0000 08B5     		push	{r3, lr}
 456              	.LCFI11:
 457              		.cfi_def_cfa_offset 8
 458              		.cfi_offset 3, -8
 459              		.cfi_offset 14, -4
 188:Src/stm32f1xx_hal_msp.c **** 
 189:Src/stm32f1xx_hal_msp.c ****   if(hi2c->Instance==I2C1)
 460              		.loc 1 189 0
 461 0002 0268     		ldr	r2, [r0]
 462 0004 084B     		ldr	r3, .L30
 463 0006 9A42     		cmp	r2, r3
 464 0008 00D0     		beq	.L29
 465 000a 08BD     		pop	{r3, pc}
 466              	.L29:
 190:Src/stm32f1xx_hal_msp.c ****   {
 191:Src/stm32f1xx_hal_msp.c ****   /* USER CODE BEGIN I2C1_MspDeInit 0 */
 192:Src/stm32f1xx_hal_msp.c **** 
 193:Src/stm32f1xx_hal_msp.c ****   /* USER CODE END I2C1_MspDeInit 0 */
 194:Src/stm32f1xx_hal_msp.c ****     /* Peripheral clock disable */
 195:Src/stm32f1xx_hal_msp.c ****     __HAL_RCC_I2C1_CLK_DISABLE();
 467              		.loc 1 195 0
 468 000c 074A     		ldr	r2, .L30+4
 196:Src/stm32f1xx_hal_msp.c ****   
 197:Src/stm32f1xx_hal_msp.c ****     /**I2C1 GPIO Configuration    
 198:Src/stm32f1xx_hal_msp.c ****     PB6     ------> I2C1_SCL
ARM GAS  /tmp/ccwhDcMw.s 			page 13


 199:Src/stm32f1xx_hal_msp.c ****     PB7     ------> I2C1_SDA 
 200:Src/stm32f1xx_hal_msp.c ****     */
 201:Src/stm32f1xx_hal_msp.c ****     HAL_GPIO_DeInit(GPIOB, GPIO_PIN_6|GPIO_PIN_7);
 469              		.loc 1 201 0
 470 000e 0848     		ldr	r0, .L30+8
 471              	.LVL33:
 195:Src/stm32f1xx_hal_msp.c ****   
 472              		.loc 1 195 0
 473 0010 D369     		ldr	r3, [r2, #28]
 474              		.loc 1 201 0
 475 0012 C021     		movs	r1, #192
 195:Src/stm32f1xx_hal_msp.c ****   
 476              		.loc 1 195 0
 477 0014 23F40013 		bic	r3, r3, #2097152
 478 0018 D361     		str	r3, [r2, #28]
 479              		.loc 1 201 0
 480 001a FFF7FEFF 		bl	HAL_GPIO_DeInit
 481              	.LVL34:
 202:Src/stm32f1xx_hal_msp.c **** 
 203:Src/stm32f1xx_hal_msp.c ****     /* I2C1 interrupt DeInit */
 204:Src/stm32f1xx_hal_msp.c ****     HAL_NVIC_DisableIRQ(I2C1_EV_IRQn);
 205:Src/stm32f1xx_hal_msp.c ****   /* USER CODE BEGIN I2C1_MspDeInit 1 */
 206:Src/stm32f1xx_hal_msp.c **** 
 207:Src/stm32f1xx_hal_msp.c ****   /* USER CODE END I2C1_MspDeInit 1 */
 208:Src/stm32f1xx_hal_msp.c ****   }
 209:Src/stm32f1xx_hal_msp.c **** 
 210:Src/stm32f1xx_hal_msp.c **** }
 482              		.loc 1 210 0
 483 001e BDE80840 		pop	{r3, lr}
 484              	.LCFI12:
 485              		.cfi_restore 14
 486              		.cfi_restore 3
 487              		.cfi_def_cfa_offset 0
 204:Src/stm32f1xx_hal_msp.c ****   /* USER CODE BEGIN I2C1_MspDeInit 1 */
 488              		.loc 1 204 0
 489 0022 1F20     		movs	r0, #31
 490 0024 FFF7FEBF 		b	HAL_NVIC_DisableIRQ
 491              	.LVL35:
 492              	.L31:
 493              		.align	2
 494              	.L30:
 495 0028 00540040 		.word	1073763328
 496 002c 00100240 		.word	1073876992
 497 0030 000C0140 		.word	1073810432
 498              		.cfi_endproc
 499              	.LFE67:
 501              		.section	.text.HAL_UART_MspInit,"ax",%progbits
 502              		.align	2
 503              		.global	HAL_UART_MspInit
 504              		.thumb
 505              		.thumb_func
 507              	HAL_UART_MspInit:
 508              	.LFB68:
 211:Src/stm32f1xx_hal_msp.c **** 
 212:Src/stm32f1xx_hal_msp.c **** void HAL_UART_MspInit(UART_HandleTypeDef* huart)
 213:Src/stm32f1xx_hal_msp.c **** {
 509              		.loc 1 213 0
ARM GAS  /tmp/ccwhDcMw.s 			page 14


 510              		.cfi_startproc
 511              		@ args = 0, pretend = 0, frame = 24
 512              		@ frame_needed = 0, uses_anonymous_args = 0
 513              	.LVL36:
 214:Src/stm32f1xx_hal_msp.c **** 
 215:Src/stm32f1xx_hal_msp.c ****   GPIO_InitTypeDef GPIO_InitStruct;
 216:Src/stm32f1xx_hal_msp.c ****   if(huart->Instance==USART1)
 514              		.loc 1 216 0
 515 0000 0268     		ldr	r2, [r0]
 516 0002 144B     		ldr	r3, .L37
 517 0004 9A42     		cmp	r2, r3
 518 0006 00D0     		beq	.L36
 519 0008 7047     		bx	lr
 520              	.L36:
 521              	.LBB15:
 217:Src/stm32f1xx_hal_msp.c ****   {
 218:Src/stm32f1xx_hal_msp.c ****   /* USER CODE BEGIN USART1_MspInit 0 */
 219:Src/stm32f1xx_hal_msp.c **** 
 220:Src/stm32f1xx_hal_msp.c ****   /* USER CODE END USART1_MspInit 0 */
 221:Src/stm32f1xx_hal_msp.c ****     /* Peripheral clock enable */
 222:Src/stm32f1xx_hal_msp.c ****     __HAL_RCC_USART1_CLK_ENABLE();
 522              		.loc 1 222 0
 523 000a 03F55843 		add	r3, r3, #55296
 524 000e 9A69     		ldr	r2, [r3, #24]
 525              	.LBE15:
 213:Src/stm32f1xx_hal_msp.c **** 
 526              		.loc 1 213 0
 527 0010 30B5     		push	{r4, r5, lr}
 528              	.LCFI13:
 529              		.cfi_def_cfa_offset 12
 530              		.cfi_offset 4, -12
 531              		.cfi_offset 5, -8
 532              		.cfi_offset 14, -4
 533              	.LBB16:
 534              		.loc 1 222 0
 535 0012 42F48042 		orr	r2, r2, #16384
 536 0016 9A61     		str	r2, [r3, #24]
 537 0018 9B69     		ldr	r3, [r3, #24]
 538              	.LBE16:
 213:Src/stm32f1xx_hal_msp.c **** 
 539              		.loc 1 213 0
 540 001a 87B0     		sub	sp, sp, #28
 541              	.LCFI14:
 542              		.cfi_def_cfa_offset 40
 543              	.LBB17:
 544              		.loc 1 222 0
 545 001c 03F48043 		and	r3, r3, #16384
 546 0020 0193     		str	r3, [sp, #4]
 547              	.LBE17:
 223:Src/stm32f1xx_hal_msp.c ****   
 224:Src/stm32f1xx_hal_msp.c ****     /**USART1 GPIO Configuration    
 225:Src/stm32f1xx_hal_msp.c ****     PA9     ------> USART1_TX
 226:Src/stm32f1xx_hal_msp.c ****     PA10     ------> USART1_RX 
 227:Src/stm32f1xx_hal_msp.c ****     */
 228:Src/stm32f1xx_hal_msp.c ****     GPIO_InitStruct.Pin = GPIO_PIN_9;
 229:Src/stm32f1xx_hal_msp.c ****     GPIO_InitStruct.Mode = GPIO_MODE_AF_PP;
 230:Src/stm32f1xx_hal_msp.c ****     GPIO_InitStruct.Speed = GPIO_SPEED_FREQ_HIGH;
ARM GAS  /tmp/ccwhDcMw.s 			page 15


 231:Src/stm32f1xx_hal_msp.c ****     HAL_GPIO_Init(GPIOA, &GPIO_InitStruct);
 548              		.loc 1 231 0
 549 0022 02A9     		add	r1, sp, #8
 229:Src/stm32f1xx_hal_msp.c ****     GPIO_InitStruct.Speed = GPIO_SPEED_FREQ_HIGH;
 550              		.loc 1 229 0
 551 0024 0222     		movs	r2, #2
 230:Src/stm32f1xx_hal_msp.c ****     HAL_GPIO_Init(GPIOA, &GPIO_InitStruct);
 552              		.loc 1 230 0
 553 0026 0323     		movs	r3, #3
 228:Src/stm32f1xx_hal_msp.c ****     GPIO_InitStruct.Mode = GPIO_MODE_AF_PP;
 554              		.loc 1 228 0
 555 0028 4FF40074 		mov	r4, #512
 556              		.loc 1 231 0
 557 002c 0A48     		ldr	r0, .L37+4
 558              	.LVL37:
 229:Src/stm32f1xx_hal_msp.c ****     GPIO_InitStruct.Speed = GPIO_SPEED_FREQ_HIGH;
 559              		.loc 1 229 0
 560 002e 0392     		str	r2, [sp, #12]
 230:Src/stm32f1xx_hal_msp.c ****     HAL_GPIO_Init(GPIOA, &GPIO_InitStruct);
 561              		.loc 1 230 0
 562 0030 0593     		str	r3, [sp, #20]
 563              	.LBB18:
 222:Src/stm32f1xx_hal_msp.c ****   
 564              		.loc 1 222 0
 565 0032 019D     		ldr	r5, [sp, #4]
 566              	.LBE18:
 228:Src/stm32f1xx_hal_msp.c ****     GPIO_InitStruct.Mode = GPIO_MODE_AF_PP;
 567              		.loc 1 228 0
 568 0034 0294     		str	r4, [sp, #8]
 569              		.loc 1 231 0
 570 0036 FFF7FEFF 		bl	HAL_GPIO_Init
 571              	.LVL38:
 232:Src/stm32f1xx_hal_msp.c **** 
 233:Src/stm32f1xx_hal_msp.c ****     GPIO_InitStruct.Pin = GPIO_PIN_10;
 234:Src/stm32f1xx_hal_msp.c ****     GPIO_InitStruct.Mode = GPIO_MODE_INPUT;
 572              		.loc 1 234 0
 573 003a 0023     		movs	r3, #0
 233:Src/stm32f1xx_hal_msp.c ****     GPIO_InitStruct.Mode = GPIO_MODE_INPUT;
 574              		.loc 1 233 0
 575 003c 4FF48062 		mov	r2, #1024
 235:Src/stm32f1xx_hal_msp.c ****     GPIO_InitStruct.Pull = GPIO_NOPULL;
 236:Src/stm32f1xx_hal_msp.c ****     HAL_GPIO_Init(GPIOA, &GPIO_InitStruct);
 576              		.loc 1 236 0
 577 0040 02A9     		add	r1, sp, #8
 578 0042 0548     		ldr	r0, .L37+4
 233:Src/stm32f1xx_hal_msp.c ****     GPIO_InitStruct.Mode = GPIO_MODE_INPUT;
 579              		.loc 1 233 0
 580 0044 0292     		str	r2, [sp, #8]
 234:Src/stm32f1xx_hal_msp.c ****     GPIO_InitStruct.Pull = GPIO_NOPULL;
 581              		.loc 1 234 0
 582 0046 0393     		str	r3, [sp, #12]
 235:Src/stm32f1xx_hal_msp.c ****     GPIO_InitStruct.Pull = GPIO_NOPULL;
 583              		.loc 1 235 0
 584 0048 0493     		str	r3, [sp, #16]
 585              		.loc 1 236 0
 586 004a FFF7FEFF 		bl	HAL_GPIO_Init
 587              	.LVL39:
ARM GAS  /tmp/ccwhDcMw.s 			page 16


 237:Src/stm32f1xx_hal_msp.c **** 
 238:Src/stm32f1xx_hal_msp.c ****   /* USER CODE BEGIN USART1_MspInit 1 */
 239:Src/stm32f1xx_hal_msp.c **** 
 240:Src/stm32f1xx_hal_msp.c ****   /* USER CODE END USART1_MspInit 1 */
 241:Src/stm32f1xx_hal_msp.c ****   }
 242:Src/stm32f1xx_hal_msp.c **** 
 243:Src/stm32f1xx_hal_msp.c **** }
 588              		.loc 1 243 0
 589 004e 07B0     		add	sp, sp, #28
 590              	.LCFI15:
 591              		.cfi_def_cfa_offset 12
 592              		@ sp needed
 593 0050 30BD     		pop	{r4, r5, pc}
 594              	.L38:
 595 0052 00BF     		.align	2
 596              	.L37:
 597 0054 00380140 		.word	1073821696
 598 0058 00080140 		.word	1073809408
 599              		.cfi_endproc
 600              	.LFE68:
 602              		.section	.text.HAL_UART_MspDeInit,"ax",%progbits
 603              		.align	2
 604              		.global	HAL_UART_MspDeInit
 605              		.thumb
 606              		.thumb_func
 608              	HAL_UART_MspDeInit:
 609              	.LFB69:
 244:Src/stm32f1xx_hal_msp.c **** 
 245:Src/stm32f1xx_hal_msp.c **** void HAL_UART_MspDeInit(UART_HandleTypeDef* huart)
 246:Src/stm32f1xx_hal_msp.c **** {
 610              		.loc 1 246 0
 611              		.cfi_startproc
 612              		@ args = 0, pretend = 0, frame = 0
 613              		@ frame_needed = 0, uses_anonymous_args = 0
 614              		@ link register save eliminated.
 615              	.LVL40:
 247:Src/stm32f1xx_hal_msp.c **** 
 248:Src/stm32f1xx_hal_msp.c ****   if(huart->Instance==USART1)
 616              		.loc 1 248 0
 617 0000 0268     		ldr	r2, [r0]
 618 0002 074B     		ldr	r3, .L42
 619 0004 9A42     		cmp	r2, r3
 620 0006 00D0     		beq	.L41
 621 0008 7047     		bx	lr
 622              	.L41:
 249:Src/stm32f1xx_hal_msp.c ****   {
 250:Src/stm32f1xx_hal_msp.c ****   /* USER CODE BEGIN USART1_MspDeInit 0 */
 251:Src/stm32f1xx_hal_msp.c **** 
 252:Src/stm32f1xx_hal_msp.c ****   /* USER CODE END USART1_MspDeInit 0 */
 253:Src/stm32f1xx_hal_msp.c ****     /* Peripheral clock disable */
 254:Src/stm32f1xx_hal_msp.c ****     __HAL_RCC_USART1_CLK_DISABLE();
 623              		.loc 1 254 0
 624 000a 064A     		ldr	r2, .L42+4
 255:Src/stm32f1xx_hal_msp.c ****   
 256:Src/stm32f1xx_hal_msp.c ****     /**USART1 GPIO Configuration    
 257:Src/stm32f1xx_hal_msp.c ****     PA9     ------> USART1_TX
 258:Src/stm32f1xx_hal_msp.c ****     PA10     ------> USART1_RX 
ARM GAS  /tmp/ccwhDcMw.s 			page 17


 259:Src/stm32f1xx_hal_msp.c ****     */
 260:Src/stm32f1xx_hal_msp.c ****     HAL_GPIO_DeInit(GPIOA, GPIO_PIN_9|GPIO_PIN_10);
 625              		.loc 1 260 0
 626 000c 0648     		ldr	r0, .L42+8
 627              	.LVL41:
 254:Src/stm32f1xx_hal_msp.c ****   
 628              		.loc 1 254 0
 629 000e 9369     		ldr	r3, [r2, #24]
 630              		.loc 1 260 0
 631 0010 4FF4C061 		mov	r1, #1536
 254:Src/stm32f1xx_hal_msp.c ****   
 632              		.loc 1 254 0
 633 0014 23F48043 		bic	r3, r3, #16384
 634 0018 9361     		str	r3, [r2, #24]
 635              		.loc 1 260 0
 636 001a FFF7FEBF 		b	HAL_GPIO_DeInit
 637              	.LVL42:
 638              	.L43:
 639 001e 00BF     		.align	2
 640              	.L42:
 641 0020 00380140 		.word	1073821696
 642 0024 00100240 		.word	1073876992
 643 0028 00080140 		.word	1073809408
 644              		.cfi_endproc
 645              	.LFE69:
 647              		.text
 648              	.Letext0:
 649              		.file 2 "Drivers/CMSIS/Device/ST/STM32F1xx/Include/stm32f105xc.h"
 650              		.file 3 "/usr/include/newlib/machine/_default_types.h"
 651              		.file 4 "/usr/include/newlib/sys/_stdint.h"
 652              		.file 5 "Drivers/STM32F1xx_HAL_Driver/Inc/stm32f1xx_hal_def.h"
 653              		.file 6 "Drivers/STM32F1xx_HAL_Driver/Inc/stm32f1xx_hal_gpio.h"
 654              		.file 7 "Drivers/STM32F1xx_HAL_Driver/Inc/stm32f1xx_hal_dma.h"
 655              		.file 8 "Drivers/STM32F1xx_HAL_Driver/Inc/stm32f1xx_hal_can.h"
 656              		.file 9 "Drivers/STM32F1xx_HAL_Driver/Inc/stm32f1xx_hal_i2c.h"
 657              		.file 10 "Drivers/STM32F1xx_HAL_Driver/Inc/stm32f1xx_hal_uart.h"
 658              		.file 11 "Drivers/STM32F1xx_HAL_Driver/Inc/stm32f1xx_hal_cortex.h"
 659              		.file 12 "Drivers/CMSIS/Include/core_cm3.h"
ARM GAS  /tmp/ccwhDcMw.s 			page 18


DEFINED SYMBOLS
                            *ABS*:0000000000000000 stm32f1xx_hal_msp.c
     /tmp/ccwhDcMw.s:19     .text.HAL_MspInit:0000000000000000 $t
     /tmp/ccwhDcMw.s:24     .text.HAL_MspInit:0000000000000000 HAL_MspInit
     /tmp/ccwhDcMw.s:124    .text.HAL_MspInit:000000000000008c $d
     /tmp/ccwhDcMw.s:130    .text.HAL_CAN_MspInit:0000000000000000 $t
     /tmp/ccwhDcMw.s:135    .text.HAL_CAN_MspInit:0000000000000000 HAL_CAN_MspInit
     /tmp/ccwhDcMw.s:269    .text.HAL_CAN_MspInit:0000000000000094 $d
     /tmp/ccwhDcMw.s:275    .text.HAL_CAN_MspDeInit:0000000000000000 $t
     /tmp/ccwhDcMw.s:280    .text.HAL_CAN_MspDeInit:0000000000000000 HAL_CAN_MspDeInit
     /tmp/ccwhDcMw.s:339    .text.HAL_CAN_MspDeInit:000000000000003c $d
     /tmp/ccwhDcMw.s:346    .text.HAL_I2C_MspInit:0000000000000000 $t
     /tmp/ccwhDcMw.s:351    .text.HAL_I2C_MspInit:0000000000000000 HAL_I2C_MspInit
     /tmp/ccwhDcMw.s:436    .text.HAL_I2C_MspInit:000000000000004c $d
     /tmp/ccwhDcMw.s:443    .text.HAL_I2C_MspDeInit:0000000000000000 $t
     /tmp/ccwhDcMw.s:448    .text.HAL_I2C_MspDeInit:0000000000000000 HAL_I2C_MspDeInit
     /tmp/ccwhDcMw.s:495    .text.HAL_I2C_MspDeInit:0000000000000028 $d
     /tmp/ccwhDcMw.s:502    .text.HAL_UART_MspInit:0000000000000000 $t
     /tmp/ccwhDcMw.s:507    .text.HAL_UART_MspInit:0000000000000000 HAL_UART_MspInit
     /tmp/ccwhDcMw.s:597    .text.HAL_UART_MspInit:0000000000000054 $d
     /tmp/ccwhDcMw.s:603    .text.HAL_UART_MspDeInit:0000000000000000 $t
     /tmp/ccwhDcMw.s:608    .text.HAL_UART_MspDeInit:0000000000000000 HAL_UART_MspDeInit
     /tmp/ccwhDcMw.s:641    .text.HAL_UART_MspDeInit:0000000000000020 $d
                     .debug_frame:0000000000000010 $d

UNDEFINED SYMBOLS
HAL_NVIC_SetPriorityGrouping
HAL_NVIC_SetPriority
HAL_GPIO_Init
HAL_NVIC_EnableIRQ
HAL_GPIO_DeInit
HAL_NVIC_DisableIRQ
