ARM GAS  /tmp/ccoTcbY8.s 			page 1


   1              		.syntax unified
   2              		.cpu cortex-m3
   3              		.fpu softvfp
   4              		.eabi_attribute 20, 1
   5              		.eabi_attribute 21, 1
   6              		.eabi_attribute 23, 3
   7              		.eabi_attribute 24, 1
   8              		.eabi_attribute 25, 1
   9              		.eabi_attribute 26, 1
  10              		.eabi_attribute 30, 1
  11              		.eabi_attribute 34, 1
  12              		.eabi_attribute 18, 4
  13              		.thumb
  14              		.file	"stm32f1xx_hal_msp.c"
  15              		.text
  16              	.Ltext0:
  17              		.cfi_sections	.debug_frame
  18              		.section	.text.HAL_MspInit,"ax",%progbits
  19              		.align	2
  20              		.global	HAL_MspInit
  21              		.thumb
  22              		.thumb_func
  24              	HAL_MspInit:
  25              	.LFB63:
  26              		.file 1 "Src/stm32f1xx_hal_msp.c"
   1:Src/stm32f1xx_hal_msp.c **** /**
   2:Src/stm32f1xx_hal_msp.c ****   ******************************************************************************
   3:Src/stm32f1xx_hal_msp.c ****   * File Name          : stm32f1xx_hal_msp.c
   4:Src/stm32f1xx_hal_msp.c ****   * Description        : This file provides code for the MSP Initialization 
   5:Src/stm32f1xx_hal_msp.c ****   *                      and de-Initialization codes.
   6:Src/stm32f1xx_hal_msp.c ****   ******************************************************************************
   7:Src/stm32f1xx_hal_msp.c ****   ** This notice applies to any and all portions of this file
   8:Src/stm32f1xx_hal_msp.c ****   * that are not between comment pairs USER CODE BEGIN and
   9:Src/stm32f1xx_hal_msp.c ****   * USER CODE END. Other portions of this file, whether 
  10:Src/stm32f1xx_hal_msp.c ****   * inserted by the user or by software development tools
  11:Src/stm32f1xx_hal_msp.c ****   * are owned by their respective copyright owners.
  12:Src/stm32f1xx_hal_msp.c ****   *
  13:Src/stm32f1xx_hal_msp.c ****   * COPYRIGHT(c) 2018 STMicroelectronics
  14:Src/stm32f1xx_hal_msp.c ****   *
  15:Src/stm32f1xx_hal_msp.c ****   * Redistribution and use in source and binary forms, with or without modification,
  16:Src/stm32f1xx_hal_msp.c ****   * are permitted provided that the following conditions are met:
  17:Src/stm32f1xx_hal_msp.c ****   *   1. Redistributions of source code must retain the above copyright notice,
  18:Src/stm32f1xx_hal_msp.c ****   *      this list of conditions and the following disclaimer.
  19:Src/stm32f1xx_hal_msp.c ****   *   2. Redistributions in binary form must reproduce the above copyright notice,
  20:Src/stm32f1xx_hal_msp.c ****   *      this list of conditions and the following disclaimer in the documentation
  21:Src/stm32f1xx_hal_msp.c ****   *      and/or other materials provided with the distribution.
  22:Src/stm32f1xx_hal_msp.c ****   *   3. Neither the name of STMicroelectronics nor the names of its contributors
  23:Src/stm32f1xx_hal_msp.c ****   *      may be used to endorse or promote products derived from this software
  24:Src/stm32f1xx_hal_msp.c ****   *      without specific prior written permission.
  25:Src/stm32f1xx_hal_msp.c ****   *
  26:Src/stm32f1xx_hal_msp.c ****   * THIS SOFTWARE IS PROVIDED BY THE COPYRIGHT HOLDERS AND CONTRIBUTORS "AS IS"
  27:Src/stm32f1xx_hal_msp.c ****   * AND ANY EXPRESS OR IMPLIED WARRANTIES, INCLUDING, BUT NOT LIMITED TO, THE
  28:Src/stm32f1xx_hal_msp.c ****   * IMPLIED WARRANTIES OF MERCHANTABILITY AND FITNESS FOR A PARTICULAR PURPOSE ARE
  29:Src/stm32f1xx_hal_msp.c ****   * DISCLAIMED. IN NO EVENT SHALL THE COPYRIGHT HOLDER OR CONTRIBUTORS BE LIABLE
  30:Src/stm32f1xx_hal_msp.c ****   * FOR ANY DIRECT, INDIRECT, INCIDENTAL, SPECIAL, EXEMPLARY, OR CONSEQUENTIAL
  31:Src/stm32f1xx_hal_msp.c ****   * DAMAGES (INCLUDING, BUT NOT LIMITED TO, PROCUREMENT OF SUBSTITUTE GOODS OR
  32:Src/stm32f1xx_hal_msp.c ****   * SERVICES; LOSS OF USE, DATA, OR PROFITS; OR BUSINESS INTERRUPTION) HOWEVER
ARM GAS  /tmp/ccoTcbY8.s 			page 2


  33:Src/stm32f1xx_hal_msp.c ****   * CAUSED AND ON ANY THEORY OF LIABILITY, WHETHER IN CONTRACT, STRICT LIABILITY,
  34:Src/stm32f1xx_hal_msp.c ****   * OR TORT (INCLUDING NEGLIGENCE OR OTHERWISE) ARISING IN ANY WAY OUT OF THE USE
  35:Src/stm32f1xx_hal_msp.c ****   * OF THIS SOFTWARE, EVEN IF ADVISED OF THE POSSIBILITY OF SUCH DAMAGE.
  36:Src/stm32f1xx_hal_msp.c ****   *
  37:Src/stm32f1xx_hal_msp.c ****   ******************************************************************************
  38:Src/stm32f1xx_hal_msp.c ****   */
  39:Src/stm32f1xx_hal_msp.c **** /* Includes ------------------------------------------------------------------*/
  40:Src/stm32f1xx_hal_msp.c **** #include "stm32f1xx_hal.h"
  41:Src/stm32f1xx_hal_msp.c **** 
  42:Src/stm32f1xx_hal_msp.c **** extern void _Error_Handler(char *, int);
  43:Src/stm32f1xx_hal_msp.c **** /* USER CODE BEGIN 0 */
  44:Src/stm32f1xx_hal_msp.c **** 
  45:Src/stm32f1xx_hal_msp.c **** /* USER CODE END 0 */
  46:Src/stm32f1xx_hal_msp.c **** /**
  47:Src/stm32f1xx_hal_msp.c ****   * Initializes the Global MSP.
  48:Src/stm32f1xx_hal_msp.c ****   */
  49:Src/stm32f1xx_hal_msp.c **** void HAL_MspInit(void)
  50:Src/stm32f1xx_hal_msp.c **** {
  27              		.loc 1 50 0
  28              		.cfi_startproc
  29              		@ args = 0, pretend = 0, frame = 8
  30              		@ frame_needed = 0, uses_anonymous_args = 0
  31 0000 00B5     		push	{lr}
  32              	.LCFI0:
  33              		.cfi_def_cfa_offset 4
  34              		.cfi_offset 14, -4
  35 0002 83B0     		sub	sp, sp, #12
  36              	.LCFI1:
  37              		.cfi_def_cfa_offset 16
  38              	.LBB2:
  51:Src/stm32f1xx_hal_msp.c ****   /* USER CODE BEGIN MspInit 0 */
  52:Src/stm32f1xx_hal_msp.c **** 
  53:Src/stm32f1xx_hal_msp.c ****   /* USER CODE END MspInit 0 */
  54:Src/stm32f1xx_hal_msp.c **** 
  55:Src/stm32f1xx_hal_msp.c ****   __HAL_RCC_AFIO_CLK_ENABLE();
  39              		.loc 1 55 0
  40 0004 214B     		ldr	r3, .L3
  41 0006 9A69     		ldr	r2, [r3, #24]
  42 0008 42F00102 		orr	r2, r2, #1
  43 000c 9A61     		str	r2, [r3, #24]
  44 000e 9B69     		ldr	r3, [r3, #24]
  45 0010 03F00103 		and	r3, r3, #1
  46 0014 0193     		str	r3, [sp, #4]
  47 0016 019B     		ldr	r3, [sp, #4]
  48              	.LBE2:
  56:Src/stm32f1xx_hal_msp.c **** 
  57:Src/stm32f1xx_hal_msp.c ****   HAL_NVIC_SetPriorityGrouping(NVIC_PRIORITYGROUP_4);
  49              		.loc 1 57 0
  50 0018 0320     		movs	r0, #3
  51 001a FFF7FEFF 		bl	HAL_NVIC_SetPriorityGrouping
  52              	.LVL0:
  58:Src/stm32f1xx_hal_msp.c **** 
  59:Src/stm32f1xx_hal_msp.c ****   /* System interrupt init*/
  60:Src/stm32f1xx_hal_msp.c ****   /* MemoryManagement_IRQn interrupt configuration */
  61:Src/stm32f1xx_hal_msp.c ****   HAL_NVIC_SetPriority(MemoryManagement_IRQn, 0, 0);
  53              		.loc 1 61 0
  54 001e 6FF00B00 		mvn	r0, #11
ARM GAS  /tmp/ccoTcbY8.s 			page 3


  55 0022 0021     		movs	r1, #0
  56 0024 0A46     		mov	r2, r1
  57 0026 FFF7FEFF 		bl	HAL_NVIC_SetPriority
  58              	.LVL1:
  62:Src/stm32f1xx_hal_msp.c ****   /* BusFault_IRQn interrupt configuration */
  63:Src/stm32f1xx_hal_msp.c ****   HAL_NVIC_SetPriority(BusFault_IRQn, 0, 0);
  59              		.loc 1 63 0
  60 002a 6FF00A00 		mvn	r0, #10
  61 002e 0021     		movs	r1, #0
  62 0030 0A46     		mov	r2, r1
  63 0032 FFF7FEFF 		bl	HAL_NVIC_SetPriority
  64              	.LVL2:
  64:Src/stm32f1xx_hal_msp.c ****   /* UsageFault_IRQn interrupt configuration */
  65:Src/stm32f1xx_hal_msp.c ****   HAL_NVIC_SetPriority(UsageFault_IRQn, 0, 0);
  65              		.loc 1 65 0
  66 0036 6FF00900 		mvn	r0, #9
  67 003a 0021     		movs	r1, #0
  68 003c 0A46     		mov	r2, r1
  69 003e FFF7FEFF 		bl	HAL_NVIC_SetPriority
  70              	.LVL3:
  66:Src/stm32f1xx_hal_msp.c ****   /* SVCall_IRQn interrupt configuration */
  67:Src/stm32f1xx_hal_msp.c ****   HAL_NVIC_SetPriority(SVCall_IRQn, 0, 0);
  71              		.loc 1 67 0
  72 0042 6FF00400 		mvn	r0, #4
  73 0046 0021     		movs	r1, #0
  74 0048 0A46     		mov	r2, r1
  75 004a FFF7FEFF 		bl	HAL_NVIC_SetPriority
  76              	.LVL4:
  68:Src/stm32f1xx_hal_msp.c ****   /* DebugMonitor_IRQn interrupt configuration */
  69:Src/stm32f1xx_hal_msp.c ****   HAL_NVIC_SetPriority(DebugMonitor_IRQn, 0, 0);
  77              		.loc 1 69 0
  78 004e 6FF00300 		mvn	r0, #3
  79 0052 0021     		movs	r1, #0
  80 0054 0A46     		mov	r2, r1
  81 0056 FFF7FEFF 		bl	HAL_NVIC_SetPriority
  82              	.LVL5:
  70:Src/stm32f1xx_hal_msp.c ****   /* PendSV_IRQn interrupt configuration */
  71:Src/stm32f1xx_hal_msp.c ****   HAL_NVIC_SetPriority(PendSV_IRQn, 0, 0);
  83              		.loc 1 71 0
  84 005a 6FF00100 		mvn	r0, #1
  85 005e 0021     		movs	r1, #0
  86 0060 0A46     		mov	r2, r1
  87 0062 FFF7FEFF 		bl	HAL_NVIC_SetPriority
  88              	.LVL6:
  72:Src/stm32f1xx_hal_msp.c ****   /* SysTick_IRQn interrupt configuration */
  73:Src/stm32f1xx_hal_msp.c ****   HAL_NVIC_SetPriority(SysTick_IRQn, 0, 0);
  89              		.loc 1 73 0
  90 0066 4FF0FF30 		mov	r0, #-1
  91 006a 0021     		movs	r1, #0
  92 006c 0A46     		mov	r2, r1
  93 006e FFF7FEFF 		bl	HAL_NVIC_SetPriority
  94              	.LVL7:
  74:Src/stm32f1xx_hal_msp.c **** 
  75:Src/stm32f1xx_hal_msp.c ****     /**NOJTAG: JTAG-DP Disabled and SW-DP Enabled 
  76:Src/stm32f1xx_hal_msp.c ****     */
  77:Src/stm32f1xx_hal_msp.c ****   __HAL_AFIO_REMAP_SWJ_NOJTAG();
  95              		.loc 1 77 0
ARM GAS  /tmp/ccoTcbY8.s 			page 4


  96 0072 074B     		ldr	r3, .L3+4
  97 0074 5A68     		ldr	r2, [r3, #4]
  98 0076 22F0E062 		bic	r2, r2, #117440512
  99 007a 5A60     		str	r2, [r3, #4]
 100 007c 5A68     		ldr	r2, [r3, #4]
 101 007e 42F00072 		orr	r2, r2, #33554432
 102 0082 5A60     		str	r2, [r3, #4]
  78:Src/stm32f1xx_hal_msp.c **** 
  79:Src/stm32f1xx_hal_msp.c ****   /* USER CODE BEGIN MspInit 1 */
  80:Src/stm32f1xx_hal_msp.c **** 
  81:Src/stm32f1xx_hal_msp.c ****   /* USER CODE END MspInit 1 */
  82:Src/stm32f1xx_hal_msp.c **** }
 103              		.loc 1 82 0
 104 0084 03B0     		add	sp, sp, #12
 105              	.LCFI2:
 106              		.cfi_def_cfa_offset 4
 107              		@ sp needed
 108 0086 5DF804FB 		ldr	pc, [sp], #4
 109              	.L4:
 110 008a 00BF     		.align	2
 111              	.L3:
 112 008c 00100240 		.word	1073876992
 113 0090 00000140 		.word	1073807360
 114              		.cfi_endproc
 115              	.LFE63:
 117              		.section	.text.HAL_ADC_MspInit,"ax",%progbits
 118              		.align	2
 119              		.global	HAL_ADC_MspInit
 120              		.thumb
 121              		.thumb_func
 123              	HAL_ADC_MspInit:
 124              	.LFB64:
  83:Src/stm32f1xx_hal_msp.c **** 
  84:Src/stm32f1xx_hal_msp.c **** void HAL_ADC_MspInit(ADC_HandleTypeDef* hadc)
  85:Src/stm32f1xx_hal_msp.c **** {
 125              		.loc 1 85 0
 126              		.cfi_startproc
 127              		@ args = 0, pretend = 0, frame = 24
 128              		@ frame_needed = 0, uses_anonymous_args = 0
 129              	.LVL8:
  86:Src/stm32f1xx_hal_msp.c **** 
  87:Src/stm32f1xx_hal_msp.c ****   GPIO_InitTypeDef GPIO_InitStruct;
  88:Src/stm32f1xx_hal_msp.c ****   if(hadc->Instance==ADC1)
 130              		.loc 1 88 0
 131 0000 0268     		ldr	r2, [r0]
 132 0002 124B     		ldr	r3, .L9
 133 0004 9A42     		cmp	r2, r3
 134 0006 1FD1     		bne	.L8
  85:Src/stm32f1xx_hal_msp.c **** 
 135              		.loc 1 85 0
 136 0008 00B5     		push	{lr}
 137              	.LCFI3:
 138              		.cfi_def_cfa_offset 4
 139              		.cfi_offset 14, -4
 140 000a 87B0     		sub	sp, sp, #28
 141              	.LCFI4:
 142              		.cfi_def_cfa_offset 32
ARM GAS  /tmp/ccoTcbY8.s 			page 5


 143              	.LBB3:
  89:Src/stm32f1xx_hal_msp.c ****   {
  90:Src/stm32f1xx_hal_msp.c ****   /* USER CODE BEGIN ADC1_MspInit 0 */
  91:Src/stm32f1xx_hal_msp.c **** 
  92:Src/stm32f1xx_hal_msp.c ****   /* USER CODE END ADC1_MspInit 0 */
  93:Src/stm32f1xx_hal_msp.c ****     /* Peripheral clock enable */
  94:Src/stm32f1xx_hal_msp.c ****     __HAL_RCC_ADC1_CLK_ENABLE();
 144              		.loc 1 94 0
 145 000c 03F56C43 		add	r3, r3, #60416
 146 0010 9A69     		ldr	r2, [r3, #24]
 147 0012 42F40072 		orr	r2, r2, #512
 148 0016 9A61     		str	r2, [r3, #24]
 149 0018 9B69     		ldr	r3, [r3, #24]
 150 001a 03F40073 		and	r3, r3, #512
 151 001e 0193     		str	r3, [sp, #4]
 152 0020 019B     		ldr	r3, [sp, #4]
 153              	.LBE3:
  95:Src/stm32f1xx_hal_msp.c ****   
  96:Src/stm32f1xx_hal_msp.c ****     /**ADC1 GPIO Configuration    
  97:Src/stm32f1xx_hal_msp.c ****     PC0     ------> ADC1_IN10 
  98:Src/stm32f1xx_hal_msp.c ****     */
  99:Src/stm32f1xx_hal_msp.c ****     GPIO_InitStruct.Pin = GPIO_PIN_0;
 154              		.loc 1 99 0
 155 0022 0123     		movs	r3, #1
 156 0024 0293     		str	r3, [sp, #8]
 100:Src/stm32f1xx_hal_msp.c ****     GPIO_InitStruct.Mode = GPIO_MODE_ANALOG;
 157              		.loc 1 100 0
 158 0026 0323     		movs	r3, #3
 159 0028 0393     		str	r3, [sp, #12]
 101:Src/stm32f1xx_hal_msp.c ****     HAL_GPIO_Init(GPIOC, &GPIO_InitStruct);
 160              		.loc 1 101 0
 161 002a 0948     		ldr	r0, .L9+4
 162              	.LVL9:
 163 002c 02A9     		add	r1, sp, #8
 164 002e FFF7FEFF 		bl	HAL_GPIO_Init
 165              	.LVL10:
 102:Src/stm32f1xx_hal_msp.c **** 
 103:Src/stm32f1xx_hal_msp.c ****     /* ADC1 interrupt Init */
 104:Src/stm32f1xx_hal_msp.c ****     HAL_NVIC_SetPriority(ADC1_2_IRQn, 0, 0);
 166              		.loc 1 104 0
 167 0032 1220     		movs	r0, #18
 168 0034 0021     		movs	r1, #0
 169 0036 0A46     		mov	r2, r1
 170 0038 FFF7FEFF 		bl	HAL_NVIC_SetPriority
 171              	.LVL11:
 105:Src/stm32f1xx_hal_msp.c ****     HAL_NVIC_EnableIRQ(ADC1_2_IRQn);
 172              		.loc 1 105 0
 173 003c 1220     		movs	r0, #18
 174 003e FFF7FEFF 		bl	HAL_NVIC_EnableIRQ
 175              	.LVL12:
 106:Src/stm32f1xx_hal_msp.c ****   /* USER CODE BEGIN ADC1_MspInit 1 */
 107:Src/stm32f1xx_hal_msp.c **** 
 108:Src/stm32f1xx_hal_msp.c ****   /* USER CODE END ADC1_MspInit 1 */
 109:Src/stm32f1xx_hal_msp.c ****   }
 110:Src/stm32f1xx_hal_msp.c **** 
 111:Src/stm32f1xx_hal_msp.c **** }
 176              		.loc 1 111 0
ARM GAS  /tmp/ccoTcbY8.s 			page 6


 177 0042 07B0     		add	sp, sp, #28
 178              	.LCFI5:
 179              		.cfi_def_cfa_offset 4
 180              		@ sp needed
 181 0044 5DF804FB 		ldr	pc, [sp], #4
 182              	.LVL13:
 183              	.L8:
 184              	.LCFI6:
 185              		.cfi_def_cfa_offset 0
 186              		.cfi_restore 14
 187 0048 7047     		bx	lr
 188              	.L10:
 189 004a 00BF     		.align	2
 190              	.L9:
 191 004c 00240140 		.word	1073816576
 192 0050 00100140 		.word	1073811456
 193              		.cfi_endproc
 194              	.LFE64:
 196              		.section	.text.HAL_ADC_MspDeInit,"ax",%progbits
 197              		.align	2
 198              		.global	HAL_ADC_MspDeInit
 199              		.thumb
 200              		.thumb_func
 202              	HAL_ADC_MspDeInit:
 203              	.LFB65:
 112:Src/stm32f1xx_hal_msp.c **** 
 113:Src/stm32f1xx_hal_msp.c **** void HAL_ADC_MspDeInit(ADC_HandleTypeDef* hadc)
 114:Src/stm32f1xx_hal_msp.c **** {
 204              		.loc 1 114 0
 205              		.cfi_startproc
 206              		@ args = 0, pretend = 0, frame = 0
 207              		@ frame_needed = 0, uses_anonymous_args = 0
 208              	.LVL14:
 209 0000 08B5     		push	{r3, lr}
 210              	.LCFI7:
 211              		.cfi_def_cfa_offset 8
 212              		.cfi_offset 3, -8
 213              		.cfi_offset 14, -4
 115:Src/stm32f1xx_hal_msp.c **** 
 116:Src/stm32f1xx_hal_msp.c ****   if(hadc->Instance==ADC1)
 214              		.loc 1 116 0
 215 0002 0268     		ldr	r2, [r0]
 216 0004 074B     		ldr	r3, .L14
 217 0006 9A42     		cmp	r2, r3
 218 0008 0BD1     		bne	.L11
 117:Src/stm32f1xx_hal_msp.c ****   {
 118:Src/stm32f1xx_hal_msp.c ****   /* USER CODE BEGIN ADC1_MspDeInit 0 */
 119:Src/stm32f1xx_hal_msp.c **** 
 120:Src/stm32f1xx_hal_msp.c ****   /* USER CODE END ADC1_MspDeInit 0 */
 121:Src/stm32f1xx_hal_msp.c ****     /* Peripheral clock disable */
 122:Src/stm32f1xx_hal_msp.c ****     __HAL_RCC_ADC1_CLK_DISABLE();
 219              		.loc 1 122 0
 220 000a 074A     		ldr	r2, .L14+4
 221 000c 9369     		ldr	r3, [r2, #24]
 222 000e 23F40073 		bic	r3, r3, #512
 223 0012 9361     		str	r3, [r2, #24]
 123:Src/stm32f1xx_hal_msp.c ****   
ARM GAS  /tmp/ccoTcbY8.s 			page 7


 124:Src/stm32f1xx_hal_msp.c ****     /**ADC1 GPIO Configuration    
 125:Src/stm32f1xx_hal_msp.c ****     PC0     ------> ADC1_IN10 
 126:Src/stm32f1xx_hal_msp.c ****     */
 127:Src/stm32f1xx_hal_msp.c ****     HAL_GPIO_DeInit(GPIOC, GPIO_PIN_0);
 224              		.loc 1 127 0
 225 0014 0548     		ldr	r0, .L14+8
 226              	.LVL15:
 227 0016 0121     		movs	r1, #1
 228 0018 FFF7FEFF 		bl	HAL_GPIO_DeInit
 229              	.LVL16:
 128:Src/stm32f1xx_hal_msp.c **** 
 129:Src/stm32f1xx_hal_msp.c ****     /* ADC1 interrupt DeInit */
 130:Src/stm32f1xx_hal_msp.c ****     HAL_NVIC_DisableIRQ(ADC1_2_IRQn);
 230              		.loc 1 130 0
 231 001c 1220     		movs	r0, #18
 232 001e FFF7FEFF 		bl	HAL_NVIC_DisableIRQ
 233              	.LVL17:
 234              	.L11:
 235 0022 08BD     		pop	{r3, pc}
 236              	.L15:
 237              		.align	2
 238              	.L14:
 239 0024 00240140 		.word	1073816576
 240 0028 00100240 		.word	1073876992
 241 002c 00100140 		.word	1073811456
 242              		.cfi_endproc
 243              	.LFE65:
 245              		.section	.text.HAL_CAN_MspInit,"ax",%progbits
 246              		.align	2
 247              		.global	HAL_CAN_MspInit
 248              		.thumb
 249              		.thumb_func
 251              	HAL_CAN_MspInit:
 252              	.LFB66:
 131:Src/stm32f1xx_hal_msp.c ****   /* USER CODE BEGIN ADC1_MspDeInit 1 */
 132:Src/stm32f1xx_hal_msp.c **** 
 133:Src/stm32f1xx_hal_msp.c ****   /* USER CODE END ADC1_MspDeInit 1 */
 134:Src/stm32f1xx_hal_msp.c ****   }
 135:Src/stm32f1xx_hal_msp.c **** 
 136:Src/stm32f1xx_hal_msp.c **** }
 137:Src/stm32f1xx_hal_msp.c **** 
 138:Src/stm32f1xx_hal_msp.c **** void HAL_CAN_MspInit(CAN_HandleTypeDef* hcan)
 139:Src/stm32f1xx_hal_msp.c **** {
 253              		.loc 1 139 0
 254              		.cfi_startproc
 255              		@ args = 0, pretend = 0, frame = 24
 256              		@ frame_needed = 0, uses_anonymous_args = 0
 257              	.LVL18:
 140:Src/stm32f1xx_hal_msp.c **** 
 141:Src/stm32f1xx_hal_msp.c ****   GPIO_InitTypeDef GPIO_InitStruct;
 142:Src/stm32f1xx_hal_msp.c ****   if(hcan->Instance==CAN1)
 258              		.loc 1 142 0
 259 0000 0268     		ldr	r2, [r0]
 260 0002 244B     		ldr	r3, .L20
 261 0004 9A42     		cmp	r2, r3
 262 0006 44D1     		bne	.L19
 139:Src/stm32f1xx_hal_msp.c **** 
ARM GAS  /tmp/ccoTcbY8.s 			page 8


 263              		.loc 1 139 0
 264 0008 30B5     		push	{r4, r5, lr}
 265              	.LCFI8:
 266              		.cfi_def_cfa_offset 12
 267              		.cfi_offset 4, -12
 268              		.cfi_offset 5, -8
 269              		.cfi_offset 14, -4
 270 000a 87B0     		sub	sp, sp, #28
 271              	.LCFI9:
 272              		.cfi_def_cfa_offset 40
 273              	.LBB4:
 143:Src/stm32f1xx_hal_msp.c ****   {
 144:Src/stm32f1xx_hal_msp.c ****   /* USER CODE BEGIN CAN1_MspInit 0 */
 145:Src/stm32f1xx_hal_msp.c **** 
 146:Src/stm32f1xx_hal_msp.c ****   /* USER CODE END CAN1_MspInit 0 */
 147:Src/stm32f1xx_hal_msp.c ****     /* Peripheral clock enable */
 148:Src/stm32f1xx_hal_msp.c ****     __HAL_RCC_CAN1_CLK_ENABLE();
 274              		.loc 1 148 0
 275 000c 03F5D633 		add	r3, r3, #109568
 276 0010 DA69     		ldr	r2, [r3, #28]
 277 0012 42F00072 		orr	r2, r2, #33554432
 278 0016 DA61     		str	r2, [r3, #28]
 279 0018 DB69     		ldr	r3, [r3, #28]
 280 001a 03F00073 		and	r3, r3, #33554432
 281 001e 0193     		str	r3, [sp, #4]
 282 0020 019B     		ldr	r3, [sp, #4]
 283              	.LBE4:
 149:Src/stm32f1xx_hal_msp.c ****   
 150:Src/stm32f1xx_hal_msp.c ****     /**CAN1 GPIO Configuration    
 151:Src/stm32f1xx_hal_msp.c ****     PA11     ------> CAN1_RX
 152:Src/stm32f1xx_hal_msp.c ****     PA12     ------> CAN1_TX 
 153:Src/stm32f1xx_hal_msp.c ****     */
 154:Src/stm32f1xx_hal_msp.c ****     GPIO_InitStruct.Pin = GPIO_PIN_11;
 284              		.loc 1 154 0
 285 0022 4FF40063 		mov	r3, #2048
 286 0026 0293     		str	r3, [sp, #8]
 155:Src/stm32f1xx_hal_msp.c ****     GPIO_InitStruct.Mode = GPIO_MODE_INPUT;
 287              		.loc 1 155 0
 288 0028 0024     		movs	r4, #0
 289 002a 0394     		str	r4, [sp, #12]
 156:Src/stm32f1xx_hal_msp.c ****     GPIO_InitStruct.Pull = GPIO_NOPULL;
 290              		.loc 1 156 0
 291 002c 0494     		str	r4, [sp, #16]
 157:Src/stm32f1xx_hal_msp.c ****     HAL_GPIO_Init(GPIOA, &GPIO_InitStruct);
 292              		.loc 1 157 0
 293 002e 1A4D     		ldr	r5, .L20+4
 294 0030 2846     		mov	r0, r5
 295              	.LVL19:
 296 0032 02A9     		add	r1, sp, #8
 297 0034 FFF7FEFF 		bl	HAL_GPIO_Init
 298              	.LVL20:
 158:Src/stm32f1xx_hal_msp.c **** 
 159:Src/stm32f1xx_hal_msp.c ****     GPIO_InitStruct.Pin = GPIO_PIN_12;
 299              		.loc 1 159 0
 300 0038 4FF48053 		mov	r3, #4096
 301 003c 0293     		str	r3, [sp, #8]
 160:Src/stm32f1xx_hal_msp.c ****     GPIO_InitStruct.Mode = GPIO_MODE_AF_PP;
ARM GAS  /tmp/ccoTcbY8.s 			page 9


 302              		.loc 1 160 0
 303 003e 0223     		movs	r3, #2
 304 0040 0393     		str	r3, [sp, #12]
 161:Src/stm32f1xx_hal_msp.c ****     GPIO_InitStruct.Speed = GPIO_SPEED_FREQ_HIGH;
 305              		.loc 1 161 0
 306 0042 0323     		movs	r3, #3
 307 0044 0593     		str	r3, [sp, #20]
 162:Src/stm32f1xx_hal_msp.c ****     HAL_GPIO_Init(GPIOA, &GPIO_InitStruct);
 308              		.loc 1 162 0
 309 0046 2846     		mov	r0, r5
 310 0048 02A9     		add	r1, sp, #8
 311 004a FFF7FEFF 		bl	HAL_GPIO_Init
 312              	.LVL21:
 163:Src/stm32f1xx_hal_msp.c **** 
 164:Src/stm32f1xx_hal_msp.c ****     /* CAN1 interrupt Init */
 165:Src/stm32f1xx_hal_msp.c ****     HAL_NVIC_SetPriority(CAN1_TX_IRQn, 0, 0);
 313              		.loc 1 165 0
 314 004e 1320     		movs	r0, #19
 315 0050 2146     		mov	r1, r4
 316 0052 2246     		mov	r2, r4
 317 0054 FFF7FEFF 		bl	HAL_NVIC_SetPriority
 318              	.LVL22:
 166:Src/stm32f1xx_hal_msp.c ****     HAL_NVIC_EnableIRQ(CAN1_TX_IRQn);
 319              		.loc 1 166 0
 320 0058 1320     		movs	r0, #19
 321 005a FFF7FEFF 		bl	HAL_NVIC_EnableIRQ
 322              	.LVL23:
 167:Src/stm32f1xx_hal_msp.c ****     HAL_NVIC_SetPriority(CAN1_RX0_IRQn, 0, 0);
 323              		.loc 1 167 0
 324 005e 1420     		movs	r0, #20
 325 0060 2146     		mov	r1, r4
 326 0062 2246     		mov	r2, r4
 327 0064 FFF7FEFF 		bl	HAL_NVIC_SetPriority
 328              	.LVL24:
 168:Src/stm32f1xx_hal_msp.c ****     HAL_NVIC_EnableIRQ(CAN1_RX0_IRQn);
 329              		.loc 1 168 0
 330 0068 1420     		movs	r0, #20
 331 006a FFF7FEFF 		bl	HAL_NVIC_EnableIRQ
 332              	.LVL25:
 169:Src/stm32f1xx_hal_msp.c ****     HAL_NVIC_SetPriority(CAN1_RX1_IRQn, 0, 0);
 333              		.loc 1 169 0
 334 006e 1520     		movs	r0, #21
 335 0070 2146     		mov	r1, r4
 336 0072 2246     		mov	r2, r4
 337 0074 FFF7FEFF 		bl	HAL_NVIC_SetPriority
 338              	.LVL26:
 170:Src/stm32f1xx_hal_msp.c ****     HAL_NVIC_EnableIRQ(CAN1_RX1_IRQn);
 339              		.loc 1 170 0
 340 0078 1520     		movs	r0, #21
 341 007a FFF7FEFF 		bl	HAL_NVIC_EnableIRQ
 342              	.LVL27:
 171:Src/stm32f1xx_hal_msp.c ****     HAL_NVIC_SetPriority(CAN1_SCE_IRQn, 0, 0);
 343              		.loc 1 171 0
 344 007e 1620     		movs	r0, #22
 345 0080 2146     		mov	r1, r4
 346 0082 2246     		mov	r2, r4
 347 0084 FFF7FEFF 		bl	HAL_NVIC_SetPriority
ARM GAS  /tmp/ccoTcbY8.s 			page 10


 348              	.LVL28:
 172:Src/stm32f1xx_hal_msp.c ****     HAL_NVIC_EnableIRQ(CAN1_SCE_IRQn);
 349              		.loc 1 172 0
 350 0088 1620     		movs	r0, #22
 351 008a FFF7FEFF 		bl	HAL_NVIC_EnableIRQ
 352              	.LVL29:
 173:Src/stm32f1xx_hal_msp.c ****   /* USER CODE BEGIN CAN1_MspInit 1 */
 174:Src/stm32f1xx_hal_msp.c **** 
 175:Src/stm32f1xx_hal_msp.c ****   /* USER CODE END CAN1_MspInit 1 */
 176:Src/stm32f1xx_hal_msp.c ****   }
 177:Src/stm32f1xx_hal_msp.c **** 
 178:Src/stm32f1xx_hal_msp.c **** }
 353              		.loc 1 178 0
 354 008e 07B0     		add	sp, sp, #28
 355              	.LCFI10:
 356              		.cfi_def_cfa_offset 12
 357              		@ sp needed
 358 0090 30BD     		pop	{r4, r5, pc}
 359              	.LVL30:
 360              	.L19:
 361              	.LCFI11:
 362              		.cfi_def_cfa_offset 0
 363              		.cfi_restore 4
 364              		.cfi_restore 5
 365              		.cfi_restore 14
 366 0092 7047     		bx	lr
 367              	.L21:
 368              		.align	2
 369              	.L20:
 370 0094 00640040 		.word	1073767424
 371 0098 00080140 		.word	1073809408
 372              		.cfi_endproc
 373              	.LFE66:
 375              		.section	.text.HAL_CAN_MspDeInit,"ax",%progbits
 376              		.align	2
 377              		.global	HAL_CAN_MspDeInit
 378              		.thumb
 379              		.thumb_func
 381              	HAL_CAN_MspDeInit:
 382              	.LFB67:
 179:Src/stm32f1xx_hal_msp.c **** 
 180:Src/stm32f1xx_hal_msp.c **** void HAL_CAN_MspDeInit(CAN_HandleTypeDef* hcan)
 181:Src/stm32f1xx_hal_msp.c **** {
 383              		.loc 1 181 0
 384              		.cfi_startproc
 385              		@ args = 0, pretend = 0, frame = 0
 386              		@ frame_needed = 0, uses_anonymous_args = 0
 387              	.LVL31:
 388 0000 08B5     		push	{r3, lr}
 389              	.LCFI12:
 390              		.cfi_def_cfa_offset 8
 391              		.cfi_offset 3, -8
 392              		.cfi_offset 14, -4
 182:Src/stm32f1xx_hal_msp.c **** 
 183:Src/stm32f1xx_hal_msp.c ****   if(hcan->Instance==CAN1)
 393              		.loc 1 183 0
 394 0002 0268     		ldr	r2, [r0]
ARM GAS  /tmp/ccoTcbY8.s 			page 11


 395 0004 0C4B     		ldr	r3, .L25
 396 0006 9A42     		cmp	r2, r3
 397 0008 15D1     		bne	.L22
 184:Src/stm32f1xx_hal_msp.c ****   {
 185:Src/stm32f1xx_hal_msp.c ****   /* USER CODE BEGIN CAN1_MspDeInit 0 */
 186:Src/stm32f1xx_hal_msp.c **** 
 187:Src/stm32f1xx_hal_msp.c ****   /* USER CODE END CAN1_MspDeInit 0 */
 188:Src/stm32f1xx_hal_msp.c ****     /* Peripheral clock disable */
 189:Src/stm32f1xx_hal_msp.c ****     __HAL_RCC_CAN1_CLK_DISABLE();
 398              		.loc 1 189 0
 399 000a 0C4A     		ldr	r2, .L25+4
 400 000c D369     		ldr	r3, [r2, #28]
 401 000e 23F00073 		bic	r3, r3, #33554432
 402 0012 D361     		str	r3, [r2, #28]
 190:Src/stm32f1xx_hal_msp.c ****   
 191:Src/stm32f1xx_hal_msp.c ****     /**CAN1 GPIO Configuration    
 192:Src/stm32f1xx_hal_msp.c ****     PA11     ------> CAN1_RX
 193:Src/stm32f1xx_hal_msp.c ****     PA12     ------> CAN1_TX 
 194:Src/stm32f1xx_hal_msp.c ****     */
 195:Src/stm32f1xx_hal_msp.c ****     HAL_GPIO_DeInit(GPIOA, GPIO_PIN_11|GPIO_PIN_12);
 403              		.loc 1 195 0
 404 0014 0A48     		ldr	r0, .L25+8
 405              	.LVL32:
 406 0016 4FF4C051 		mov	r1, #6144
 407 001a FFF7FEFF 		bl	HAL_GPIO_DeInit
 408              	.LVL33:
 196:Src/stm32f1xx_hal_msp.c **** 
 197:Src/stm32f1xx_hal_msp.c ****     /* CAN1 interrupt DeInit */
 198:Src/stm32f1xx_hal_msp.c ****     HAL_NVIC_DisableIRQ(CAN1_TX_IRQn);
 409              		.loc 1 198 0
 410 001e 1320     		movs	r0, #19
 411 0020 FFF7FEFF 		bl	HAL_NVIC_DisableIRQ
 412              	.LVL34:
 199:Src/stm32f1xx_hal_msp.c ****     HAL_NVIC_DisableIRQ(CAN1_RX0_IRQn);
 413              		.loc 1 199 0
 414 0024 1420     		movs	r0, #20
 415 0026 FFF7FEFF 		bl	HAL_NVIC_DisableIRQ
 416              	.LVL35:
 200:Src/stm32f1xx_hal_msp.c ****     HAL_NVIC_DisableIRQ(CAN1_RX1_IRQn);
 417              		.loc 1 200 0
 418 002a 1520     		movs	r0, #21
 419 002c FFF7FEFF 		bl	HAL_NVIC_DisableIRQ
 420              	.LVL36:
 201:Src/stm32f1xx_hal_msp.c ****     HAL_NVIC_DisableIRQ(CAN1_SCE_IRQn);
 421              		.loc 1 201 0
 422 0030 1620     		movs	r0, #22
 423 0032 FFF7FEFF 		bl	HAL_NVIC_DisableIRQ
 424              	.LVL37:
 425              	.L22:
 426 0036 08BD     		pop	{r3, pc}
 427              	.L26:
 428              		.align	2
 429              	.L25:
 430 0038 00640040 		.word	1073767424
 431 003c 00100240 		.word	1073876992
 432 0040 00080140 		.word	1073809408
 433              		.cfi_endproc
ARM GAS  /tmp/ccoTcbY8.s 			page 12


 434              	.LFE67:
 436              		.section	.text.HAL_TIM_Encoder_MspInit,"ax",%progbits
 437              		.align	2
 438              		.global	HAL_TIM_Encoder_MspInit
 439              		.thumb
 440              		.thumb_func
 442              	HAL_TIM_Encoder_MspInit:
 443              	.LFB68:
 202:Src/stm32f1xx_hal_msp.c ****   /* USER CODE BEGIN CAN1_MspDeInit 1 */
 203:Src/stm32f1xx_hal_msp.c **** 
 204:Src/stm32f1xx_hal_msp.c ****   /* USER CODE END CAN1_MspDeInit 1 */
 205:Src/stm32f1xx_hal_msp.c ****   }
 206:Src/stm32f1xx_hal_msp.c **** 
 207:Src/stm32f1xx_hal_msp.c **** }
 208:Src/stm32f1xx_hal_msp.c **** 
 209:Src/stm32f1xx_hal_msp.c **** void HAL_TIM_Encoder_MspInit(TIM_HandleTypeDef* htim_encoder)
 210:Src/stm32f1xx_hal_msp.c **** {
 444              		.loc 1 210 0
 445              		.cfi_startproc
 446              		@ args = 0, pretend = 0, frame = 24
 447              		@ frame_needed = 0, uses_anonymous_args = 0
 448              	.LVL38:
 211:Src/stm32f1xx_hal_msp.c **** 
 212:Src/stm32f1xx_hal_msp.c ****   GPIO_InitTypeDef GPIO_InitStruct;
 213:Src/stm32f1xx_hal_msp.c ****   if(htim_encoder->Instance==TIM2)
 449              		.loc 1 213 0
 450 0000 0368     		ldr	r3, [r0]
 451 0002 B3F1804F 		cmp	r3, #1073741824
 452 0006 18D1     		bne	.L30
 210:Src/stm32f1xx_hal_msp.c **** 
 453              		.loc 1 210 0
 454 0008 00B5     		push	{lr}
 455              	.LCFI13:
 456              		.cfi_def_cfa_offset 4
 457              		.cfi_offset 14, -4
 458 000a 87B0     		sub	sp, sp, #28
 459              	.LCFI14:
 460              		.cfi_def_cfa_offset 32
 461              	.LBB5:
 214:Src/stm32f1xx_hal_msp.c ****   {
 215:Src/stm32f1xx_hal_msp.c ****   /* USER CODE BEGIN TIM2_MspInit 0 */
 216:Src/stm32f1xx_hal_msp.c **** 
 217:Src/stm32f1xx_hal_msp.c ****   /* USER CODE END TIM2_MspInit 0 */
 218:Src/stm32f1xx_hal_msp.c ****     /* Peripheral clock enable */
 219:Src/stm32f1xx_hal_msp.c ****     __HAL_RCC_TIM2_CLK_ENABLE();
 462              		.loc 1 219 0
 463 000c 03F50433 		add	r3, r3, #135168
 464 0010 DA69     		ldr	r2, [r3, #28]
 465 0012 42F00102 		orr	r2, r2, #1
 466 0016 DA61     		str	r2, [r3, #28]
 467 0018 DB69     		ldr	r3, [r3, #28]
 468 001a 03F00103 		and	r3, r3, #1
 469 001e 0193     		str	r3, [sp, #4]
 470 0020 019B     		ldr	r3, [sp, #4]
 471              	.LBE5:
 220:Src/stm32f1xx_hal_msp.c ****   
 221:Src/stm32f1xx_hal_msp.c ****     /**TIM2 GPIO Configuration    
ARM GAS  /tmp/ccoTcbY8.s 			page 13


 222:Src/stm32f1xx_hal_msp.c ****     PA0-WKUP     ------> TIM2_CH1
 223:Src/stm32f1xx_hal_msp.c ****     PA1     ------> TIM2_CH2 
 224:Src/stm32f1xx_hal_msp.c ****     */
 225:Src/stm32f1xx_hal_msp.c ****     GPIO_InitStruct.Pin = ENC1_Pin|ENC2_Pin;
 472              		.loc 1 225 0
 473 0022 0323     		movs	r3, #3
 474 0024 0293     		str	r3, [sp, #8]
 226:Src/stm32f1xx_hal_msp.c ****     GPIO_InitStruct.Mode = GPIO_MODE_INPUT;
 475              		.loc 1 226 0
 476 0026 0023     		movs	r3, #0
 477 0028 0393     		str	r3, [sp, #12]
 227:Src/stm32f1xx_hal_msp.c ****     GPIO_InitStruct.Pull = GPIO_NOPULL;
 478              		.loc 1 227 0
 479 002a 0493     		str	r3, [sp, #16]
 228:Src/stm32f1xx_hal_msp.c ****     HAL_GPIO_Init(GPIOA, &GPIO_InitStruct);
 480              		.loc 1 228 0
 481 002c 0348     		ldr	r0, .L31
 482              	.LVL39:
 483 002e 02A9     		add	r1, sp, #8
 484 0030 FFF7FEFF 		bl	HAL_GPIO_Init
 485              	.LVL40:
 229:Src/stm32f1xx_hal_msp.c **** 
 230:Src/stm32f1xx_hal_msp.c ****   /* USER CODE BEGIN TIM2_MspInit 1 */
 231:Src/stm32f1xx_hal_msp.c **** 
 232:Src/stm32f1xx_hal_msp.c ****   /* USER CODE END TIM2_MspInit 1 */
 233:Src/stm32f1xx_hal_msp.c ****   }
 234:Src/stm32f1xx_hal_msp.c **** 
 235:Src/stm32f1xx_hal_msp.c **** }
 486              		.loc 1 235 0
 487 0034 07B0     		add	sp, sp, #28
 488              	.LCFI15:
 489              		.cfi_def_cfa_offset 4
 490              		@ sp needed
 491 0036 5DF804FB 		ldr	pc, [sp], #4
 492              	.LVL41:
 493              	.L30:
 494              	.LCFI16:
 495              		.cfi_def_cfa_offset 0
 496              		.cfi_restore 14
 497 003a 7047     		bx	lr
 498              	.L32:
 499              		.align	2
 500              	.L31:
 501 003c 00080140 		.word	1073809408
 502              		.cfi_endproc
 503              	.LFE68:
 505              		.section	.text.HAL_TIM_Encoder_MspDeInit,"ax",%progbits
 506              		.align	2
 507              		.global	HAL_TIM_Encoder_MspDeInit
 508              		.thumb
 509              		.thumb_func
 511              	HAL_TIM_Encoder_MspDeInit:
 512              	.LFB69:
 236:Src/stm32f1xx_hal_msp.c **** 
 237:Src/stm32f1xx_hal_msp.c **** void HAL_TIM_Encoder_MspDeInit(TIM_HandleTypeDef* htim_encoder)
 238:Src/stm32f1xx_hal_msp.c **** {
 513              		.loc 1 238 0
ARM GAS  /tmp/ccoTcbY8.s 			page 14


 514              		.cfi_startproc
 515              		@ args = 0, pretend = 0, frame = 0
 516              		@ frame_needed = 0, uses_anonymous_args = 0
 517              	.LVL42:
 518 0000 08B5     		push	{r3, lr}
 519              	.LCFI17:
 520              		.cfi_def_cfa_offset 8
 521              		.cfi_offset 3, -8
 522              		.cfi_offset 14, -4
 239:Src/stm32f1xx_hal_msp.c **** 
 240:Src/stm32f1xx_hal_msp.c ****   if(htim_encoder->Instance==TIM2)
 523              		.loc 1 240 0
 524 0002 0368     		ldr	r3, [r0]
 525 0004 B3F1804F 		cmp	r3, #1073741824
 526 0008 08D1     		bne	.L33
 241:Src/stm32f1xx_hal_msp.c ****   {
 242:Src/stm32f1xx_hal_msp.c ****   /* USER CODE BEGIN TIM2_MspDeInit 0 */
 243:Src/stm32f1xx_hal_msp.c **** 
 244:Src/stm32f1xx_hal_msp.c ****   /* USER CODE END TIM2_MspDeInit 0 */
 245:Src/stm32f1xx_hal_msp.c ****     /* Peripheral clock disable */
 246:Src/stm32f1xx_hal_msp.c ****     __HAL_RCC_TIM2_CLK_DISABLE();
 527              		.loc 1 246 0
 528 000a 054A     		ldr	r2, .L36
 529 000c D369     		ldr	r3, [r2, #28]
 530 000e 23F00103 		bic	r3, r3, #1
 531 0012 D361     		str	r3, [r2, #28]
 247:Src/stm32f1xx_hal_msp.c ****   
 248:Src/stm32f1xx_hal_msp.c ****     /**TIM2 GPIO Configuration    
 249:Src/stm32f1xx_hal_msp.c ****     PA0-WKUP     ------> TIM2_CH1
 250:Src/stm32f1xx_hal_msp.c ****     PA1     ------> TIM2_CH2 
 251:Src/stm32f1xx_hal_msp.c ****     */
 252:Src/stm32f1xx_hal_msp.c ****     HAL_GPIO_DeInit(GPIOA, ENC1_Pin|ENC2_Pin);
 532              		.loc 1 252 0
 533 0014 0348     		ldr	r0, .L36+4
 534              	.LVL43:
 535 0016 0321     		movs	r1, #3
 536 0018 FFF7FEFF 		bl	HAL_GPIO_DeInit
 537              	.LVL44:
 538              	.L33:
 539 001c 08BD     		pop	{r3, pc}
 540              	.L37:
 541 001e 00BF     		.align	2
 542              	.L36:
 543 0020 00100240 		.word	1073876992
 544 0024 00080140 		.word	1073809408
 545              		.cfi_endproc
 546              	.LFE69:
 548              		.section	.text.HAL_UART_MspInit,"ax",%progbits
 549              		.align	2
 550              		.global	HAL_UART_MspInit
 551              		.thumb
 552              		.thumb_func
 554              	HAL_UART_MspInit:
 555              	.LFB70:
 253:Src/stm32f1xx_hal_msp.c **** 
 254:Src/stm32f1xx_hal_msp.c ****   /* USER CODE BEGIN TIM2_MspDeInit 1 */
 255:Src/stm32f1xx_hal_msp.c **** 
ARM GAS  /tmp/ccoTcbY8.s 			page 15


 256:Src/stm32f1xx_hal_msp.c ****   /* USER CODE END TIM2_MspDeInit 1 */
 257:Src/stm32f1xx_hal_msp.c ****   }
 258:Src/stm32f1xx_hal_msp.c **** 
 259:Src/stm32f1xx_hal_msp.c **** }
 260:Src/stm32f1xx_hal_msp.c **** 
 261:Src/stm32f1xx_hal_msp.c **** void HAL_UART_MspInit(UART_HandleTypeDef* huart)
 262:Src/stm32f1xx_hal_msp.c **** {
 556              		.loc 1 262 0
 557              		.cfi_startproc
 558              		@ args = 0, pretend = 0, frame = 24
 559              		@ frame_needed = 0, uses_anonymous_args = 0
 560              	.LVL45:
 263:Src/stm32f1xx_hal_msp.c **** 
 264:Src/stm32f1xx_hal_msp.c ****   GPIO_InitTypeDef GPIO_InitStruct;
 265:Src/stm32f1xx_hal_msp.c ****   if(huart->Instance==USART1)
 561              		.loc 1 265 0
 562 0000 0268     		ldr	r2, [r0]
 563 0002 144B     		ldr	r3, .L42
 564 0004 9A42     		cmp	r2, r3
 565 0006 24D1     		bne	.L41
 262:Src/stm32f1xx_hal_msp.c **** 
 566              		.loc 1 262 0
 567 0008 10B5     		push	{r4, lr}
 568              	.LCFI18:
 569              		.cfi_def_cfa_offset 8
 570              		.cfi_offset 4, -8
 571              		.cfi_offset 14, -4
 572 000a 86B0     		sub	sp, sp, #24
 573              	.LCFI19:
 574              		.cfi_def_cfa_offset 32
 575              	.LBB6:
 266:Src/stm32f1xx_hal_msp.c ****   {
 267:Src/stm32f1xx_hal_msp.c ****   /* USER CODE BEGIN USART1_MspInit 0 */
 268:Src/stm32f1xx_hal_msp.c **** 
 269:Src/stm32f1xx_hal_msp.c ****   /* USER CODE END USART1_MspInit 0 */
 270:Src/stm32f1xx_hal_msp.c ****     /* Peripheral clock enable */
 271:Src/stm32f1xx_hal_msp.c ****     __HAL_RCC_USART1_CLK_ENABLE();
 576              		.loc 1 271 0
 577 000c 03F55843 		add	r3, r3, #55296
 578 0010 9A69     		ldr	r2, [r3, #24]
 579 0012 42F48042 		orr	r2, r2, #16384
 580 0016 9A61     		str	r2, [r3, #24]
 581 0018 9B69     		ldr	r3, [r3, #24]
 582 001a 03F48043 		and	r3, r3, #16384
 583 001e 0193     		str	r3, [sp, #4]
 584 0020 019B     		ldr	r3, [sp, #4]
 585              	.LBE6:
 272:Src/stm32f1xx_hal_msp.c ****   
 273:Src/stm32f1xx_hal_msp.c ****     /**USART1 GPIO Configuration    
 274:Src/stm32f1xx_hal_msp.c ****     PA9     ------> USART1_TX
 275:Src/stm32f1xx_hal_msp.c ****     PA10     ------> USART1_RX 
 276:Src/stm32f1xx_hal_msp.c ****     */
 277:Src/stm32f1xx_hal_msp.c ****     GPIO_InitStruct.Pin = GPIO_PIN_9;
 586              		.loc 1 277 0
 587 0022 4FF40073 		mov	r3, #512
 588 0026 0293     		str	r3, [sp, #8]
 278:Src/stm32f1xx_hal_msp.c ****     GPIO_InitStruct.Mode = GPIO_MODE_AF_PP;
ARM GAS  /tmp/ccoTcbY8.s 			page 16


 589              		.loc 1 278 0
 590 0028 0223     		movs	r3, #2
 591 002a 0393     		str	r3, [sp, #12]
 279:Src/stm32f1xx_hal_msp.c ****     GPIO_InitStruct.Speed = GPIO_SPEED_FREQ_HIGH;
 592              		.loc 1 279 0
 593 002c 0323     		movs	r3, #3
 594 002e 0593     		str	r3, [sp, #20]
 280:Src/stm32f1xx_hal_msp.c ****     HAL_GPIO_Init(GPIOA, &GPIO_InitStruct);
 595              		.loc 1 280 0
 596 0030 094C     		ldr	r4, .L42+4
 597 0032 2046     		mov	r0, r4
 598              	.LVL46:
 599 0034 02A9     		add	r1, sp, #8
 600 0036 FFF7FEFF 		bl	HAL_GPIO_Init
 601              	.LVL47:
 281:Src/stm32f1xx_hal_msp.c **** 
 282:Src/stm32f1xx_hal_msp.c ****     GPIO_InitStruct.Pin = GPIO_PIN_10;
 602              		.loc 1 282 0
 603 003a 4FF48063 		mov	r3, #1024
 604 003e 0293     		str	r3, [sp, #8]
 283:Src/stm32f1xx_hal_msp.c ****     GPIO_InitStruct.Mode = GPIO_MODE_INPUT;
 605              		.loc 1 283 0
 606 0040 0023     		movs	r3, #0
 607 0042 0393     		str	r3, [sp, #12]
 284:Src/stm32f1xx_hal_msp.c ****     GPIO_InitStruct.Pull = GPIO_NOPULL;
 608              		.loc 1 284 0
 609 0044 0493     		str	r3, [sp, #16]
 285:Src/stm32f1xx_hal_msp.c ****     HAL_GPIO_Init(GPIOA, &GPIO_InitStruct);
 610              		.loc 1 285 0
 611 0046 2046     		mov	r0, r4
 612 0048 02A9     		add	r1, sp, #8
 613 004a FFF7FEFF 		bl	HAL_GPIO_Init
 614              	.LVL48:
 286:Src/stm32f1xx_hal_msp.c **** 
 287:Src/stm32f1xx_hal_msp.c ****   /* USER CODE BEGIN USART1_MspInit 1 */
 288:Src/stm32f1xx_hal_msp.c **** 
 289:Src/stm32f1xx_hal_msp.c ****   /* USER CODE END USART1_MspInit 1 */
 290:Src/stm32f1xx_hal_msp.c ****   }
 291:Src/stm32f1xx_hal_msp.c **** 
 292:Src/stm32f1xx_hal_msp.c **** }
 615              		.loc 1 292 0
 616 004e 06B0     		add	sp, sp, #24
 617              	.LCFI20:
 618              		.cfi_def_cfa_offset 8
 619              		@ sp needed
 620 0050 10BD     		pop	{r4, pc}
 621              	.LVL49:
 622              	.L41:
 623              	.LCFI21:
 624              		.cfi_def_cfa_offset 0
 625              		.cfi_restore 4
 626              		.cfi_restore 14
 627 0052 7047     		bx	lr
 628              	.L43:
 629              		.align	2
 630              	.L42:
 631 0054 00380140 		.word	1073821696
ARM GAS  /tmp/ccoTcbY8.s 			page 17


 632 0058 00080140 		.word	1073809408
 633              		.cfi_endproc
 634              	.LFE70:
 636              		.section	.text.HAL_UART_MspDeInit,"ax",%progbits
 637              		.align	2
 638              		.global	HAL_UART_MspDeInit
 639              		.thumb
 640              		.thumb_func
 642              	HAL_UART_MspDeInit:
 643              	.LFB71:
 293:Src/stm32f1xx_hal_msp.c **** 
 294:Src/stm32f1xx_hal_msp.c **** void HAL_UART_MspDeInit(UART_HandleTypeDef* huart)
 295:Src/stm32f1xx_hal_msp.c **** {
 644              		.loc 1 295 0
 645              		.cfi_startproc
 646              		@ args = 0, pretend = 0, frame = 0
 647              		@ frame_needed = 0, uses_anonymous_args = 0
 648              	.LVL50:
 649 0000 08B5     		push	{r3, lr}
 650              	.LCFI22:
 651              		.cfi_def_cfa_offset 8
 652              		.cfi_offset 3, -8
 653              		.cfi_offset 14, -4
 296:Src/stm32f1xx_hal_msp.c **** 
 297:Src/stm32f1xx_hal_msp.c ****   if(huart->Instance==USART1)
 654              		.loc 1 297 0
 655 0002 0268     		ldr	r2, [r0]
 656 0004 064B     		ldr	r3, .L47
 657 0006 9A42     		cmp	r2, r3
 658 0008 09D1     		bne	.L44
 298:Src/stm32f1xx_hal_msp.c ****   {
 299:Src/stm32f1xx_hal_msp.c ****   /* USER CODE BEGIN USART1_MspDeInit 0 */
 300:Src/stm32f1xx_hal_msp.c **** 
 301:Src/stm32f1xx_hal_msp.c ****   /* USER CODE END USART1_MspDeInit 0 */
 302:Src/stm32f1xx_hal_msp.c ****     /* Peripheral clock disable */
 303:Src/stm32f1xx_hal_msp.c ****     __HAL_RCC_USART1_CLK_DISABLE();
 659              		.loc 1 303 0
 660 000a 064A     		ldr	r2, .L47+4
 661 000c 9369     		ldr	r3, [r2, #24]
 662 000e 23F48043 		bic	r3, r3, #16384
 663 0012 9361     		str	r3, [r2, #24]
 304:Src/stm32f1xx_hal_msp.c ****   
 305:Src/stm32f1xx_hal_msp.c ****     /**USART1 GPIO Configuration    
 306:Src/stm32f1xx_hal_msp.c ****     PA9     ------> USART1_TX
 307:Src/stm32f1xx_hal_msp.c ****     PA10     ------> USART1_RX 
 308:Src/stm32f1xx_hal_msp.c ****     */
 309:Src/stm32f1xx_hal_msp.c ****     HAL_GPIO_DeInit(GPIOA, GPIO_PIN_9|GPIO_PIN_10);
 664              		.loc 1 309 0
 665 0014 0448     		ldr	r0, .L47+8
 666              	.LVL51:
 667 0016 4FF4C061 		mov	r1, #1536
 668 001a FFF7FEFF 		bl	HAL_GPIO_DeInit
 669              	.LVL52:
 670              	.L44:
 671 001e 08BD     		pop	{r3, pc}
 672              	.L48:
 673              		.align	2
ARM GAS  /tmp/ccoTcbY8.s 			page 18


 674              	.L47:
 675 0020 00380140 		.word	1073821696
 676 0024 00100240 		.word	1073876992
 677 0028 00080140 		.word	1073809408
 678              		.cfi_endproc
 679              	.LFE71:
 681              		.text
 682              	.Letext0:
 683              		.file 2 "../../shared/firmware/Drivers/CMSIS/Device/ST/STM32F1xx/Include/stm32f105xc.h"
 684              		.file 3 "/usr/include/newlib/machine/_default_types.h"
 685              		.file 4 "/usr/include/newlib/sys/_stdint.h"
 686              		.file 5 "../../shared/firmware/Drivers/STM32F1xx_HAL_Driver/Inc/stm32f1xx_hal_def.h"
 687              		.file 6 "../../shared/firmware/Drivers/STM32F1xx_HAL_Driver/Inc/stm32f1xx_hal_gpio.h"
 688              		.file 7 "../../shared/firmware/Drivers/STM32F1xx_HAL_Driver/Inc/stm32f1xx_hal_dma.h"
 689              		.file 8 "../../shared/firmware/Drivers/STM32F1xx_HAL_Driver/Inc/stm32f1xx_hal_can.h"
 690              		.file 9 "../../shared/firmware/Drivers/STM32F1xx_HAL_Driver/Inc/stm32f1xx_hal_adc.h"
 691              		.file 10 "../../shared/firmware/Drivers/STM32F1xx_HAL_Driver/Inc/stm32f1xx_hal_tim.h"
 692              		.file 11 "../../shared/firmware/Drivers/STM32F1xx_HAL_Driver/Inc/stm32f1xx_hal_uart.h"
 693              		.file 12 "../../shared/firmware/Drivers/STM32F1xx_HAL_Driver/Inc/stm32f1xx_hal_cortex.h"
 694              		.file 13 "../../shared/firmware/Drivers/CMSIS/Include/core_cm3.h"
ARM GAS  /tmp/ccoTcbY8.s 			page 19


DEFINED SYMBOLS
                            *ABS*:0000000000000000 stm32f1xx_hal_msp.c
     /tmp/ccoTcbY8.s:19     .text.HAL_MspInit:0000000000000000 $t
     /tmp/ccoTcbY8.s:24     .text.HAL_MspInit:0000000000000000 HAL_MspInit
     /tmp/ccoTcbY8.s:112    .text.HAL_MspInit:000000000000008c $d
     /tmp/ccoTcbY8.s:118    .text.HAL_ADC_MspInit:0000000000000000 $t
     /tmp/ccoTcbY8.s:123    .text.HAL_ADC_MspInit:0000000000000000 HAL_ADC_MspInit
     /tmp/ccoTcbY8.s:191    .text.HAL_ADC_MspInit:000000000000004c $d
     /tmp/ccoTcbY8.s:197    .text.HAL_ADC_MspDeInit:0000000000000000 $t
     /tmp/ccoTcbY8.s:202    .text.HAL_ADC_MspDeInit:0000000000000000 HAL_ADC_MspDeInit
     /tmp/ccoTcbY8.s:239    .text.HAL_ADC_MspDeInit:0000000000000024 $d
     /tmp/ccoTcbY8.s:246    .text.HAL_CAN_MspInit:0000000000000000 $t
     /tmp/ccoTcbY8.s:251    .text.HAL_CAN_MspInit:0000000000000000 HAL_CAN_MspInit
     /tmp/ccoTcbY8.s:370    .text.HAL_CAN_MspInit:0000000000000094 $d
     /tmp/ccoTcbY8.s:376    .text.HAL_CAN_MspDeInit:0000000000000000 $t
     /tmp/ccoTcbY8.s:381    .text.HAL_CAN_MspDeInit:0000000000000000 HAL_CAN_MspDeInit
     /tmp/ccoTcbY8.s:430    .text.HAL_CAN_MspDeInit:0000000000000038 $d
     /tmp/ccoTcbY8.s:437    .text.HAL_TIM_Encoder_MspInit:0000000000000000 $t
     /tmp/ccoTcbY8.s:442    .text.HAL_TIM_Encoder_MspInit:0000000000000000 HAL_TIM_Encoder_MspInit
     /tmp/ccoTcbY8.s:501    .text.HAL_TIM_Encoder_MspInit:000000000000003c $d
     /tmp/ccoTcbY8.s:506    .text.HAL_TIM_Encoder_MspDeInit:0000000000000000 $t
     /tmp/ccoTcbY8.s:511    .text.HAL_TIM_Encoder_MspDeInit:0000000000000000 HAL_TIM_Encoder_MspDeInit
     /tmp/ccoTcbY8.s:543    .text.HAL_TIM_Encoder_MspDeInit:0000000000000020 $d
     /tmp/ccoTcbY8.s:549    .text.HAL_UART_MspInit:0000000000000000 $t
     /tmp/ccoTcbY8.s:554    .text.HAL_UART_MspInit:0000000000000000 HAL_UART_MspInit
     /tmp/ccoTcbY8.s:631    .text.HAL_UART_MspInit:0000000000000054 $d
     /tmp/ccoTcbY8.s:637    .text.HAL_UART_MspDeInit:0000000000000000 $t
     /tmp/ccoTcbY8.s:642    .text.HAL_UART_MspDeInit:0000000000000000 HAL_UART_MspDeInit
     /tmp/ccoTcbY8.s:675    .text.HAL_UART_MspDeInit:0000000000000020 $d
                     .debug_frame:0000000000000010 $d

UNDEFINED SYMBOLS
HAL_NVIC_SetPriorityGrouping
HAL_NVIC_SetPriority
HAL_GPIO_Init
HAL_NVIC_EnableIRQ
HAL_GPIO_DeInit
HAL_NVIC_DisableIRQ
