ARM GAS  /tmp/cctlNr6W.s 			page 1


   1              		.syntax unified
   2              		.cpu cortex-m3
   3              		.fpu softvfp
   4              		.eabi_attribute 20, 1
   5              		.eabi_attribute 21, 1
   6              		.eabi_attribute 23, 3
   7              		.eabi_attribute 24, 1
   8              		.eabi_attribute 25, 1
   9              		.eabi_attribute 26, 1
  10              		.eabi_attribute 30, 1
  11              		.eabi_attribute 34, 1
  12              		.eabi_attribute 18, 4
  13              		.thumb
  14              		.file	"stm32f1xx_it.c"
  15              		.text
  16              	.Ltext0:
  17              		.cfi_sections	.debug_frame
  18              		.section	.text.NMI_Handler,"ax",%progbits
  19              		.align	2
  20              		.global	NMI_Handler
  21              		.thumb
  22              		.thumb_func
  24              	NMI_Handler:
  25              	.LFB63:
  26              		.file 1 "Src/stm32f1xx_it.c"
   1:Src/stm32f1xx_it.c **** /**
   2:Src/stm32f1xx_it.c ****   ******************************************************************************
   3:Src/stm32f1xx_it.c ****   * @file    stm32f1xx_it.c
   4:Src/stm32f1xx_it.c ****   * @brief   Interrupt Service Routines.
   5:Src/stm32f1xx_it.c ****   ******************************************************************************
   6:Src/stm32f1xx_it.c ****   *
   7:Src/stm32f1xx_it.c ****   * COPYRIGHT(c) 2018 STMicroelectronics
   8:Src/stm32f1xx_it.c ****   *
   9:Src/stm32f1xx_it.c ****   * Redistribution and use in source and binary forms, with or without modification,
  10:Src/stm32f1xx_it.c ****   * are permitted provided that the following conditions are met:
  11:Src/stm32f1xx_it.c ****   *   1. Redistributions of source code must retain the above copyright notice,
  12:Src/stm32f1xx_it.c ****   *      this list of conditions and the following disclaimer.
  13:Src/stm32f1xx_it.c ****   *   2. Redistributions in binary form must reproduce the above copyright notice,
  14:Src/stm32f1xx_it.c ****   *      this list of conditions and the following disclaimer in the documentation
  15:Src/stm32f1xx_it.c ****   *      and/or other materials provided with the distribution.
  16:Src/stm32f1xx_it.c ****   *   3. Neither the name of STMicroelectronics nor the names of its contributors
  17:Src/stm32f1xx_it.c ****   *      may be used to endorse or promote products derived from this software
  18:Src/stm32f1xx_it.c ****   *      without specific prior written permission.
  19:Src/stm32f1xx_it.c ****   *
  20:Src/stm32f1xx_it.c ****   * THIS SOFTWARE IS PROVIDED BY THE COPYRIGHT HOLDERS AND CONTRIBUTORS "AS IS"
  21:Src/stm32f1xx_it.c ****   * AND ANY EXPRESS OR IMPLIED WARRANTIES, INCLUDING, BUT NOT LIMITED TO, THE
  22:Src/stm32f1xx_it.c ****   * IMPLIED WARRANTIES OF MERCHANTABILITY AND FITNESS FOR A PARTICULAR PURPOSE ARE
  23:Src/stm32f1xx_it.c ****   * DISCLAIMED. IN NO EVENT SHALL THE COPYRIGHT HOLDER OR CONTRIBUTORS BE LIABLE
  24:Src/stm32f1xx_it.c ****   * FOR ANY DIRECT, INDIRECT, INCIDENTAL, SPECIAL, EXEMPLARY, OR CONSEQUENTIAL
  25:Src/stm32f1xx_it.c ****   * DAMAGES (INCLUDING, BUT NOT LIMITED TO, PROCUREMENT OF SUBSTITUTE GOODS OR
  26:Src/stm32f1xx_it.c ****   * SERVICES; LOSS OF USE, DATA, OR PROFITS; OR BUSINESS INTERRUPTION) HOWEVER
  27:Src/stm32f1xx_it.c ****   * CAUSED AND ON ANY THEORY OF LIABILITY, WHETHER IN CONTRACT, STRICT LIABILITY,
  28:Src/stm32f1xx_it.c ****   * OR TORT (INCLUDING NEGLIGENCE OR OTHERWISE) ARISING IN ANY WAY OUT OF THE USE
  29:Src/stm32f1xx_it.c ****   * OF THIS SOFTWARE, EVEN IF ADVISED OF THE POSSIBILITY OF SUCH DAMAGE.
  30:Src/stm32f1xx_it.c ****   *
  31:Src/stm32f1xx_it.c ****   ******************************************************************************
  32:Src/stm32f1xx_it.c ****   */
ARM GAS  /tmp/cctlNr6W.s 			page 2


  33:Src/stm32f1xx_it.c **** /* Includes ------------------------------------------------------------------*/
  34:Src/stm32f1xx_it.c **** #include "stm32f1xx_hal.h"
  35:Src/stm32f1xx_it.c **** #include "stm32f1xx.h"
  36:Src/stm32f1xx_it.c **** #include "stm32f1xx_it.h"
  37:Src/stm32f1xx_it.c **** 
  38:Src/stm32f1xx_it.c **** /* USER CODE BEGIN 0 */
  39:Src/stm32f1xx_it.c **** 
  40:Src/stm32f1xx_it.c **** /* USER CODE END 0 */
  41:Src/stm32f1xx_it.c **** 
  42:Src/stm32f1xx_it.c **** /* External variables --------------------------------------------------------*/
  43:Src/stm32f1xx_it.c **** extern ADC_HandleTypeDef hadc1;
  44:Src/stm32f1xx_it.c **** extern CAN_HandleTypeDef hcan1;
  45:Src/stm32f1xx_it.c **** 
  46:Src/stm32f1xx_it.c **** /******************************************************************************/
  47:Src/stm32f1xx_it.c **** /*            Cortex-M3 Processor Interruption and Exception Handlers         */ 
  48:Src/stm32f1xx_it.c **** /******************************************************************************/
  49:Src/stm32f1xx_it.c **** 
  50:Src/stm32f1xx_it.c **** /**
  51:Src/stm32f1xx_it.c **** * @brief This function handles Non maskable interrupt.
  52:Src/stm32f1xx_it.c **** */
  53:Src/stm32f1xx_it.c **** void NMI_Handler(void)
  54:Src/stm32f1xx_it.c **** {
  27              		.loc 1 54 0
  28              		.cfi_startproc
  29              		@ args = 0, pretend = 0, frame = 0
  30              		@ frame_needed = 0, uses_anonymous_args = 0
  31              		@ link register save eliminated.
  32 0000 7047     		bx	lr
  33              		.cfi_endproc
  34              	.LFE63:
  36 0002 00BF     		.section	.text.HardFault_Handler,"ax",%progbits
  37              		.align	2
  38              		.global	HardFault_Handler
  39              		.thumb
  40              		.thumb_func
  42              	HardFault_Handler:
  43              	.LFB64:
  55:Src/stm32f1xx_it.c ****   /* USER CODE BEGIN NonMaskableInt_IRQn 0 */
  56:Src/stm32f1xx_it.c **** 
  57:Src/stm32f1xx_it.c ****   /* USER CODE END NonMaskableInt_IRQn 0 */
  58:Src/stm32f1xx_it.c ****   /* USER CODE BEGIN NonMaskableInt_IRQn 1 */
  59:Src/stm32f1xx_it.c **** 
  60:Src/stm32f1xx_it.c ****   /* USER CODE END NonMaskableInt_IRQn 1 */
  61:Src/stm32f1xx_it.c **** }
  62:Src/stm32f1xx_it.c **** 
  63:Src/stm32f1xx_it.c **** /**
  64:Src/stm32f1xx_it.c **** * @brief This function handles Hard fault interrupt.
  65:Src/stm32f1xx_it.c **** */
  66:Src/stm32f1xx_it.c **** void HardFault_Handler(void)
  67:Src/stm32f1xx_it.c **** {
  44              		.loc 1 67 0
  45              		.cfi_startproc
  46              		@ Volatile: function does not return.
  47              		@ args = 0, pretend = 0, frame = 0
  48              		@ frame_needed = 0, uses_anonymous_args = 0
  49              		@ link register save eliminated.
  50              	.L3:
ARM GAS  /tmp/cctlNr6W.s 			page 3


  68:Src/stm32f1xx_it.c ****   /* USER CODE BEGIN HardFault_IRQn 0 */
  69:Src/stm32f1xx_it.c **** 
  70:Src/stm32f1xx_it.c ****   /* USER CODE END HardFault_IRQn 0 */
  71:Src/stm32f1xx_it.c ****   while (1)
  72:Src/stm32f1xx_it.c ****   {
  73:Src/stm32f1xx_it.c ****     /* USER CODE BEGIN W1_HardFault_IRQn 0 */
  74:Src/stm32f1xx_it.c ****     /* USER CODE END W1_HardFault_IRQn 0 */
  75:Src/stm32f1xx_it.c ****   }
  51              		.loc 1 75 0 discriminator 1
  52 0000 FEE7     		b	.L3
  53              		.cfi_endproc
  54              	.LFE64:
  56 0002 00BF     		.section	.text.MemManage_Handler,"ax",%progbits
  57              		.align	2
  58              		.global	MemManage_Handler
  59              		.thumb
  60              		.thumb_func
  62              	MemManage_Handler:
  63              	.LFB65:
  76:Src/stm32f1xx_it.c ****   /* USER CODE BEGIN HardFault_IRQn 1 */
  77:Src/stm32f1xx_it.c **** 
  78:Src/stm32f1xx_it.c ****   /* USER CODE END HardFault_IRQn 1 */
  79:Src/stm32f1xx_it.c **** }
  80:Src/stm32f1xx_it.c **** 
  81:Src/stm32f1xx_it.c **** /**
  82:Src/stm32f1xx_it.c **** * @brief This function handles Memory management fault.
  83:Src/stm32f1xx_it.c **** */
  84:Src/stm32f1xx_it.c **** void MemManage_Handler(void)
  85:Src/stm32f1xx_it.c **** {
  64              		.loc 1 85 0
  65              		.cfi_startproc
  66              		@ Volatile: function does not return.
  67              		@ args = 0, pretend = 0, frame = 0
  68              		@ frame_needed = 0, uses_anonymous_args = 0
  69              		@ link register save eliminated.
  70              	.L5:
  86:Src/stm32f1xx_it.c ****   /* USER CODE BEGIN MemoryManagement_IRQn 0 */
  87:Src/stm32f1xx_it.c **** 
  88:Src/stm32f1xx_it.c ****   /* USER CODE END MemoryManagement_IRQn 0 */
  89:Src/stm32f1xx_it.c ****   while (1)
  90:Src/stm32f1xx_it.c ****   {
  91:Src/stm32f1xx_it.c ****     /* USER CODE BEGIN W1_MemoryManagement_IRQn 0 */
  92:Src/stm32f1xx_it.c ****     /* USER CODE END W1_MemoryManagement_IRQn 0 */
  93:Src/stm32f1xx_it.c ****   }
  71              		.loc 1 93 0 discriminator 1
  72 0000 FEE7     		b	.L5
  73              		.cfi_endproc
  74              	.LFE65:
  76 0002 00BF     		.section	.text.BusFault_Handler,"ax",%progbits
  77              		.align	2
  78              		.global	BusFault_Handler
  79              		.thumb
  80              		.thumb_func
  82              	BusFault_Handler:
  83              	.LFB66:
  94:Src/stm32f1xx_it.c ****   /* USER CODE BEGIN MemoryManagement_IRQn 1 */
  95:Src/stm32f1xx_it.c **** 
ARM GAS  /tmp/cctlNr6W.s 			page 4


  96:Src/stm32f1xx_it.c ****   /* USER CODE END MemoryManagement_IRQn 1 */
  97:Src/stm32f1xx_it.c **** }
  98:Src/stm32f1xx_it.c **** 
  99:Src/stm32f1xx_it.c **** /**
 100:Src/stm32f1xx_it.c **** * @brief This function handles Prefetch fault, memory access fault.
 101:Src/stm32f1xx_it.c **** */
 102:Src/stm32f1xx_it.c **** void BusFault_Handler(void)
 103:Src/stm32f1xx_it.c **** {
  84              		.loc 1 103 0
  85              		.cfi_startproc
  86              		@ Volatile: function does not return.
  87              		@ args = 0, pretend = 0, frame = 0
  88              		@ frame_needed = 0, uses_anonymous_args = 0
  89              		@ link register save eliminated.
  90              	.L7:
 104:Src/stm32f1xx_it.c ****   /* USER CODE BEGIN BusFault_IRQn 0 */
 105:Src/stm32f1xx_it.c **** 
 106:Src/stm32f1xx_it.c ****   /* USER CODE END BusFault_IRQn 0 */
 107:Src/stm32f1xx_it.c ****   while (1)
 108:Src/stm32f1xx_it.c ****   {
 109:Src/stm32f1xx_it.c ****     /* USER CODE BEGIN W1_BusFault_IRQn 0 */
 110:Src/stm32f1xx_it.c ****     /* USER CODE END W1_BusFault_IRQn 0 */
 111:Src/stm32f1xx_it.c ****   }
  91              		.loc 1 111 0 discriminator 1
  92 0000 FEE7     		b	.L7
  93              		.cfi_endproc
  94              	.LFE66:
  96 0002 00BF     		.section	.text.UsageFault_Handler,"ax",%progbits
  97              		.align	2
  98              		.global	UsageFault_Handler
  99              		.thumb
 100              		.thumb_func
 102              	UsageFault_Handler:
 103              	.LFB67:
 112:Src/stm32f1xx_it.c ****   /* USER CODE BEGIN BusFault_IRQn 1 */
 113:Src/stm32f1xx_it.c **** 
 114:Src/stm32f1xx_it.c ****   /* USER CODE END BusFault_IRQn 1 */
 115:Src/stm32f1xx_it.c **** }
 116:Src/stm32f1xx_it.c **** 
 117:Src/stm32f1xx_it.c **** /**
 118:Src/stm32f1xx_it.c **** * @brief This function handles Undefined instruction or illegal state.
 119:Src/stm32f1xx_it.c **** */
 120:Src/stm32f1xx_it.c **** void UsageFault_Handler(void)
 121:Src/stm32f1xx_it.c **** {
 104              		.loc 1 121 0
 105              		.cfi_startproc
 106              		@ Volatile: function does not return.
 107              		@ args = 0, pretend = 0, frame = 0
 108              		@ frame_needed = 0, uses_anonymous_args = 0
 109              		@ link register save eliminated.
 110              	.L9:
 122:Src/stm32f1xx_it.c ****   /* USER CODE BEGIN UsageFault_IRQn 0 */
 123:Src/stm32f1xx_it.c **** 
 124:Src/stm32f1xx_it.c ****   /* USER CODE END UsageFault_IRQn 0 */
 125:Src/stm32f1xx_it.c ****   while (1)
 126:Src/stm32f1xx_it.c ****   {
 127:Src/stm32f1xx_it.c ****     /* USER CODE BEGIN W1_UsageFault_IRQn 0 */
ARM GAS  /tmp/cctlNr6W.s 			page 5


 128:Src/stm32f1xx_it.c ****     /* USER CODE END W1_UsageFault_IRQn 0 */
 129:Src/stm32f1xx_it.c ****   }
 111              		.loc 1 129 0 discriminator 1
 112 0000 FEE7     		b	.L9
 113              		.cfi_endproc
 114              	.LFE67:
 116 0002 00BF     		.section	.text.SVC_Handler,"ax",%progbits
 117              		.align	2
 118              		.global	SVC_Handler
 119              		.thumb
 120              		.thumb_func
 122              	SVC_Handler:
 123              	.LFB68:
 130:Src/stm32f1xx_it.c ****   /* USER CODE BEGIN UsageFault_IRQn 1 */
 131:Src/stm32f1xx_it.c **** 
 132:Src/stm32f1xx_it.c ****   /* USER CODE END UsageFault_IRQn 1 */
 133:Src/stm32f1xx_it.c **** }
 134:Src/stm32f1xx_it.c **** 
 135:Src/stm32f1xx_it.c **** /**
 136:Src/stm32f1xx_it.c **** * @brief This function handles System service call via SWI instruction.
 137:Src/stm32f1xx_it.c **** */
 138:Src/stm32f1xx_it.c **** void SVC_Handler(void)
 139:Src/stm32f1xx_it.c **** {
 124              		.loc 1 139 0
 125              		.cfi_startproc
 126              		@ args = 0, pretend = 0, frame = 0
 127              		@ frame_needed = 0, uses_anonymous_args = 0
 128              		@ link register save eliminated.
 129 0000 7047     		bx	lr
 130              		.cfi_endproc
 131              	.LFE68:
 133 0002 00BF     		.section	.text.DebugMon_Handler,"ax",%progbits
 134              		.align	2
 135              		.global	DebugMon_Handler
 136              		.thumb
 137              		.thumb_func
 139              	DebugMon_Handler:
 140              	.LFB69:
 140:Src/stm32f1xx_it.c ****   /* USER CODE BEGIN SVCall_IRQn 0 */
 141:Src/stm32f1xx_it.c **** 
 142:Src/stm32f1xx_it.c ****   /* USER CODE END SVCall_IRQn 0 */
 143:Src/stm32f1xx_it.c ****   /* USER CODE BEGIN SVCall_IRQn 1 */
 144:Src/stm32f1xx_it.c **** 
 145:Src/stm32f1xx_it.c ****   /* USER CODE END SVCall_IRQn 1 */
 146:Src/stm32f1xx_it.c **** }
 147:Src/stm32f1xx_it.c **** 
 148:Src/stm32f1xx_it.c **** /**
 149:Src/stm32f1xx_it.c **** * @brief This function handles Debug monitor.
 150:Src/stm32f1xx_it.c **** */
 151:Src/stm32f1xx_it.c **** void DebugMon_Handler(void)
 152:Src/stm32f1xx_it.c **** {
 141              		.loc 1 152 0
 142              		.cfi_startproc
 143              		@ args = 0, pretend = 0, frame = 0
 144              		@ frame_needed = 0, uses_anonymous_args = 0
 145              		@ link register save eliminated.
 146 0000 7047     		bx	lr
ARM GAS  /tmp/cctlNr6W.s 			page 6


 147              		.cfi_endproc
 148              	.LFE69:
 150 0002 00BF     		.section	.text.PendSV_Handler,"ax",%progbits
 151              		.align	2
 152              		.global	PendSV_Handler
 153              		.thumb
 154              		.thumb_func
 156              	PendSV_Handler:
 157              	.LFB70:
 153:Src/stm32f1xx_it.c ****   /* USER CODE BEGIN DebugMonitor_IRQn 0 */
 154:Src/stm32f1xx_it.c **** 
 155:Src/stm32f1xx_it.c ****   /* USER CODE END DebugMonitor_IRQn 0 */
 156:Src/stm32f1xx_it.c ****   /* USER CODE BEGIN DebugMonitor_IRQn 1 */
 157:Src/stm32f1xx_it.c **** 
 158:Src/stm32f1xx_it.c ****   /* USER CODE END DebugMonitor_IRQn 1 */
 159:Src/stm32f1xx_it.c **** }
 160:Src/stm32f1xx_it.c **** 
 161:Src/stm32f1xx_it.c **** /**
 162:Src/stm32f1xx_it.c **** * @brief This function handles Pendable request for system service.
 163:Src/stm32f1xx_it.c **** */
 164:Src/stm32f1xx_it.c **** void PendSV_Handler(void)
 165:Src/stm32f1xx_it.c **** {
 158              		.loc 1 165 0
 159              		.cfi_startproc
 160              		@ args = 0, pretend = 0, frame = 0
 161              		@ frame_needed = 0, uses_anonymous_args = 0
 162              		@ link register save eliminated.
 163 0000 7047     		bx	lr
 164              		.cfi_endproc
 165              	.LFE70:
 167 0002 00BF     		.section	.text.SysTick_Handler,"ax",%progbits
 168              		.align	2
 169              		.global	SysTick_Handler
 170              		.thumb
 171              		.thumb_func
 173              	SysTick_Handler:
 174              	.LFB71:
 166:Src/stm32f1xx_it.c ****   /* USER CODE BEGIN PendSV_IRQn 0 */
 167:Src/stm32f1xx_it.c **** 
 168:Src/stm32f1xx_it.c ****   /* USER CODE END PendSV_IRQn 0 */
 169:Src/stm32f1xx_it.c ****   /* USER CODE BEGIN PendSV_IRQn 1 */
 170:Src/stm32f1xx_it.c **** 
 171:Src/stm32f1xx_it.c ****   /* USER CODE END PendSV_IRQn 1 */
 172:Src/stm32f1xx_it.c **** }
 173:Src/stm32f1xx_it.c **** 
 174:Src/stm32f1xx_it.c **** /**
 175:Src/stm32f1xx_it.c **** * @brief This function handles System tick timer.
 176:Src/stm32f1xx_it.c **** */
 177:Src/stm32f1xx_it.c **** void SysTick_Handler(void)
 178:Src/stm32f1xx_it.c **** {
 175              		.loc 1 178 0
 176              		.cfi_startproc
 177              		@ args = 0, pretend = 0, frame = 0
 178              		@ frame_needed = 0, uses_anonymous_args = 0
 179              		.loc 1 178 0
 180 0000 08B5     		push	{r3, lr}
 181              	.LCFI0:
ARM GAS  /tmp/cctlNr6W.s 			page 7


 182              		.cfi_def_cfa_offset 8
 183              		.cfi_offset 3, -8
 184              		.cfi_offset 14, -4
 179:Src/stm32f1xx_it.c ****   /* USER CODE BEGIN SysTick_IRQn 0 */
 180:Src/stm32f1xx_it.c **** 
 181:Src/stm32f1xx_it.c ****   /* USER CODE END SysTick_IRQn 0 */
 182:Src/stm32f1xx_it.c ****   HAL_IncTick();
 185              		.loc 1 182 0
 186 0002 FFF7FEFF 		bl	HAL_IncTick
 187              	.LVL0:
 183:Src/stm32f1xx_it.c ****   HAL_SYSTICK_IRQHandler();
 188              		.loc 1 183 0
 189 0006 FFF7FEFF 		bl	HAL_SYSTICK_IRQHandler
 190              	.LVL1:
 191 000a 08BD     		pop	{r3, pc}
 192              		.cfi_endproc
 193              	.LFE71:
 195              		.section	.text.EXTI2_IRQHandler,"ax",%progbits
 196              		.align	2
 197              		.global	EXTI2_IRQHandler
 198              		.thumb
 199              		.thumb_func
 201              	EXTI2_IRQHandler:
 202              	.LFB72:
 184:Src/stm32f1xx_it.c ****   /* USER CODE BEGIN SysTick_IRQn 1 */
 185:Src/stm32f1xx_it.c **** 
 186:Src/stm32f1xx_it.c ****   /* USER CODE END SysTick_IRQn 1 */
 187:Src/stm32f1xx_it.c **** }
 188:Src/stm32f1xx_it.c **** 
 189:Src/stm32f1xx_it.c **** /******************************************************************************/
 190:Src/stm32f1xx_it.c **** /* STM32F1xx Peripheral Interrupt Handlers                                    */
 191:Src/stm32f1xx_it.c **** /* Add here the Interrupt Handlers for the used peripherals.                  */
 192:Src/stm32f1xx_it.c **** /* For the available peripheral interrupt handler names,                      */
 193:Src/stm32f1xx_it.c **** /* please refer to the startup file (startup_stm32f1xx.s).                    */
 194:Src/stm32f1xx_it.c **** /******************************************************************************/
 195:Src/stm32f1xx_it.c **** 
 196:Src/stm32f1xx_it.c **** /**
 197:Src/stm32f1xx_it.c **** * @brief This function handles EXTI line2 interrupt.
 198:Src/stm32f1xx_it.c **** */
 199:Src/stm32f1xx_it.c **** void EXTI2_IRQHandler(void)
 200:Src/stm32f1xx_it.c **** {
 203              		.loc 1 200 0
 204              		.cfi_startproc
 205              		@ args = 0, pretend = 0, frame = 0
 206              		@ frame_needed = 0, uses_anonymous_args = 0
 207 0000 08B5     		push	{r3, lr}
 208              	.LCFI1:
 209              		.cfi_def_cfa_offset 8
 210              		.cfi_offset 3, -8
 211              		.cfi_offset 14, -4
 201:Src/stm32f1xx_it.c ****   /* USER CODE BEGIN EXTI2_IRQn 0 */
 202:Src/stm32f1xx_it.c **** 
 203:Src/stm32f1xx_it.c ****   /* USER CODE END EXTI2_IRQn 0 */
 204:Src/stm32f1xx_it.c ****   HAL_GPIO_EXTI_IRQHandler(GPIO_PIN_2);
 212              		.loc 1 204 0
 213 0002 0420     		movs	r0, #4
 214 0004 FFF7FEFF 		bl	HAL_GPIO_EXTI_IRQHandler
ARM GAS  /tmp/cctlNr6W.s 			page 8


 215              	.LVL2:
 216 0008 08BD     		pop	{r3, pc}
 217              		.cfi_endproc
 218              	.LFE72:
 220 000a 00BF     		.section	.text.ADC1_2_IRQHandler,"ax",%progbits
 221              		.align	2
 222              		.global	ADC1_2_IRQHandler
 223              		.thumb
 224              		.thumb_func
 226              	ADC1_2_IRQHandler:
 227              	.LFB73:
 205:Src/stm32f1xx_it.c ****   /* USER CODE BEGIN EXTI2_IRQn 1 */
 206:Src/stm32f1xx_it.c **** 
 207:Src/stm32f1xx_it.c ****   /* USER CODE END EXTI2_IRQn 1 */
 208:Src/stm32f1xx_it.c **** }
 209:Src/stm32f1xx_it.c **** 
 210:Src/stm32f1xx_it.c **** /**
 211:Src/stm32f1xx_it.c **** * @brief This function handles ADC1 and ADC2 global interrupts.
 212:Src/stm32f1xx_it.c **** */
 213:Src/stm32f1xx_it.c **** void ADC1_2_IRQHandler(void)
 214:Src/stm32f1xx_it.c **** {
 228              		.loc 1 214 0
 229              		.cfi_startproc
 230              		@ args = 0, pretend = 0, frame = 0
 231              		@ frame_needed = 0, uses_anonymous_args = 0
 232 0000 08B5     		push	{r3, lr}
 233              	.LCFI2:
 234              		.cfi_def_cfa_offset 8
 235              		.cfi_offset 3, -8
 236              		.cfi_offset 14, -4
 215:Src/stm32f1xx_it.c ****   /* USER CODE BEGIN ADC1_2_IRQn 0 */
 216:Src/stm32f1xx_it.c **** 
 217:Src/stm32f1xx_it.c ****   /* USER CODE END ADC1_2_IRQn 0 */
 218:Src/stm32f1xx_it.c ****   HAL_ADC_IRQHandler(&hadc1);
 237              		.loc 1 218 0
 238 0002 0248     		ldr	r0, .L19
 239 0004 FFF7FEFF 		bl	HAL_ADC_IRQHandler
 240              	.LVL3:
 241 0008 08BD     		pop	{r3, pc}
 242              	.L20:
 243 000a 00BF     		.align	2
 244              	.L19:
 245 000c 00000000 		.word	hadc1
 246              		.cfi_endproc
 247              	.LFE73:
 249              		.section	.text.CAN1_TX_IRQHandler,"ax",%progbits
 250              		.align	2
 251              		.global	CAN1_TX_IRQHandler
 252              		.thumb
 253              		.thumb_func
 255              	CAN1_TX_IRQHandler:
 256              	.LFB74:
 219:Src/stm32f1xx_it.c ****   /* USER CODE BEGIN ADC1_2_IRQn 1 */
 220:Src/stm32f1xx_it.c **** 
 221:Src/stm32f1xx_it.c ****   /* USER CODE END ADC1_2_IRQn 1 */
 222:Src/stm32f1xx_it.c **** }
 223:Src/stm32f1xx_it.c **** 
ARM GAS  /tmp/cctlNr6W.s 			page 9


 224:Src/stm32f1xx_it.c **** /**
 225:Src/stm32f1xx_it.c **** * @brief This function handles CAN1 TX interrupt.
 226:Src/stm32f1xx_it.c **** */
 227:Src/stm32f1xx_it.c **** void CAN1_TX_IRQHandler(void)
 228:Src/stm32f1xx_it.c **** {
 257              		.loc 1 228 0
 258              		.cfi_startproc
 259              		@ args = 0, pretend = 0, frame = 0
 260              		@ frame_needed = 0, uses_anonymous_args = 0
 261 0000 08B5     		push	{r3, lr}
 262              	.LCFI3:
 263              		.cfi_def_cfa_offset 8
 264              		.cfi_offset 3, -8
 265              		.cfi_offset 14, -4
 229:Src/stm32f1xx_it.c ****   /* USER CODE BEGIN CAN1_TX_IRQn 0 */
 230:Src/stm32f1xx_it.c **** 
 231:Src/stm32f1xx_it.c ****   /* USER CODE END CAN1_TX_IRQn 0 */
 232:Src/stm32f1xx_it.c ****   HAL_CAN_IRQHandler(&hcan1);
 266              		.loc 1 232 0
 267 0002 0248     		ldr	r0, .L23
 268 0004 FFF7FEFF 		bl	HAL_CAN_IRQHandler
 269              	.LVL4:
 270 0008 08BD     		pop	{r3, pc}
 271              	.L24:
 272 000a 00BF     		.align	2
 273              	.L23:
 274 000c 00000000 		.word	hcan1
 275              		.cfi_endproc
 276              	.LFE74:
 278              		.section	.text.CAN1_RX0_IRQHandler,"ax",%progbits
 279              		.align	2
 280              		.global	CAN1_RX0_IRQHandler
 281              		.thumb
 282              		.thumb_func
 284              	CAN1_RX0_IRQHandler:
 285              	.LFB75:
 233:Src/stm32f1xx_it.c ****   /* USER CODE BEGIN CAN1_TX_IRQn 1 */
 234:Src/stm32f1xx_it.c **** 
 235:Src/stm32f1xx_it.c ****   /* USER CODE END CAN1_TX_IRQn 1 */
 236:Src/stm32f1xx_it.c **** }
 237:Src/stm32f1xx_it.c **** 
 238:Src/stm32f1xx_it.c **** /**
 239:Src/stm32f1xx_it.c **** * @brief This function handles CAN1 RX0 interrupt.
 240:Src/stm32f1xx_it.c **** */
 241:Src/stm32f1xx_it.c **** void CAN1_RX0_IRQHandler(void)
 242:Src/stm32f1xx_it.c **** {
 286              		.loc 1 242 0
 287              		.cfi_startproc
 288              		@ args = 0, pretend = 0, frame = 0
 289              		@ frame_needed = 0, uses_anonymous_args = 0
 290 0000 08B5     		push	{r3, lr}
 291              	.LCFI4:
 292              		.cfi_def_cfa_offset 8
 293              		.cfi_offset 3, -8
 294              		.cfi_offset 14, -4
 243:Src/stm32f1xx_it.c ****   /* USER CODE BEGIN CAN1_RX0_IRQn 0 */
 244:Src/stm32f1xx_it.c **** 
ARM GAS  /tmp/cctlNr6W.s 			page 10


 245:Src/stm32f1xx_it.c ****   /* USER CODE END CAN1_RX0_IRQn 0 */
 246:Src/stm32f1xx_it.c ****   HAL_CAN_IRQHandler(&hcan1);
 295              		.loc 1 246 0
 296 0002 0248     		ldr	r0, .L27
 297 0004 FFF7FEFF 		bl	HAL_CAN_IRQHandler
 298              	.LVL5:
 299 0008 08BD     		pop	{r3, pc}
 300              	.L28:
 301 000a 00BF     		.align	2
 302              	.L27:
 303 000c 00000000 		.word	hcan1
 304              		.cfi_endproc
 305              	.LFE75:
 307              		.section	.text.CAN1_RX1_IRQHandler,"ax",%progbits
 308              		.align	2
 309              		.global	CAN1_RX1_IRQHandler
 310              		.thumb
 311              		.thumb_func
 313              	CAN1_RX1_IRQHandler:
 314              	.LFB76:
 247:Src/stm32f1xx_it.c ****   /* USER CODE BEGIN CAN1_RX0_IRQn 1 */
 248:Src/stm32f1xx_it.c **** 
 249:Src/stm32f1xx_it.c ****   /* USER CODE END CAN1_RX0_IRQn 1 */
 250:Src/stm32f1xx_it.c **** }
 251:Src/stm32f1xx_it.c **** 
 252:Src/stm32f1xx_it.c **** /**
 253:Src/stm32f1xx_it.c **** * @brief This function handles CAN1 RX1 interrupt.
 254:Src/stm32f1xx_it.c **** */
 255:Src/stm32f1xx_it.c **** void CAN1_RX1_IRQHandler(void)
 256:Src/stm32f1xx_it.c **** {
 315              		.loc 1 256 0
 316              		.cfi_startproc
 317              		@ args = 0, pretend = 0, frame = 0
 318              		@ frame_needed = 0, uses_anonymous_args = 0
 319 0000 08B5     		push	{r3, lr}
 320              	.LCFI5:
 321              		.cfi_def_cfa_offset 8
 322              		.cfi_offset 3, -8
 323              		.cfi_offset 14, -4
 257:Src/stm32f1xx_it.c ****   /* USER CODE BEGIN CAN1_RX1_IRQn 0 */
 258:Src/stm32f1xx_it.c **** 
 259:Src/stm32f1xx_it.c ****   /* USER CODE END CAN1_RX1_IRQn 0 */
 260:Src/stm32f1xx_it.c ****   HAL_CAN_IRQHandler(&hcan1);
 324              		.loc 1 260 0
 325 0002 0248     		ldr	r0, .L31
 326 0004 FFF7FEFF 		bl	HAL_CAN_IRQHandler
 327              	.LVL6:
 328 0008 08BD     		pop	{r3, pc}
 329              	.L32:
 330 000a 00BF     		.align	2
 331              	.L31:
 332 000c 00000000 		.word	hcan1
 333              		.cfi_endproc
 334              	.LFE76:
 336              		.section	.text.CAN1_SCE_IRQHandler,"ax",%progbits
 337              		.align	2
 338              		.global	CAN1_SCE_IRQHandler
ARM GAS  /tmp/cctlNr6W.s 			page 11


 339              		.thumb
 340              		.thumb_func
 342              	CAN1_SCE_IRQHandler:
 343              	.LFB77:
 261:Src/stm32f1xx_it.c ****   /* USER CODE BEGIN CAN1_RX1_IRQn 1 */
 262:Src/stm32f1xx_it.c **** 
 263:Src/stm32f1xx_it.c ****   /* USER CODE END CAN1_RX1_IRQn 1 */
 264:Src/stm32f1xx_it.c **** }
 265:Src/stm32f1xx_it.c **** 
 266:Src/stm32f1xx_it.c **** /**
 267:Src/stm32f1xx_it.c **** * @brief This function handles CAN1 SCE interrupt.
 268:Src/stm32f1xx_it.c **** */
 269:Src/stm32f1xx_it.c **** void CAN1_SCE_IRQHandler(void)
 270:Src/stm32f1xx_it.c **** {
 344              		.loc 1 270 0
 345              		.cfi_startproc
 346              		@ args = 0, pretend = 0, frame = 0
 347              		@ frame_needed = 0, uses_anonymous_args = 0
 348 0000 08B5     		push	{r3, lr}
 349              	.LCFI6:
 350              		.cfi_def_cfa_offset 8
 351              		.cfi_offset 3, -8
 352              		.cfi_offset 14, -4
 271:Src/stm32f1xx_it.c ****   /* USER CODE BEGIN CAN1_SCE_IRQn 0 */
 272:Src/stm32f1xx_it.c **** 
 273:Src/stm32f1xx_it.c ****   /* USER CODE END CAN1_SCE_IRQn 0 */
 274:Src/stm32f1xx_it.c ****   HAL_CAN_IRQHandler(&hcan1);
 353              		.loc 1 274 0
 354 0002 0248     		ldr	r0, .L35
 355 0004 FFF7FEFF 		bl	HAL_CAN_IRQHandler
 356              	.LVL7:
 357 0008 08BD     		pop	{r3, pc}
 358              	.L36:
 359 000a 00BF     		.align	2
 360              	.L35:
 361 000c 00000000 		.word	hcan1
 362              		.cfi_endproc
 363              	.LFE77:
 365              		.text
 366              	.Letext0:
 367              		.file 2 "/usr/include/newlib/machine/_default_types.h"
 368              		.file 3 "/usr/include/newlib/sys/_stdint.h"
 369              		.file 4 "../../shared/firmware/Drivers/CMSIS/Device/ST/STM32F1xx/Include/stm32f105xc.h"
 370              		.file 5 "../../shared/firmware/Drivers/STM32F1xx_HAL_Driver/Inc/stm32f1xx_hal_def.h"
 371              		.file 6 "../../shared/firmware/Drivers/STM32F1xx_HAL_Driver/Inc/stm32f1xx_hal_dma.h"
 372              		.file 7 "../../shared/firmware/Drivers/STM32F1xx_HAL_Driver/Inc/stm32f1xx_hal_can.h"
 373              		.file 8 "../../shared/firmware/Drivers/STM32F1xx_HAL_Driver/Inc/stm32f1xx_hal_adc.h"
 374              		.file 9 "../../shared/firmware/Drivers/CMSIS/Include/core_cm3.h"
 375              		.file 10 "../../shared/firmware/Drivers/STM32F1xx_HAL_Driver/Inc/stm32f1xx_hal.h"
 376              		.file 11 "../../shared/firmware/Drivers/STM32F1xx_HAL_Driver/Inc/stm32f1xx_hal_cortex.h"
 377              		.file 12 "../../shared/firmware/Drivers/STM32F1xx_HAL_Driver/Inc/stm32f1xx_hal_gpio.h"
ARM GAS  /tmp/cctlNr6W.s 			page 12


DEFINED SYMBOLS
                            *ABS*:0000000000000000 stm32f1xx_it.c
     /tmp/cctlNr6W.s:19     .text.NMI_Handler:0000000000000000 $t
     /tmp/cctlNr6W.s:24     .text.NMI_Handler:0000000000000000 NMI_Handler
     /tmp/cctlNr6W.s:37     .text.HardFault_Handler:0000000000000000 $t
     /tmp/cctlNr6W.s:42     .text.HardFault_Handler:0000000000000000 HardFault_Handler
     /tmp/cctlNr6W.s:57     .text.MemManage_Handler:0000000000000000 $t
     /tmp/cctlNr6W.s:62     .text.MemManage_Handler:0000000000000000 MemManage_Handler
     /tmp/cctlNr6W.s:77     .text.BusFault_Handler:0000000000000000 $t
     /tmp/cctlNr6W.s:82     .text.BusFault_Handler:0000000000000000 BusFault_Handler
     /tmp/cctlNr6W.s:97     .text.UsageFault_Handler:0000000000000000 $t
     /tmp/cctlNr6W.s:102    .text.UsageFault_Handler:0000000000000000 UsageFault_Handler
     /tmp/cctlNr6W.s:117    .text.SVC_Handler:0000000000000000 $t
     /tmp/cctlNr6W.s:122    .text.SVC_Handler:0000000000000000 SVC_Handler
     /tmp/cctlNr6W.s:134    .text.DebugMon_Handler:0000000000000000 $t
     /tmp/cctlNr6W.s:139    .text.DebugMon_Handler:0000000000000000 DebugMon_Handler
     /tmp/cctlNr6W.s:151    .text.PendSV_Handler:0000000000000000 $t
     /tmp/cctlNr6W.s:156    .text.PendSV_Handler:0000000000000000 PendSV_Handler
     /tmp/cctlNr6W.s:168    .text.SysTick_Handler:0000000000000000 $t
     /tmp/cctlNr6W.s:173    .text.SysTick_Handler:0000000000000000 SysTick_Handler
     /tmp/cctlNr6W.s:196    .text.EXTI2_IRQHandler:0000000000000000 $t
     /tmp/cctlNr6W.s:201    .text.EXTI2_IRQHandler:0000000000000000 EXTI2_IRQHandler
     /tmp/cctlNr6W.s:221    .text.ADC1_2_IRQHandler:0000000000000000 $t
     /tmp/cctlNr6W.s:226    .text.ADC1_2_IRQHandler:0000000000000000 ADC1_2_IRQHandler
     /tmp/cctlNr6W.s:245    .text.ADC1_2_IRQHandler:000000000000000c $d
     /tmp/cctlNr6W.s:250    .text.CAN1_TX_IRQHandler:0000000000000000 $t
     /tmp/cctlNr6W.s:255    .text.CAN1_TX_IRQHandler:0000000000000000 CAN1_TX_IRQHandler
     /tmp/cctlNr6W.s:274    .text.CAN1_TX_IRQHandler:000000000000000c $d
     /tmp/cctlNr6W.s:279    .text.CAN1_RX0_IRQHandler:0000000000000000 $t
     /tmp/cctlNr6W.s:284    .text.CAN1_RX0_IRQHandler:0000000000000000 CAN1_RX0_IRQHandler
     /tmp/cctlNr6W.s:303    .text.CAN1_RX0_IRQHandler:000000000000000c $d
     /tmp/cctlNr6W.s:308    .text.CAN1_RX1_IRQHandler:0000000000000000 $t
     /tmp/cctlNr6W.s:313    .text.CAN1_RX1_IRQHandler:0000000000000000 CAN1_RX1_IRQHandler
     /tmp/cctlNr6W.s:332    .text.CAN1_RX1_IRQHandler:000000000000000c $d
     /tmp/cctlNr6W.s:337    .text.CAN1_SCE_IRQHandler:0000000000000000 $t
     /tmp/cctlNr6W.s:342    .text.CAN1_SCE_IRQHandler:0000000000000000 CAN1_SCE_IRQHandler
     /tmp/cctlNr6W.s:361    .text.CAN1_SCE_IRQHandler:000000000000000c $d
                     .debug_frame:0000000000000010 $d

UNDEFINED SYMBOLS
HAL_IncTick
HAL_SYSTICK_IRQHandler
HAL_GPIO_EXTI_IRQHandler
HAL_ADC_IRQHandler
hadc1
HAL_CAN_IRQHandler
hcan1
