ARM GAS  /tmp/ccpgqK1X.s 			page 1


   1              		.syntax unified
   2              		.cpu cortex-m3
   3              		.fpu softvfp
   4              		.eabi_attribute 20, 1
   5              		.eabi_attribute 21, 1
   6              		.eabi_attribute 23, 3
   7              		.eabi_attribute 24, 1
   8              		.eabi_attribute 25, 1
   9              		.eabi_attribute 26, 1
  10              		.eabi_attribute 30, 1
  11              		.eabi_attribute 34, 1
  12              		.eabi_attribute 18, 4
  13              		.thumb
  14              		.file	"stm32f1xx_it.c"
  15              		.text
  16              	.Ltext0:
  17              		.cfi_sections	.debug_frame
  18              		.section	.text.NMI_Handler,"ax",%progbits
  19              		.align	2
  20              		.global	NMI_Handler
  21              		.thumb
  22              		.thumb_func
  24              	NMI_Handler:
  25              	.LFB63:
  26              		.file 1 "Src/stm32f1xx_it.c"
   1:Src/stm32f1xx_it.c **** /**
   2:Src/stm32f1xx_it.c ****   ******************************************************************************
   3:Src/stm32f1xx_it.c ****   * @file    stm32f1xx_it.c
   4:Src/stm32f1xx_it.c ****   * @brief   Interrupt Service Routines.
   5:Src/stm32f1xx_it.c ****   ******************************************************************************
   6:Src/stm32f1xx_it.c ****   *
   7:Src/stm32f1xx_it.c ****   * COPYRIGHT(c) 2018 STMicroelectronics
   8:Src/stm32f1xx_it.c ****   *
   9:Src/stm32f1xx_it.c ****   * Redistribution and use in source and binary forms, with or without modification,
  10:Src/stm32f1xx_it.c ****   * are permitted provided that the following conditions are met:
  11:Src/stm32f1xx_it.c ****   *   1. Redistributions of source code must retain the above copyright notice,
  12:Src/stm32f1xx_it.c ****   *      this list of conditions and the following disclaimer.
  13:Src/stm32f1xx_it.c ****   *   2. Redistributions in binary form must reproduce the above copyright notice,
  14:Src/stm32f1xx_it.c ****   *      this list of conditions and the following disclaimer in the documentation
  15:Src/stm32f1xx_it.c ****   *      and/or other materials provided with the distribution.
  16:Src/stm32f1xx_it.c ****   *   3. Neither the name of STMicroelectronics nor the names of its contributors
  17:Src/stm32f1xx_it.c ****   *      may be used to endorse or promote products derived from this software
  18:Src/stm32f1xx_it.c ****   *      without specific prior written permission.
  19:Src/stm32f1xx_it.c ****   *
  20:Src/stm32f1xx_it.c ****   * THIS SOFTWARE IS PROVIDED BY THE COPYRIGHT HOLDERS AND CONTRIBUTORS "AS IS"
  21:Src/stm32f1xx_it.c ****   * AND ANY EXPRESS OR IMPLIED WARRANTIES, INCLUDING, BUT NOT LIMITED TO, THE
  22:Src/stm32f1xx_it.c ****   * IMPLIED WARRANTIES OF MERCHANTABILITY AND FITNESS FOR A PARTICULAR PURPOSE ARE
  23:Src/stm32f1xx_it.c ****   * DISCLAIMED. IN NO EVENT SHALL THE COPYRIGHT HOLDER OR CONTRIBUTORS BE LIABLE
  24:Src/stm32f1xx_it.c ****   * FOR ANY DIRECT, INDIRECT, INCIDENTAL, SPECIAL, EXEMPLARY, OR CONSEQUENTIAL
  25:Src/stm32f1xx_it.c ****   * DAMAGES (INCLUDING, BUT NOT LIMITED TO, PROCUREMENT OF SUBSTITUTE GOODS OR
  26:Src/stm32f1xx_it.c ****   * SERVICES; LOSS OF USE, DATA, OR PROFITS; OR BUSINESS INTERRUPTION) HOWEVER
  27:Src/stm32f1xx_it.c ****   * CAUSED AND ON ANY THEORY OF LIABILITY, WHETHER IN CONTRACT, STRICT LIABILITY,
  28:Src/stm32f1xx_it.c ****   * OR TORT (INCLUDING NEGLIGENCE OR OTHERWISE) ARISING IN ANY WAY OUT OF THE USE
  29:Src/stm32f1xx_it.c ****   * OF THIS SOFTWARE, EVEN IF ADVISED OF THE POSSIBILITY OF SUCH DAMAGE.
  30:Src/stm32f1xx_it.c ****   *
  31:Src/stm32f1xx_it.c ****   ******************************************************************************
  32:Src/stm32f1xx_it.c ****   */
ARM GAS  /tmp/ccpgqK1X.s 			page 2


  33:Src/stm32f1xx_it.c **** /* Includes ------------------------------------------------------------------*/
  34:Src/stm32f1xx_it.c **** #include "stm32f1xx_hal.h"
  35:Src/stm32f1xx_it.c **** #include "stm32f1xx.h"
  36:Src/stm32f1xx_it.c **** #include "stm32f1xx_it.h"
  37:Src/stm32f1xx_it.c **** 
  38:Src/stm32f1xx_it.c **** /* USER CODE BEGIN 0 */
  39:Src/stm32f1xx_it.c **** #include "globals.h"
  40:Src/stm32f1xx_it.c **** #include "vesc.h"
  41:Src/stm32f1xx_it.c **** /* USER CODE END 0 */
  42:Src/stm32f1xx_it.c **** 
  43:Src/stm32f1xx_it.c **** /* External variables --------------------------------------------------------*/
  44:Src/stm32f1xx_it.c **** extern CAN_HandleTypeDef hcan1;
  45:Src/stm32f1xx_it.c **** extern CAN_HandleTypeDef hcan2;
  46:Src/stm32f1xx_it.c **** extern UART_HandleTypeDef huart4;
  47:Src/stm32f1xx_it.c **** 
  48:Src/stm32f1xx_it.c **** /******************************************************************************/
  49:Src/stm32f1xx_it.c **** /*            Cortex-M3 Processor Interruption and Exception Handlers         */ 
  50:Src/stm32f1xx_it.c **** /******************************************************************************/
  51:Src/stm32f1xx_it.c **** 
  52:Src/stm32f1xx_it.c **** /**
  53:Src/stm32f1xx_it.c **** * @brief This function handles Non maskable interrupt.
  54:Src/stm32f1xx_it.c **** */
  55:Src/stm32f1xx_it.c **** void NMI_Handler(void)
  56:Src/stm32f1xx_it.c **** {
  27              		.loc 1 56 0
  28              		.cfi_startproc
  29              		@ args = 0, pretend = 0, frame = 0
  30              		@ frame_needed = 0, uses_anonymous_args = 0
  31              		@ link register save eliminated.
  32 0000 7047     		bx	lr
  33              		.cfi_endproc
  34              	.LFE63:
  36 0002 00BF     		.section	.text.HardFault_Handler,"ax",%progbits
  37              		.align	2
  38              		.global	HardFault_Handler
  39              		.thumb
  40              		.thumb_func
  42              	HardFault_Handler:
  43              	.LFB64:
  57:Src/stm32f1xx_it.c ****   /* USER CODE BEGIN NonMaskableInt_IRQn 0 */
  58:Src/stm32f1xx_it.c **** 
  59:Src/stm32f1xx_it.c ****   /* USER CODE END NonMaskableInt_IRQn 0 */
  60:Src/stm32f1xx_it.c ****   /* USER CODE BEGIN NonMaskableInt_IRQn 1 */
  61:Src/stm32f1xx_it.c **** 
  62:Src/stm32f1xx_it.c ****   /* USER CODE END NonMaskableInt_IRQn 1 */
  63:Src/stm32f1xx_it.c **** }
  64:Src/stm32f1xx_it.c **** 
  65:Src/stm32f1xx_it.c **** /**
  66:Src/stm32f1xx_it.c **** * @brief This function handles Hard fault interrupt.
  67:Src/stm32f1xx_it.c **** */
  68:Src/stm32f1xx_it.c **** void HardFault_Handler(void)
  69:Src/stm32f1xx_it.c **** {
  44              		.loc 1 69 0
  45              		.cfi_startproc
  46              		@ Volatile: function does not return.
  47              		@ args = 0, pretend = 0, frame = 0
  48              		@ frame_needed = 0, uses_anonymous_args = 0
ARM GAS  /tmp/ccpgqK1X.s 			page 3


  49              		@ link register save eliminated.
  50              	.L3:
  70:Src/stm32f1xx_it.c ****   /* USER CODE BEGIN HardFault_IRQn 0 */
  71:Src/stm32f1xx_it.c **** 
  72:Src/stm32f1xx_it.c ****   /* USER CODE END HardFault_IRQn 0 */
  73:Src/stm32f1xx_it.c ****   while (1)
  74:Src/stm32f1xx_it.c ****   {
  75:Src/stm32f1xx_it.c ****     /* USER CODE BEGIN W1_HardFault_IRQn 0 */
  76:Src/stm32f1xx_it.c ****     /* USER CODE END W1_HardFault_IRQn 0 */
  77:Src/stm32f1xx_it.c ****   }
  51              		.loc 1 77 0 discriminator 1
  52 0000 FEE7     		b	.L3
  53              		.cfi_endproc
  54              	.LFE64:
  56 0002 00BF     		.section	.text.MemManage_Handler,"ax",%progbits
  57              		.align	2
  58              		.global	MemManage_Handler
  59              		.thumb
  60              		.thumb_func
  62              	MemManage_Handler:
  63              	.LFB65:
  78:Src/stm32f1xx_it.c ****   /* USER CODE BEGIN HardFault_IRQn 1 */
  79:Src/stm32f1xx_it.c **** 
  80:Src/stm32f1xx_it.c ****   /* USER CODE END HardFault_IRQn 1 */
  81:Src/stm32f1xx_it.c **** }
  82:Src/stm32f1xx_it.c **** 
  83:Src/stm32f1xx_it.c **** /**
  84:Src/stm32f1xx_it.c **** * @brief This function handles Memory management fault.
  85:Src/stm32f1xx_it.c **** */
  86:Src/stm32f1xx_it.c **** void MemManage_Handler(void)
  87:Src/stm32f1xx_it.c **** {
  64              		.loc 1 87 0
  65              		.cfi_startproc
  66              		@ Volatile: function does not return.
  67              		@ args = 0, pretend = 0, frame = 0
  68              		@ frame_needed = 0, uses_anonymous_args = 0
  69              		@ link register save eliminated.
  70              	.L5:
  88:Src/stm32f1xx_it.c ****   /* USER CODE BEGIN MemoryManagement_IRQn 0 */
  89:Src/stm32f1xx_it.c **** 
  90:Src/stm32f1xx_it.c ****   /* USER CODE END MemoryManagement_IRQn 0 */
  91:Src/stm32f1xx_it.c ****   while (1)
  92:Src/stm32f1xx_it.c ****   {
  93:Src/stm32f1xx_it.c ****     /* USER CODE BEGIN W1_MemoryManagement_IRQn 0 */
  94:Src/stm32f1xx_it.c ****     /* USER CODE END W1_MemoryManagement_IRQn 0 */
  95:Src/stm32f1xx_it.c ****   }
  71              		.loc 1 95 0 discriminator 1
  72 0000 FEE7     		b	.L5
  73              		.cfi_endproc
  74              	.LFE65:
  76 0002 00BF     		.section	.text.BusFault_Handler,"ax",%progbits
  77              		.align	2
  78              		.global	BusFault_Handler
  79              		.thumb
  80              		.thumb_func
  82              	BusFault_Handler:
  83              	.LFB66:
ARM GAS  /tmp/ccpgqK1X.s 			page 4


  96:Src/stm32f1xx_it.c ****   /* USER CODE BEGIN MemoryManagement_IRQn 1 */
  97:Src/stm32f1xx_it.c **** 
  98:Src/stm32f1xx_it.c ****   /* USER CODE END MemoryManagement_IRQn 1 */
  99:Src/stm32f1xx_it.c **** }
 100:Src/stm32f1xx_it.c **** 
 101:Src/stm32f1xx_it.c **** /**
 102:Src/stm32f1xx_it.c **** * @brief This function handles Prefetch fault, memory access fault.
 103:Src/stm32f1xx_it.c **** */
 104:Src/stm32f1xx_it.c **** void BusFault_Handler(void)
 105:Src/stm32f1xx_it.c **** {
  84              		.loc 1 105 0
  85              		.cfi_startproc
  86              		@ Volatile: function does not return.
  87              		@ args = 0, pretend = 0, frame = 0
  88              		@ frame_needed = 0, uses_anonymous_args = 0
  89              		@ link register save eliminated.
  90              	.L7:
 106:Src/stm32f1xx_it.c ****   /* USER CODE BEGIN BusFault_IRQn 0 */
 107:Src/stm32f1xx_it.c **** 
 108:Src/stm32f1xx_it.c ****   /* USER CODE END BusFault_IRQn 0 */
 109:Src/stm32f1xx_it.c ****   while (1)
 110:Src/stm32f1xx_it.c ****   {
 111:Src/stm32f1xx_it.c ****     /* USER CODE BEGIN W1_BusFault_IRQn 0 */
 112:Src/stm32f1xx_it.c ****     /* USER CODE END W1_BusFault_IRQn 0 */
 113:Src/stm32f1xx_it.c ****   }
  91              		.loc 1 113 0 discriminator 1
  92 0000 FEE7     		b	.L7
  93              		.cfi_endproc
  94              	.LFE66:
  96 0002 00BF     		.section	.text.UsageFault_Handler,"ax",%progbits
  97              		.align	2
  98              		.global	UsageFault_Handler
  99              		.thumb
 100              		.thumb_func
 102              	UsageFault_Handler:
 103              	.LFB67:
 114:Src/stm32f1xx_it.c ****   /* USER CODE BEGIN BusFault_IRQn 1 */
 115:Src/stm32f1xx_it.c **** 
 116:Src/stm32f1xx_it.c ****   /* USER CODE END BusFault_IRQn 1 */
 117:Src/stm32f1xx_it.c **** }
 118:Src/stm32f1xx_it.c **** 
 119:Src/stm32f1xx_it.c **** /**
 120:Src/stm32f1xx_it.c **** * @brief This function handles Undefined instruction or illegal state.
 121:Src/stm32f1xx_it.c **** */
 122:Src/stm32f1xx_it.c **** void UsageFault_Handler(void)
 123:Src/stm32f1xx_it.c **** {
 104              		.loc 1 123 0
 105              		.cfi_startproc
 106              		@ Volatile: function does not return.
 107              		@ args = 0, pretend = 0, frame = 0
 108              		@ frame_needed = 0, uses_anonymous_args = 0
 109              		@ link register save eliminated.
 110              	.L9:
 124:Src/stm32f1xx_it.c ****   /* USER CODE BEGIN UsageFault_IRQn 0 */
 125:Src/stm32f1xx_it.c **** 
 126:Src/stm32f1xx_it.c ****   /* USER CODE END UsageFault_IRQn 0 */
 127:Src/stm32f1xx_it.c ****   while (1)
ARM GAS  /tmp/ccpgqK1X.s 			page 5


 128:Src/stm32f1xx_it.c ****   {
 129:Src/stm32f1xx_it.c ****     /* USER CODE BEGIN W1_UsageFault_IRQn 0 */
 130:Src/stm32f1xx_it.c ****     /* USER CODE END W1_UsageFault_IRQn 0 */
 131:Src/stm32f1xx_it.c ****   }
 111              		.loc 1 131 0 discriminator 1
 112 0000 FEE7     		b	.L9
 113              		.cfi_endproc
 114              	.LFE67:
 116 0002 00BF     		.section	.text.SVC_Handler,"ax",%progbits
 117              		.align	2
 118              		.global	SVC_Handler
 119              		.thumb
 120              		.thumb_func
 122              	SVC_Handler:
 123              	.LFB68:
 132:Src/stm32f1xx_it.c ****   /* USER CODE BEGIN UsageFault_IRQn 1 */
 133:Src/stm32f1xx_it.c **** 
 134:Src/stm32f1xx_it.c ****   /* USER CODE END UsageFault_IRQn 1 */
 135:Src/stm32f1xx_it.c **** }
 136:Src/stm32f1xx_it.c **** 
 137:Src/stm32f1xx_it.c **** /**
 138:Src/stm32f1xx_it.c **** * @brief This function handles System service call via SWI instruction.
 139:Src/stm32f1xx_it.c **** */
 140:Src/stm32f1xx_it.c **** void SVC_Handler(void)
 141:Src/stm32f1xx_it.c **** {
 124              		.loc 1 141 0
 125              		.cfi_startproc
 126              		@ args = 0, pretend = 0, frame = 0
 127              		@ frame_needed = 0, uses_anonymous_args = 0
 128              		@ link register save eliminated.
 129 0000 7047     		bx	lr
 130              		.cfi_endproc
 131              	.LFE68:
 133 0002 00BF     		.section	.text.DebugMon_Handler,"ax",%progbits
 134              		.align	2
 135              		.global	DebugMon_Handler
 136              		.thumb
 137              		.thumb_func
 139              	DebugMon_Handler:
 140              	.LFB69:
 142:Src/stm32f1xx_it.c ****   /* USER CODE BEGIN SVCall_IRQn 0 */
 143:Src/stm32f1xx_it.c **** 
 144:Src/stm32f1xx_it.c ****   /* USER CODE END SVCall_IRQn 0 */
 145:Src/stm32f1xx_it.c ****   /* USER CODE BEGIN SVCall_IRQn 1 */
 146:Src/stm32f1xx_it.c **** 
 147:Src/stm32f1xx_it.c ****   /* USER CODE END SVCall_IRQn 1 */
 148:Src/stm32f1xx_it.c **** }
 149:Src/stm32f1xx_it.c **** 
 150:Src/stm32f1xx_it.c **** /**
 151:Src/stm32f1xx_it.c **** * @brief This function handles Debug monitor.
 152:Src/stm32f1xx_it.c **** */
 153:Src/stm32f1xx_it.c **** void DebugMon_Handler(void)
 154:Src/stm32f1xx_it.c **** {
 141              		.loc 1 154 0
 142              		.cfi_startproc
 143              		@ args = 0, pretend = 0, frame = 0
 144              		@ frame_needed = 0, uses_anonymous_args = 0
ARM GAS  /tmp/ccpgqK1X.s 			page 6


 145              		@ link register save eliminated.
 146 0000 7047     		bx	lr
 147              		.cfi_endproc
 148              	.LFE69:
 150 0002 00BF     		.section	.text.PendSV_Handler,"ax",%progbits
 151              		.align	2
 152              		.global	PendSV_Handler
 153              		.thumb
 154              		.thumb_func
 156              	PendSV_Handler:
 157              	.LFB70:
 155:Src/stm32f1xx_it.c ****   /* USER CODE BEGIN DebugMonitor_IRQn 0 */
 156:Src/stm32f1xx_it.c **** 
 157:Src/stm32f1xx_it.c ****   /* USER CODE END DebugMonitor_IRQn 0 */
 158:Src/stm32f1xx_it.c ****   /* USER CODE BEGIN DebugMonitor_IRQn 1 */
 159:Src/stm32f1xx_it.c **** 
 160:Src/stm32f1xx_it.c ****   /* USER CODE END DebugMonitor_IRQn 1 */
 161:Src/stm32f1xx_it.c **** }
 162:Src/stm32f1xx_it.c **** 
 163:Src/stm32f1xx_it.c **** /**
 164:Src/stm32f1xx_it.c **** * @brief This function handles Pendable request for system service.
 165:Src/stm32f1xx_it.c **** */
 166:Src/stm32f1xx_it.c **** void PendSV_Handler(void)
 167:Src/stm32f1xx_it.c **** {
 158              		.loc 1 167 0
 159              		.cfi_startproc
 160              		@ args = 0, pretend = 0, frame = 0
 161              		@ frame_needed = 0, uses_anonymous_args = 0
 162              		@ link register save eliminated.
 163 0000 7047     		bx	lr
 164              		.cfi_endproc
 165              	.LFE70:
 167 0002 00BF     		.section	.text.SysTick_Handler,"ax",%progbits
 168              		.align	2
 169              		.global	SysTick_Handler
 170              		.thumb
 171              		.thumb_func
 173              	SysTick_Handler:
 174              	.LFB71:
 168:Src/stm32f1xx_it.c ****   /* USER CODE BEGIN PendSV_IRQn 0 */
 169:Src/stm32f1xx_it.c **** 
 170:Src/stm32f1xx_it.c ****   /* USER CODE END PendSV_IRQn 0 */
 171:Src/stm32f1xx_it.c ****   /* USER CODE BEGIN PendSV_IRQn 1 */
 172:Src/stm32f1xx_it.c **** 
 173:Src/stm32f1xx_it.c ****   /* USER CODE END PendSV_IRQn 1 */
 174:Src/stm32f1xx_it.c **** }
 175:Src/stm32f1xx_it.c **** 
 176:Src/stm32f1xx_it.c **** /**
 177:Src/stm32f1xx_it.c **** * @brief This function handles System tick timer.
 178:Src/stm32f1xx_it.c **** */
 179:Src/stm32f1xx_it.c **** void SysTick_Handler(void)
 180:Src/stm32f1xx_it.c **** {
 175              		.loc 1 180 0
 176              		.cfi_startproc
 177              		@ args = 0, pretend = 0, frame = 0
 178              		@ frame_needed = 0, uses_anonymous_args = 0
 179              		.loc 1 180 0
ARM GAS  /tmp/ccpgqK1X.s 			page 7


 180 0000 08B5     		push	{r3, lr}
 181              	.LCFI0:
 182              		.cfi_def_cfa_offset 8
 183              		.cfi_offset 3, -8
 184              		.cfi_offset 14, -4
 181:Src/stm32f1xx_it.c ****   /* USER CODE BEGIN SysTick_IRQn 0 */
 182:Src/stm32f1xx_it.c **** 
 183:Src/stm32f1xx_it.c ****   /* USER CODE END SysTick_IRQn 0 */
 184:Src/stm32f1xx_it.c ****   HAL_IncTick();
 185              		.loc 1 184 0
 186 0002 FFF7FEFF 		bl	HAL_IncTick
 187              	.LVL0:
 185:Src/stm32f1xx_it.c ****   HAL_SYSTICK_IRQHandler();
 188              		.loc 1 185 0
 189 0006 FFF7FEFF 		bl	HAL_SYSTICK_IRQHandler
 190              	.LVL1:
 191 000a 08BD     		pop	{r3, pc}
 192              		.cfi_endproc
 193              	.LFE71:
 195              		.section	.text.CAN1_TX_IRQHandler,"ax",%progbits
 196              		.align	2
 197              		.global	CAN1_TX_IRQHandler
 198              		.thumb
 199              		.thumb_func
 201              	CAN1_TX_IRQHandler:
 202              	.LFB72:
 186:Src/stm32f1xx_it.c ****   /* USER CODE BEGIN SysTick_IRQn 1 */
 187:Src/stm32f1xx_it.c **** 
 188:Src/stm32f1xx_it.c ****   /* USER CODE END SysTick_IRQn 1 */
 189:Src/stm32f1xx_it.c **** }
 190:Src/stm32f1xx_it.c **** 
 191:Src/stm32f1xx_it.c **** /******************************************************************************/
 192:Src/stm32f1xx_it.c **** /* STM32F1xx Peripheral Interrupt Handlers                                    */
 193:Src/stm32f1xx_it.c **** /* Add here the Interrupt Handlers for the used peripherals.                  */
 194:Src/stm32f1xx_it.c **** /* For the available peripheral interrupt handler names,                      */
 195:Src/stm32f1xx_it.c **** /* please refer to the startup file (startup_stm32f1xx.s).                    */
 196:Src/stm32f1xx_it.c **** /******************************************************************************/
 197:Src/stm32f1xx_it.c **** 
 198:Src/stm32f1xx_it.c **** /**
 199:Src/stm32f1xx_it.c **** * @brief This function handles CAN1 TX interrupt.
 200:Src/stm32f1xx_it.c **** */
 201:Src/stm32f1xx_it.c **** void CAN1_TX_IRQHandler(void)
 202:Src/stm32f1xx_it.c **** {
 203              		.loc 1 202 0
 204              		.cfi_startproc
 205              		@ args = 0, pretend = 0, frame = 0
 206              		@ frame_needed = 0, uses_anonymous_args = 0
 207 0000 08B5     		push	{r3, lr}
 208              	.LCFI1:
 209              		.cfi_def_cfa_offset 8
 210              		.cfi_offset 3, -8
 211              		.cfi_offset 14, -4
 203:Src/stm32f1xx_it.c ****   /* USER CODE BEGIN CAN1_TX_IRQn 0 */
 204:Src/stm32f1xx_it.c **** 
 205:Src/stm32f1xx_it.c ****   /* USER CODE END CAN1_TX_IRQn 0 */
 206:Src/stm32f1xx_it.c ****   HAL_CAN_IRQHandler(&hcan1);
 212              		.loc 1 206 0
ARM GAS  /tmp/ccpgqK1X.s 			page 8


 213 0002 0248     		ldr	r0, .L17
 214 0004 FFF7FEFF 		bl	HAL_CAN_IRQHandler
 215              	.LVL2:
 216 0008 08BD     		pop	{r3, pc}
 217              	.L18:
 218 000a 00BF     		.align	2
 219              	.L17:
 220 000c 00000000 		.word	hcan1
 221              		.cfi_endproc
 222              	.LFE72:
 224              		.section	.text.CAN1_RX0_IRQHandler,"ax",%progbits
 225              		.align	2
 226              		.global	CAN1_RX0_IRQHandler
 227              		.thumb
 228              		.thumb_func
 230              	CAN1_RX0_IRQHandler:
 231              	.LFB73:
 207:Src/stm32f1xx_it.c ****   /* USER CODE BEGIN CAN1_TX_IRQn 1 */
 208:Src/stm32f1xx_it.c **** 
 209:Src/stm32f1xx_it.c ****   /* USER CODE END CAN1_TX_IRQn 1 */
 210:Src/stm32f1xx_it.c **** }
 211:Src/stm32f1xx_it.c **** 
 212:Src/stm32f1xx_it.c **** /**
 213:Src/stm32f1xx_it.c **** * @brief This function handles CAN1 RX0 interrupt.
 214:Src/stm32f1xx_it.c **** */
 215:Src/stm32f1xx_it.c **** void CAN1_RX0_IRQHandler(void)
 216:Src/stm32f1xx_it.c **** {
 232              		.loc 1 216 0
 233              		.cfi_startproc
 234              		@ args = 0, pretend = 0, frame = 0
 235              		@ frame_needed = 0, uses_anonymous_args = 0
 236 0000 08B5     		push	{r3, lr}
 237              	.LCFI2:
 238              		.cfi_def_cfa_offset 8
 239              		.cfi_offset 3, -8
 240              		.cfi_offset 14, -4
 217:Src/stm32f1xx_it.c ****   /* USER CODE BEGIN CAN1_RX0_IRQn 0 */
 218:Src/stm32f1xx_it.c **** 
 219:Src/stm32f1xx_it.c ****   /* USER CODE END CAN1_RX0_IRQn 0 */
 220:Src/stm32f1xx_it.c ****   HAL_CAN_IRQHandler(&hcan1);
 241              		.loc 1 220 0
 242 0002 0248     		ldr	r0, .L21
 243 0004 FFF7FEFF 		bl	HAL_CAN_IRQHandler
 244              	.LVL3:
 245 0008 08BD     		pop	{r3, pc}
 246              	.L22:
 247 000a 00BF     		.align	2
 248              	.L21:
 249 000c 00000000 		.word	hcan1
 250              		.cfi_endproc
 251              	.LFE73:
 253              		.section	.text.CAN1_RX1_IRQHandler,"ax",%progbits
 254              		.align	2
 255              		.global	CAN1_RX1_IRQHandler
 256              		.thumb
 257              		.thumb_func
 259              	CAN1_RX1_IRQHandler:
ARM GAS  /tmp/ccpgqK1X.s 			page 9


 260              	.LFB74:
 221:Src/stm32f1xx_it.c ****   /* USER CODE BEGIN CAN1_RX0_IRQn 1 */
 222:Src/stm32f1xx_it.c **** 
 223:Src/stm32f1xx_it.c ****   /* USER CODE END CAN1_RX0_IRQn 1 */
 224:Src/stm32f1xx_it.c **** }
 225:Src/stm32f1xx_it.c **** 
 226:Src/stm32f1xx_it.c **** /**
 227:Src/stm32f1xx_it.c **** * @brief This function handles CAN1 RX1 interrupt.
 228:Src/stm32f1xx_it.c **** */
 229:Src/stm32f1xx_it.c **** void CAN1_RX1_IRQHandler(void)
 230:Src/stm32f1xx_it.c **** {
 261              		.loc 1 230 0
 262              		.cfi_startproc
 263              		@ args = 0, pretend = 0, frame = 0
 264              		@ frame_needed = 0, uses_anonymous_args = 0
 265 0000 08B5     		push	{r3, lr}
 266              	.LCFI3:
 267              		.cfi_def_cfa_offset 8
 268              		.cfi_offset 3, -8
 269              		.cfi_offset 14, -4
 231:Src/stm32f1xx_it.c ****   /* USER CODE BEGIN CAN1_RX1_IRQn 0 */
 232:Src/stm32f1xx_it.c **** 
 233:Src/stm32f1xx_it.c ****   /* USER CODE END CAN1_RX1_IRQn 0 */
 234:Src/stm32f1xx_it.c ****   HAL_CAN_IRQHandler(&hcan1);
 270              		.loc 1 234 0
 271 0002 0248     		ldr	r0, .L25
 272 0004 FFF7FEFF 		bl	HAL_CAN_IRQHandler
 273              	.LVL4:
 274 0008 08BD     		pop	{r3, pc}
 275              	.L26:
 276 000a 00BF     		.align	2
 277              	.L25:
 278 000c 00000000 		.word	hcan1
 279              		.cfi_endproc
 280              	.LFE74:
 282              		.section	.text.CAN1_SCE_IRQHandler,"ax",%progbits
 283              		.align	2
 284              		.global	CAN1_SCE_IRQHandler
 285              		.thumb
 286              		.thumb_func
 288              	CAN1_SCE_IRQHandler:
 289              	.LFB75:
 235:Src/stm32f1xx_it.c ****   /* USER CODE BEGIN CAN1_RX1_IRQn 1 */
 236:Src/stm32f1xx_it.c **** 
 237:Src/stm32f1xx_it.c ****   /* USER CODE END CAN1_RX1_IRQn 1 */
 238:Src/stm32f1xx_it.c **** }
 239:Src/stm32f1xx_it.c **** 
 240:Src/stm32f1xx_it.c **** /**
 241:Src/stm32f1xx_it.c **** * @brief This function handles CAN1 SCE interrupt.
 242:Src/stm32f1xx_it.c **** */
 243:Src/stm32f1xx_it.c **** void CAN1_SCE_IRQHandler(void)
 244:Src/stm32f1xx_it.c **** {
 290              		.loc 1 244 0
 291              		.cfi_startproc
 292              		@ args = 0, pretend = 0, frame = 0
 293              		@ frame_needed = 0, uses_anonymous_args = 0
 294 0000 08B5     		push	{r3, lr}
ARM GAS  /tmp/ccpgqK1X.s 			page 10


 295              	.LCFI4:
 296              		.cfi_def_cfa_offset 8
 297              		.cfi_offset 3, -8
 298              		.cfi_offset 14, -4
 245:Src/stm32f1xx_it.c ****   /* USER CODE BEGIN CAN1_SCE_IRQn 0 */
 246:Src/stm32f1xx_it.c **** 
 247:Src/stm32f1xx_it.c ****   /* USER CODE END CAN1_SCE_IRQn 0 */
 248:Src/stm32f1xx_it.c ****   HAL_CAN_IRQHandler(&hcan1);
 299              		.loc 1 248 0
 300 0002 0248     		ldr	r0, .L29
 301 0004 FFF7FEFF 		bl	HAL_CAN_IRQHandler
 302              	.LVL5:
 303 0008 08BD     		pop	{r3, pc}
 304              	.L30:
 305 000a 00BF     		.align	2
 306              	.L29:
 307 000c 00000000 		.word	hcan1
 308              		.cfi_endproc
 309              	.LFE75:
 311              		.section	.text.UART4_IRQHandler,"ax",%progbits
 312              		.align	2
 313              		.global	UART4_IRQHandler
 314              		.thumb
 315              		.thumb_func
 317              	UART4_IRQHandler:
 318              	.LFB76:
 249:Src/stm32f1xx_it.c ****   /* USER CODE BEGIN CAN1_SCE_IRQn 1 */
 250:Src/stm32f1xx_it.c **** 
 251:Src/stm32f1xx_it.c ****   /* USER CODE END CAN1_SCE_IRQn 1 */
 252:Src/stm32f1xx_it.c **** }
 253:Src/stm32f1xx_it.c **** 
 254:Src/stm32f1xx_it.c **** /**
 255:Src/stm32f1xx_it.c **** * @brief This function handles UART4 global interrupt.
 256:Src/stm32f1xx_it.c **** */
 257:Src/stm32f1xx_it.c **** void UART4_IRQHandler(void)
 258:Src/stm32f1xx_it.c **** {
 319              		.loc 1 258 0
 320              		.cfi_startproc
 321              		@ args = 0, pretend = 0, frame = 0
 322              		@ frame_needed = 0, uses_anonymous_args = 0
 323 0000 08B5     		push	{r3, lr}
 324              	.LCFI5:
 325              		.cfi_def_cfa_offset 8
 326              		.cfi_offset 3, -8
 327              		.cfi_offset 14, -4
 259:Src/stm32f1xx_it.c ****   /* USER CODE BEGIN UART4_IRQn 0 */
 260:Src/stm32f1xx_it.c **** 
 261:Src/stm32f1xx_it.c ****   /* USER CODE END UART4_IRQn 0 */
 262:Src/stm32f1xx_it.c ****   HAL_UART_IRQHandler(&huart4);
 328              		.loc 1 262 0
 329 0002 0248     		ldr	r0, .L33
 330 0004 FFF7FEFF 		bl	HAL_UART_IRQHandler
 331              	.LVL6:
 332 0008 08BD     		pop	{r3, pc}
 333              	.L34:
 334 000a 00BF     		.align	2
 335              	.L33:
ARM GAS  /tmp/ccpgqK1X.s 			page 11


 336 000c 00000000 		.word	huart4
 337              		.cfi_endproc
 338              	.LFE76:
 340              		.section	.text.CAN2_TX_IRQHandler,"ax",%progbits
 341              		.align	2
 342              		.global	CAN2_TX_IRQHandler
 343              		.thumb
 344              		.thumb_func
 346              	CAN2_TX_IRQHandler:
 347              	.LFB77:
 263:Src/stm32f1xx_it.c ****   /* USER CODE BEGIN UART4_IRQn 1 */
 264:Src/stm32f1xx_it.c **** 
 265:Src/stm32f1xx_it.c ****   /* USER CODE END UART4_IRQn 1 */
 266:Src/stm32f1xx_it.c **** }
 267:Src/stm32f1xx_it.c **** 
 268:Src/stm32f1xx_it.c **** /**
 269:Src/stm32f1xx_it.c **** * @brief This function handles CAN2 TX interrupt.
 270:Src/stm32f1xx_it.c **** */
 271:Src/stm32f1xx_it.c **** void CAN2_TX_IRQHandler(void)
 272:Src/stm32f1xx_it.c **** {
 348              		.loc 1 272 0
 349              		.cfi_startproc
 350              		@ args = 0, pretend = 0, frame = 0
 351              		@ frame_needed = 0, uses_anonymous_args = 0
 352 0000 08B5     		push	{r3, lr}
 353              	.LCFI6:
 354              		.cfi_def_cfa_offset 8
 355              		.cfi_offset 3, -8
 356              		.cfi_offset 14, -4
 273:Src/stm32f1xx_it.c ****   /* USER CODE BEGIN CAN2_TX_IRQn 0 */
 274:Src/stm32f1xx_it.c **** 
 275:Src/stm32f1xx_it.c ****   /* USER CODE END CAN2_TX_IRQn 0 */
 276:Src/stm32f1xx_it.c ****   HAL_CAN_IRQHandler(&hcan2);
 357              		.loc 1 276 0
 358 0002 0248     		ldr	r0, .L37
 359 0004 FFF7FEFF 		bl	HAL_CAN_IRQHandler
 360              	.LVL7:
 361 0008 08BD     		pop	{r3, pc}
 362              	.L38:
 363 000a 00BF     		.align	2
 364              	.L37:
 365 000c 00000000 		.word	hcan2
 366              		.cfi_endproc
 367              	.LFE77:
 369              		.section	.text.CAN2_RX0_IRQHandler,"ax",%progbits
 370              		.align	2
 371              		.global	CAN2_RX0_IRQHandler
 372              		.thumb
 373              		.thumb_func
 375              	CAN2_RX0_IRQHandler:
 376              	.LFB78:
 277:Src/stm32f1xx_it.c ****   /* USER CODE BEGIN CAN2_TX_IRQn 1 */
 278:Src/stm32f1xx_it.c **** 
 279:Src/stm32f1xx_it.c ****   /* USER CODE END CAN2_TX_IRQn 1 */
 280:Src/stm32f1xx_it.c **** }
 281:Src/stm32f1xx_it.c **** 
 282:Src/stm32f1xx_it.c **** /**
ARM GAS  /tmp/ccpgqK1X.s 			page 12


 283:Src/stm32f1xx_it.c **** * @brief This function handles CAN2 RX0 interrupt.
 284:Src/stm32f1xx_it.c **** */
 285:Src/stm32f1xx_it.c **** void CAN2_RX0_IRQHandler(void)
 286:Src/stm32f1xx_it.c **** {
 377              		.loc 1 286 0
 378              		.cfi_startproc
 379              		@ args = 0, pretend = 0, frame = 0
 380              		@ frame_needed = 0, uses_anonymous_args = 0
 381 0000 08B5     		push	{r3, lr}
 382              	.LCFI7:
 383              		.cfi_def_cfa_offset 8
 384              		.cfi_offset 3, -8
 385              		.cfi_offset 14, -4
 287:Src/stm32f1xx_it.c ****   /* USER CODE BEGIN CAN2_RX0_IRQn 0 */
 288:Src/stm32f1xx_it.c **** 
 289:Src/stm32f1xx_it.c ****   /* USER CODE END CAN2_RX0_IRQn 0 */
 290:Src/stm32f1xx_it.c ****   HAL_CAN_IRQHandler(&hcan2);
 386              		.loc 1 290 0
 387 0002 0248     		ldr	r0, .L41
 388 0004 FFF7FEFF 		bl	HAL_CAN_IRQHandler
 389              	.LVL8:
 390 0008 08BD     		pop	{r3, pc}
 391              	.L42:
 392 000a 00BF     		.align	2
 393              	.L41:
 394 000c 00000000 		.word	hcan2
 395              		.cfi_endproc
 396              	.LFE78:
 398              		.section	.text.CAN2_RX1_IRQHandler,"ax",%progbits
 399              		.align	2
 400              		.global	CAN2_RX1_IRQHandler
 401              		.thumb
 402              		.thumb_func
 404              	CAN2_RX1_IRQHandler:
 405              	.LFB79:
 291:Src/stm32f1xx_it.c ****   /* USER CODE BEGIN CAN2_RX0_IRQn 1 */
 292:Src/stm32f1xx_it.c **** 
 293:Src/stm32f1xx_it.c ****   /* USER CODE END CAN2_RX0_IRQn 1 */
 294:Src/stm32f1xx_it.c **** }
 295:Src/stm32f1xx_it.c **** 
 296:Src/stm32f1xx_it.c **** /**
 297:Src/stm32f1xx_it.c **** * @brief This function handles CAN2 RX1 interrupt.
 298:Src/stm32f1xx_it.c **** */
 299:Src/stm32f1xx_it.c **** void CAN2_RX1_IRQHandler(void)
 300:Src/stm32f1xx_it.c **** {
 406              		.loc 1 300 0
 407              		.cfi_startproc
 408              		@ args = 0, pretend = 0, frame = 0
 409              		@ frame_needed = 0, uses_anonymous_args = 0
 410 0000 08B5     		push	{r3, lr}
 411              	.LCFI8:
 412              		.cfi_def_cfa_offset 8
 413              		.cfi_offset 3, -8
 414              		.cfi_offset 14, -4
 301:Src/stm32f1xx_it.c ****   /* USER CODE BEGIN CAN2_RX1_IRQn 0 */
 302:Src/stm32f1xx_it.c **** 
 303:Src/stm32f1xx_it.c ****   /* USER CODE END CAN2_RX1_IRQn 0 */
ARM GAS  /tmp/ccpgqK1X.s 			page 13


 304:Src/stm32f1xx_it.c ****   HAL_CAN_IRQHandler(&hcan2);
 415              		.loc 1 304 0
 416 0002 0248     		ldr	r0, .L45
 417 0004 FFF7FEFF 		bl	HAL_CAN_IRQHandler
 418              	.LVL9:
 419 0008 08BD     		pop	{r3, pc}
 420              	.L46:
 421 000a 00BF     		.align	2
 422              	.L45:
 423 000c 00000000 		.word	hcan2
 424              		.cfi_endproc
 425              	.LFE79:
 427              		.section	.text.CAN2_SCE_IRQHandler,"ax",%progbits
 428              		.align	2
 429              		.global	CAN2_SCE_IRQHandler
 430              		.thumb
 431              		.thumb_func
 433              	CAN2_SCE_IRQHandler:
 434              	.LFB80:
 305:Src/stm32f1xx_it.c ****   /* USER CODE BEGIN CAN2_RX1_IRQn 1 */
 306:Src/stm32f1xx_it.c **** 
 307:Src/stm32f1xx_it.c ****   /* USER CODE END CAN2_RX1_IRQn 1 */
 308:Src/stm32f1xx_it.c **** }
 309:Src/stm32f1xx_it.c **** 
 310:Src/stm32f1xx_it.c **** /**
 311:Src/stm32f1xx_it.c **** * @brief This function handles CAN2 SCE interrupt.
 312:Src/stm32f1xx_it.c **** */
 313:Src/stm32f1xx_it.c **** void CAN2_SCE_IRQHandler(void)
 314:Src/stm32f1xx_it.c **** {
 435              		.loc 1 314 0
 436              		.cfi_startproc
 437              		@ args = 0, pretend = 0, frame = 0
 438              		@ frame_needed = 0, uses_anonymous_args = 0
 439 0000 08B5     		push	{r3, lr}
 440              	.LCFI9:
 441              		.cfi_def_cfa_offset 8
 442              		.cfi_offset 3, -8
 443              		.cfi_offset 14, -4
 315:Src/stm32f1xx_it.c ****   /* USER CODE BEGIN CAN2_SCE_IRQn 0 */
 316:Src/stm32f1xx_it.c **** 
 317:Src/stm32f1xx_it.c ****   /* USER CODE END CAN2_SCE_IRQn 0 */
 318:Src/stm32f1xx_it.c ****   HAL_CAN_IRQHandler(&hcan2);
 444              		.loc 1 318 0
 445 0002 0248     		ldr	r0, .L49
 446 0004 FFF7FEFF 		bl	HAL_CAN_IRQHandler
 447              	.LVL10:
 448 0008 08BD     		pop	{r3, pc}
 449              	.L50:
 450 000a 00BF     		.align	2
 451              	.L49:
 452 000c 00000000 		.word	hcan2
 453              		.cfi_endproc
 454              	.LFE80:
 456              		.text
 457              	.Letext0:
 458              		.file 2 "/usr/include/newlib/machine/_default_types.h"
 459              		.file 3 "/usr/include/newlib/sys/_stdint.h"
ARM GAS  /tmp/ccpgqK1X.s 			page 14


 460              		.file 4 "../../shared/firmware/Drivers/CMSIS/Device/ST/STM32F1xx/Include/stm32f105xc.h"
 461              		.file 5 "../../shared/firmware/Drivers/STM32F1xx_HAL_Driver/Inc/stm32f1xx_hal_def.h"
 462              		.file 6 "../../shared/firmware/Drivers/STM32F1xx_HAL_Driver/Inc/stm32f1xx_hal_dma.h"
 463              		.file 7 "../../shared/firmware/Drivers/STM32F1xx_HAL_Driver/Inc/stm32f1xx_hal_can.h"
 464              		.file 8 "../../shared/firmware/Drivers/STM32F1xx_HAL_Driver/Inc/stm32f1xx_hal_uart.h"
 465              		.file 9 "../../shared/firmware/Drivers/CMSIS/Include/core_cm3.h"
 466              		.file 10 "../../shared/firmware/Drivers/STM32F1xx_HAL_Driver/Inc/stm32f1xx_hal.h"
 467              		.file 11 "../../shared/firmware/Drivers/STM32F1xx_HAL_Driver/Inc/stm32f1xx_hal_cortex.h"
ARM GAS  /tmp/ccpgqK1X.s 			page 15


DEFINED SYMBOLS
                            *ABS*:0000000000000000 stm32f1xx_it.c
     /tmp/ccpgqK1X.s:19     .text.NMI_Handler:0000000000000000 $t
     /tmp/ccpgqK1X.s:24     .text.NMI_Handler:0000000000000000 NMI_Handler
     /tmp/ccpgqK1X.s:37     .text.HardFault_Handler:0000000000000000 $t
     /tmp/ccpgqK1X.s:42     .text.HardFault_Handler:0000000000000000 HardFault_Handler
     /tmp/ccpgqK1X.s:57     .text.MemManage_Handler:0000000000000000 $t
     /tmp/ccpgqK1X.s:62     .text.MemManage_Handler:0000000000000000 MemManage_Handler
     /tmp/ccpgqK1X.s:77     .text.BusFault_Handler:0000000000000000 $t
     /tmp/ccpgqK1X.s:82     .text.BusFault_Handler:0000000000000000 BusFault_Handler
     /tmp/ccpgqK1X.s:97     .text.UsageFault_Handler:0000000000000000 $t
     /tmp/ccpgqK1X.s:102    .text.UsageFault_Handler:0000000000000000 UsageFault_Handler
     /tmp/ccpgqK1X.s:117    .text.SVC_Handler:0000000000000000 $t
     /tmp/ccpgqK1X.s:122    .text.SVC_Handler:0000000000000000 SVC_Handler
     /tmp/ccpgqK1X.s:134    .text.DebugMon_Handler:0000000000000000 $t
     /tmp/ccpgqK1X.s:139    .text.DebugMon_Handler:0000000000000000 DebugMon_Handler
     /tmp/ccpgqK1X.s:151    .text.PendSV_Handler:0000000000000000 $t
     /tmp/ccpgqK1X.s:156    .text.PendSV_Handler:0000000000000000 PendSV_Handler
     /tmp/ccpgqK1X.s:168    .text.SysTick_Handler:0000000000000000 $t
     /tmp/ccpgqK1X.s:173    .text.SysTick_Handler:0000000000000000 SysTick_Handler
     /tmp/ccpgqK1X.s:196    .text.CAN1_TX_IRQHandler:0000000000000000 $t
     /tmp/ccpgqK1X.s:201    .text.CAN1_TX_IRQHandler:0000000000000000 CAN1_TX_IRQHandler
     /tmp/ccpgqK1X.s:220    .text.CAN1_TX_IRQHandler:000000000000000c $d
     /tmp/ccpgqK1X.s:225    .text.CAN1_RX0_IRQHandler:0000000000000000 $t
     /tmp/ccpgqK1X.s:230    .text.CAN1_RX0_IRQHandler:0000000000000000 CAN1_RX0_IRQHandler
     /tmp/ccpgqK1X.s:249    .text.CAN1_RX0_IRQHandler:000000000000000c $d
     /tmp/ccpgqK1X.s:254    .text.CAN1_RX1_IRQHandler:0000000000000000 $t
     /tmp/ccpgqK1X.s:259    .text.CAN1_RX1_IRQHandler:0000000000000000 CAN1_RX1_IRQHandler
     /tmp/ccpgqK1X.s:278    .text.CAN1_RX1_IRQHandler:000000000000000c $d
     /tmp/ccpgqK1X.s:283    .text.CAN1_SCE_IRQHandler:0000000000000000 $t
     /tmp/ccpgqK1X.s:288    .text.CAN1_SCE_IRQHandler:0000000000000000 CAN1_SCE_IRQHandler
     /tmp/ccpgqK1X.s:307    .text.CAN1_SCE_IRQHandler:000000000000000c $d
     /tmp/ccpgqK1X.s:312    .text.UART4_IRQHandler:0000000000000000 $t
     /tmp/ccpgqK1X.s:317    .text.UART4_IRQHandler:0000000000000000 UART4_IRQHandler
     /tmp/ccpgqK1X.s:336    .text.UART4_IRQHandler:000000000000000c $d
     /tmp/ccpgqK1X.s:341    .text.CAN2_TX_IRQHandler:0000000000000000 $t
     /tmp/ccpgqK1X.s:346    .text.CAN2_TX_IRQHandler:0000000000000000 CAN2_TX_IRQHandler
     /tmp/ccpgqK1X.s:365    .text.CAN2_TX_IRQHandler:000000000000000c $d
     /tmp/ccpgqK1X.s:370    .text.CAN2_RX0_IRQHandler:0000000000000000 $t
     /tmp/ccpgqK1X.s:375    .text.CAN2_RX0_IRQHandler:0000000000000000 CAN2_RX0_IRQHandler
     /tmp/ccpgqK1X.s:394    .text.CAN2_RX0_IRQHandler:000000000000000c $d
     /tmp/ccpgqK1X.s:399    .text.CAN2_RX1_IRQHandler:0000000000000000 $t
     /tmp/ccpgqK1X.s:404    .text.CAN2_RX1_IRQHandler:0000000000000000 CAN2_RX1_IRQHandler
     /tmp/ccpgqK1X.s:423    .text.CAN2_RX1_IRQHandler:000000000000000c $d
     /tmp/ccpgqK1X.s:428    .text.CAN2_SCE_IRQHandler:0000000000000000 $t
     /tmp/ccpgqK1X.s:433    .text.CAN2_SCE_IRQHandler:0000000000000000 CAN2_SCE_IRQHandler
     /tmp/ccpgqK1X.s:452    .text.CAN2_SCE_IRQHandler:000000000000000c $d
                     .debug_frame:0000000000000010 $d

UNDEFINED SYMBOLS
HAL_IncTick
HAL_SYSTICK_IRQHandler
HAL_CAN_IRQHandler
hcan1
HAL_UART_IRQHandler
huart4
hcan2
ARM GAS  /tmp/ccpgqK1X.s 			page 16


