ARM GAS  /tmp/cc3jEPG4.s 			page 1


   1              		.syntax unified
   2              		.cpu cortex-m3
   3              		.fpu softvfp
   4              		.eabi_attribute 20, 1
   5              		.eabi_attribute 21, 1
   6              		.eabi_attribute 23, 3
   7              		.eabi_attribute 24, 1
   8              		.eabi_attribute 25, 1
   9              		.eabi_attribute 26, 1
  10              		.eabi_attribute 30, 1
  11              		.eabi_attribute 34, 1
  12              		.eabi_attribute 18, 4
  13              		.thumb
  14              		.file	"handles.c"
  15              		.text
  16              	.Ltext0:
  17              		.cfi_sections	.debug_frame
  18              		.comm	tim3Handle,4,4
  19              		.comm	adc2Handle,4,4
  20              		.comm	adc1Handle,4,4
  21              	.Letext0:
  22              		.file 1 "/usr/include/newlib/machine/_default_types.h"
  23              		.file 2 "/usr/include/newlib/sys/_stdint.h"
  24              		.file 3 "../../shared/firmware/Drivers/CMSIS/Device/ST/STM32F1xx/Include/stm32f105xc.h"
  25              		.file 4 "../../shared/firmware/Drivers/STM32F1xx_HAL_Driver/Inc/stm32f1xx_hal_def.h"
  26              		.file 5 "../../shared/firmware/Drivers/STM32F1xx_HAL_Driver/Inc/stm32f1xx_hal_dma.h"
  27              		.file 6 "../../shared/firmware/Drivers/STM32F1xx_HAL_Driver/Inc/stm32f1xx_hal_adc.h"
  28              		.file 7 "../../shared/firmware/Drivers/STM32F1xx_HAL_Driver/Inc/stm32f1xx_hal_tim.h"
  29              		.file 8 "../../shared/firmware/Drivers/CMSIS/Include/core_cm3.h"
  30              		.file 9 "Src/handles.c"
ARM GAS  /tmp/cc3jEPG4.s 			page 2


DEFINED SYMBOLS
                            *ABS*:0000000000000000 handles.c
                            *COM*:0000000000000004 tim3Handle
                            *COM*:0000000000000004 adc2Handle
                            *COM*:0000000000000004 adc1Handle

NO UNDEFINED SYMBOLS
