ARM GAS  /tmp/ccIBBPtS.s 			page 1


   1              		.syntax unified
   2              		.cpu cortex-m3
   3              		.fpu softvfp
   4              		.eabi_attribute 20, 1
   5              		.eabi_attribute 21, 1
   6              		.eabi_attribute 23, 3
   7              		.eabi_attribute 24, 1
   8              		.eabi_attribute 25, 1
   9              		.eabi_attribute 26, 1
  10              		.eabi_attribute 30, 1
  11              		.eabi_attribute 34, 1
  12              		.eabi_attribute 18, 4
  13              		.thumb
  14              		.file	"stm32f1xx_hal.c"
  15              		.text
  16              	.Ltext0:
  17              		.cfi_sections	.debug_frame
  18              		.section	.text.HAL_MspInit,"ax",%progbits
  19              		.align	2
  20              		.weak	HAL_MspInit
  21              		.thumb
  22              		.thumb_func
  24              	HAL_MspInit:
  25              	.LFB65:
  26              		.file 1 "../../shared/firmware/Drivers/STM32F1xx_HAL_Driver/Src/stm32f1xx_hal.c"
   1:../../shared/firmware/Drivers/STM32F1xx_HAL_Driver/Src/stm32f1xx_hal.c **** /**
   2:../../shared/firmware/Drivers/STM32F1xx_HAL_Driver/Src/stm32f1xx_hal.c ****   ******************************************************************************
   3:../../shared/firmware/Drivers/STM32F1xx_HAL_Driver/Src/stm32f1xx_hal.c ****   * @file    stm32f1xx_hal.c
   4:../../shared/firmware/Drivers/STM32F1xx_HAL_Driver/Src/stm32f1xx_hal.c ****   * @author  MCD Application Team
   5:../../shared/firmware/Drivers/STM32F1xx_HAL_Driver/Src/stm32f1xx_hal.c ****   * @version V1.1.1
   6:../../shared/firmware/Drivers/STM32F1xx_HAL_Driver/Src/stm32f1xx_hal.c ****   * @date    12-May-2017
   7:../../shared/firmware/Drivers/STM32F1xx_HAL_Driver/Src/stm32f1xx_hal.c ****   * @brief   HAL module driver.
   8:../../shared/firmware/Drivers/STM32F1xx_HAL_Driver/Src/stm32f1xx_hal.c ****   *          This is the common part of the HAL initialization
   9:../../shared/firmware/Drivers/STM32F1xx_HAL_Driver/Src/stm32f1xx_hal.c ****   *
  10:../../shared/firmware/Drivers/STM32F1xx_HAL_Driver/Src/stm32f1xx_hal.c ****   @verbatim
  11:../../shared/firmware/Drivers/STM32F1xx_HAL_Driver/Src/stm32f1xx_hal.c ****   ==============================================================================
  12:../../shared/firmware/Drivers/STM32F1xx_HAL_Driver/Src/stm32f1xx_hal.c ****                      ##### How to use this driver #####
  13:../../shared/firmware/Drivers/STM32F1xx_HAL_Driver/Src/stm32f1xx_hal.c ****   ==============================================================================
  14:../../shared/firmware/Drivers/STM32F1xx_HAL_Driver/Src/stm32f1xx_hal.c ****     [..]
  15:../../shared/firmware/Drivers/STM32F1xx_HAL_Driver/Src/stm32f1xx_hal.c ****     The common HAL driver contains a set of generic and common APIs that can be
  16:../../shared/firmware/Drivers/STM32F1xx_HAL_Driver/Src/stm32f1xx_hal.c ****     used by the PPP peripheral drivers and the user to start using the HAL. 
  17:../../shared/firmware/Drivers/STM32F1xx_HAL_Driver/Src/stm32f1xx_hal.c ****     [..]
  18:../../shared/firmware/Drivers/STM32F1xx_HAL_Driver/Src/stm32f1xx_hal.c ****     The HAL contains two APIs' categories: 
  19:../../shared/firmware/Drivers/STM32F1xx_HAL_Driver/Src/stm32f1xx_hal.c ****          (+) Common HAL APIs
  20:../../shared/firmware/Drivers/STM32F1xx_HAL_Driver/Src/stm32f1xx_hal.c ****          (+) Services HAL APIs
  21:../../shared/firmware/Drivers/STM32F1xx_HAL_Driver/Src/stm32f1xx_hal.c **** 
  22:../../shared/firmware/Drivers/STM32F1xx_HAL_Driver/Src/stm32f1xx_hal.c ****   @endverbatim
  23:../../shared/firmware/Drivers/STM32F1xx_HAL_Driver/Src/stm32f1xx_hal.c ****   ******************************************************************************
  24:../../shared/firmware/Drivers/STM32F1xx_HAL_Driver/Src/stm32f1xx_hal.c ****   * @attention
  25:../../shared/firmware/Drivers/STM32F1xx_HAL_Driver/Src/stm32f1xx_hal.c ****   *
  26:../../shared/firmware/Drivers/STM32F1xx_HAL_Driver/Src/stm32f1xx_hal.c ****   * <h2><center>&copy; COPYRIGHT(c) 2016 STMicroelectronics</center></h2>
  27:../../shared/firmware/Drivers/STM32F1xx_HAL_Driver/Src/stm32f1xx_hal.c ****   *
  28:../../shared/firmware/Drivers/STM32F1xx_HAL_Driver/Src/stm32f1xx_hal.c ****   * Redistribution and use in source and binary forms, with or without modification,
  29:../../shared/firmware/Drivers/STM32F1xx_HAL_Driver/Src/stm32f1xx_hal.c ****   * are permitted provided that the following conditions are met:
  30:../../shared/firmware/Drivers/STM32F1xx_HAL_Driver/Src/stm32f1xx_hal.c ****   *   1. Redistributions of source code must retain the above copyright notice,
  31:../../shared/firmware/Drivers/STM32F1xx_HAL_Driver/Src/stm32f1xx_hal.c ****   *      this list of conditions and the following disclaimer.
  32:../../shared/firmware/Drivers/STM32F1xx_HAL_Driver/Src/stm32f1xx_hal.c ****   *   2. Redistributions in binary form must reproduce the above copyright notice,
ARM GAS  /tmp/ccIBBPtS.s 			page 2


  33:../../shared/firmware/Drivers/STM32F1xx_HAL_Driver/Src/stm32f1xx_hal.c ****   *      this list of conditions and the following disclaimer in the documentation
  34:../../shared/firmware/Drivers/STM32F1xx_HAL_Driver/Src/stm32f1xx_hal.c ****   *      and/or other materials provided with the distribution.
  35:../../shared/firmware/Drivers/STM32F1xx_HAL_Driver/Src/stm32f1xx_hal.c ****   *   3. Neither the name of STMicroelectronics nor the names of its contributors
  36:../../shared/firmware/Drivers/STM32F1xx_HAL_Driver/Src/stm32f1xx_hal.c ****   *      may be used to endorse or promote products derived from this software
  37:../../shared/firmware/Drivers/STM32F1xx_HAL_Driver/Src/stm32f1xx_hal.c ****   *      without specific prior written permission.
  38:../../shared/firmware/Drivers/STM32F1xx_HAL_Driver/Src/stm32f1xx_hal.c ****   *
  39:../../shared/firmware/Drivers/STM32F1xx_HAL_Driver/Src/stm32f1xx_hal.c ****   * THIS SOFTWARE IS PROVIDED BY THE COPYRIGHT HOLDERS AND CONTRIBUTORS "AS IS"
  40:../../shared/firmware/Drivers/STM32F1xx_HAL_Driver/Src/stm32f1xx_hal.c ****   * AND ANY EXPRESS OR IMPLIED WARRANTIES, INCLUDING, BUT NOT LIMITED TO, THE
  41:../../shared/firmware/Drivers/STM32F1xx_HAL_Driver/Src/stm32f1xx_hal.c ****   * IMPLIED WARRANTIES OF MERCHANTABILITY AND FITNESS FOR A PARTICULAR PURPOSE ARE
  42:../../shared/firmware/Drivers/STM32F1xx_HAL_Driver/Src/stm32f1xx_hal.c ****   * DISCLAIMED. IN NO EVENT SHALL THE COPYRIGHT HOLDER OR CONTRIBUTORS BE LIABLE
  43:../../shared/firmware/Drivers/STM32F1xx_HAL_Driver/Src/stm32f1xx_hal.c ****   * FOR ANY DIRECT, INDIRECT, INCIDENTAL, SPECIAL, EXEMPLARY, OR CONSEQUENTIAL
  44:../../shared/firmware/Drivers/STM32F1xx_HAL_Driver/Src/stm32f1xx_hal.c ****   * DAMAGES (INCLUDING, BUT NOT LIMITED TO, PROCUREMENT OF SUBSTITUTE GOODS OR
  45:../../shared/firmware/Drivers/STM32F1xx_HAL_Driver/Src/stm32f1xx_hal.c ****   * SERVICES; LOSS OF USE, DATA, OR PROFITS; OR BUSINESS INTERRUPTION) HOWEVER
  46:../../shared/firmware/Drivers/STM32F1xx_HAL_Driver/Src/stm32f1xx_hal.c ****   * CAUSED AND ON ANY THEORY OF LIABILITY, WHETHER IN CONTRACT, STRICT LIABILITY,
  47:../../shared/firmware/Drivers/STM32F1xx_HAL_Driver/Src/stm32f1xx_hal.c ****   * OR TORT (INCLUDING NEGLIGENCE OR OTHERWISE) ARISING IN ANY WAY OUT OF THE USE
  48:../../shared/firmware/Drivers/STM32F1xx_HAL_Driver/Src/stm32f1xx_hal.c ****   * OF THIS SOFTWARE, EVEN IF ADVISED OF THE POSSIBILITY OF SUCH DAMAGE.
  49:../../shared/firmware/Drivers/STM32F1xx_HAL_Driver/Src/stm32f1xx_hal.c ****   *
  50:../../shared/firmware/Drivers/STM32F1xx_HAL_Driver/Src/stm32f1xx_hal.c ****   ******************************************************************************
  51:../../shared/firmware/Drivers/STM32F1xx_HAL_Driver/Src/stm32f1xx_hal.c ****   */
  52:../../shared/firmware/Drivers/STM32F1xx_HAL_Driver/Src/stm32f1xx_hal.c **** 
  53:../../shared/firmware/Drivers/STM32F1xx_HAL_Driver/Src/stm32f1xx_hal.c **** /* Includes ------------------------------------------------------------------*/
  54:../../shared/firmware/Drivers/STM32F1xx_HAL_Driver/Src/stm32f1xx_hal.c **** #include "stm32f1xx_hal.h"
  55:../../shared/firmware/Drivers/STM32F1xx_HAL_Driver/Src/stm32f1xx_hal.c **** 
  56:../../shared/firmware/Drivers/STM32F1xx_HAL_Driver/Src/stm32f1xx_hal.c **** /** @addtogroup STM32F1xx_HAL_Driver
  57:../../shared/firmware/Drivers/STM32F1xx_HAL_Driver/Src/stm32f1xx_hal.c ****   * @{
  58:../../shared/firmware/Drivers/STM32F1xx_HAL_Driver/Src/stm32f1xx_hal.c ****   */
  59:../../shared/firmware/Drivers/STM32F1xx_HAL_Driver/Src/stm32f1xx_hal.c **** 
  60:../../shared/firmware/Drivers/STM32F1xx_HAL_Driver/Src/stm32f1xx_hal.c **** /** @defgroup HAL HAL
  61:../../shared/firmware/Drivers/STM32F1xx_HAL_Driver/Src/stm32f1xx_hal.c ****   * @brief HAL module driver.
  62:../../shared/firmware/Drivers/STM32F1xx_HAL_Driver/Src/stm32f1xx_hal.c ****   * @{
  63:../../shared/firmware/Drivers/STM32F1xx_HAL_Driver/Src/stm32f1xx_hal.c ****   */
  64:../../shared/firmware/Drivers/STM32F1xx_HAL_Driver/Src/stm32f1xx_hal.c **** 
  65:../../shared/firmware/Drivers/STM32F1xx_HAL_Driver/Src/stm32f1xx_hal.c **** #ifdef HAL_MODULE_ENABLED
  66:../../shared/firmware/Drivers/STM32F1xx_HAL_Driver/Src/stm32f1xx_hal.c **** 
  67:../../shared/firmware/Drivers/STM32F1xx_HAL_Driver/Src/stm32f1xx_hal.c **** /* Private typedef -----------------------------------------------------------*/
  68:../../shared/firmware/Drivers/STM32F1xx_HAL_Driver/Src/stm32f1xx_hal.c **** /* Private define ------------------------------------------------------------*/
  69:../../shared/firmware/Drivers/STM32F1xx_HAL_Driver/Src/stm32f1xx_hal.c **** 
  70:../../shared/firmware/Drivers/STM32F1xx_HAL_Driver/Src/stm32f1xx_hal.c **** /** @defgroup HAL_Private_Constants HAL Private Constants
  71:../../shared/firmware/Drivers/STM32F1xx_HAL_Driver/Src/stm32f1xx_hal.c ****   * @{
  72:../../shared/firmware/Drivers/STM32F1xx_HAL_Driver/Src/stm32f1xx_hal.c ****   */
  73:../../shared/firmware/Drivers/STM32F1xx_HAL_Driver/Src/stm32f1xx_hal.c **** /**
  74:../../shared/firmware/Drivers/STM32F1xx_HAL_Driver/Src/stm32f1xx_hal.c ****  * @brief STM32F1xx HAL Driver version number V1.1.1
  75:../../shared/firmware/Drivers/STM32F1xx_HAL_Driver/Src/stm32f1xx_hal.c ****    */
  76:../../shared/firmware/Drivers/STM32F1xx_HAL_Driver/Src/stm32f1xx_hal.c **** #define __STM32F1xx_HAL_VERSION_MAIN   (0x01U) /*!< [31:24] main version */
  77:../../shared/firmware/Drivers/STM32F1xx_HAL_Driver/Src/stm32f1xx_hal.c **** #define __STM32F1xx_HAL_VERSION_SUB1   (0x01U) /*!< [23:16] sub1 version */
  78:../../shared/firmware/Drivers/STM32F1xx_HAL_Driver/Src/stm32f1xx_hal.c **** #define __STM32F1xx_HAL_VERSION_SUB2   (0x01U) /*!< [15:8]  sub2 version */
  79:../../shared/firmware/Drivers/STM32F1xx_HAL_Driver/Src/stm32f1xx_hal.c **** #define __STM32F1xx_HAL_VERSION_RC     (0x00U) /*!< [7:0]  release candidate */
  80:../../shared/firmware/Drivers/STM32F1xx_HAL_Driver/Src/stm32f1xx_hal.c **** #define __STM32F1xx_HAL_VERSION         ((__STM32F1xx_HAL_VERSION_MAIN << 24)\
  81:../../shared/firmware/Drivers/STM32F1xx_HAL_Driver/Src/stm32f1xx_hal.c ****                                         |(__STM32F1xx_HAL_VERSION_SUB1 << 16)\
  82:../../shared/firmware/Drivers/STM32F1xx_HAL_Driver/Src/stm32f1xx_hal.c ****                                         |(__STM32F1xx_HAL_VERSION_SUB2 << 8 )\
  83:../../shared/firmware/Drivers/STM32F1xx_HAL_Driver/Src/stm32f1xx_hal.c ****                                         |(__STM32F1xx_HAL_VERSION_RC))
  84:../../shared/firmware/Drivers/STM32F1xx_HAL_Driver/Src/stm32f1xx_hal.c **** 
  85:../../shared/firmware/Drivers/STM32F1xx_HAL_Driver/Src/stm32f1xx_hal.c **** #define IDCODE_DEVID_MASK    0x00000FFFU
  86:../../shared/firmware/Drivers/STM32F1xx_HAL_Driver/Src/stm32f1xx_hal.c **** 
  87:../../shared/firmware/Drivers/STM32F1xx_HAL_Driver/Src/stm32f1xx_hal.c **** /**
  88:../../shared/firmware/Drivers/STM32F1xx_HAL_Driver/Src/stm32f1xx_hal.c ****   * @}
  89:../../shared/firmware/Drivers/STM32F1xx_HAL_Driver/Src/stm32f1xx_hal.c ****   */
ARM GAS  /tmp/ccIBBPtS.s 			page 3


  90:../../shared/firmware/Drivers/STM32F1xx_HAL_Driver/Src/stm32f1xx_hal.c **** 
  91:../../shared/firmware/Drivers/STM32F1xx_HAL_Driver/Src/stm32f1xx_hal.c **** /* Private macro -------------------------------------------------------------*/
  92:../../shared/firmware/Drivers/STM32F1xx_HAL_Driver/Src/stm32f1xx_hal.c **** /* Private variables ---------------------------------------------------------*/
  93:../../shared/firmware/Drivers/STM32F1xx_HAL_Driver/Src/stm32f1xx_hal.c **** 
  94:../../shared/firmware/Drivers/STM32F1xx_HAL_Driver/Src/stm32f1xx_hal.c **** /** @defgroup HAL_Private_Variables HAL Private Variables
  95:../../shared/firmware/Drivers/STM32F1xx_HAL_Driver/Src/stm32f1xx_hal.c ****   * @{
  96:../../shared/firmware/Drivers/STM32F1xx_HAL_Driver/Src/stm32f1xx_hal.c ****   */
  97:../../shared/firmware/Drivers/STM32F1xx_HAL_Driver/Src/stm32f1xx_hal.c **** __IO uint32_t uwTick;
  98:../../shared/firmware/Drivers/STM32F1xx_HAL_Driver/Src/stm32f1xx_hal.c **** /**
  99:../../shared/firmware/Drivers/STM32F1xx_HAL_Driver/Src/stm32f1xx_hal.c ****   * @}
 100:../../shared/firmware/Drivers/STM32F1xx_HAL_Driver/Src/stm32f1xx_hal.c ****   */
 101:../../shared/firmware/Drivers/STM32F1xx_HAL_Driver/Src/stm32f1xx_hal.c **** /* Private function prototypes -----------------------------------------------*/
 102:../../shared/firmware/Drivers/STM32F1xx_HAL_Driver/Src/stm32f1xx_hal.c **** /* Exported functions ---------------------------------------------------------*/
 103:../../shared/firmware/Drivers/STM32F1xx_HAL_Driver/Src/stm32f1xx_hal.c **** 
 104:../../shared/firmware/Drivers/STM32F1xx_HAL_Driver/Src/stm32f1xx_hal.c **** /** @defgroup HAL_Exported_Functions HAL Exported Functions
 105:../../shared/firmware/Drivers/STM32F1xx_HAL_Driver/Src/stm32f1xx_hal.c ****   * @{
 106:../../shared/firmware/Drivers/STM32F1xx_HAL_Driver/Src/stm32f1xx_hal.c ****   */
 107:../../shared/firmware/Drivers/STM32F1xx_HAL_Driver/Src/stm32f1xx_hal.c **** 
 108:../../shared/firmware/Drivers/STM32F1xx_HAL_Driver/Src/stm32f1xx_hal.c **** /** @defgroup HAL_Exported_Functions_Group1 Initialization and de-initialization Functions 
 109:../../shared/firmware/Drivers/STM32F1xx_HAL_Driver/Src/stm32f1xx_hal.c ****  *  @brief    Initialization and de-initialization functions
 110:../../shared/firmware/Drivers/STM32F1xx_HAL_Driver/Src/stm32f1xx_hal.c ****  *
 111:../../shared/firmware/Drivers/STM32F1xx_HAL_Driver/Src/stm32f1xx_hal.c **** @verbatim
 112:../../shared/firmware/Drivers/STM32F1xx_HAL_Driver/Src/stm32f1xx_hal.c ****  ===============================================================================
 113:../../shared/firmware/Drivers/STM32F1xx_HAL_Driver/Src/stm32f1xx_hal.c ****               ##### Initialization and de-initialization functions #####
 114:../../shared/firmware/Drivers/STM32F1xx_HAL_Driver/Src/stm32f1xx_hal.c ****  ===============================================================================
 115:../../shared/firmware/Drivers/STM32F1xx_HAL_Driver/Src/stm32f1xx_hal.c ****    [..]  This section provides functions allowing to:
 116:../../shared/firmware/Drivers/STM32F1xx_HAL_Driver/Src/stm32f1xx_hal.c ****       (+) Initializes the Flash interface, the NVIC allocation and initial clock 
 117:../../shared/firmware/Drivers/STM32F1xx_HAL_Driver/Src/stm32f1xx_hal.c ****           configuration. It initializes the source of time base also when timeout 
 118:../../shared/firmware/Drivers/STM32F1xx_HAL_Driver/Src/stm32f1xx_hal.c ****           is needed and the backup domain when enabled.
 119:../../shared/firmware/Drivers/STM32F1xx_HAL_Driver/Src/stm32f1xx_hal.c ****       (+) de-Initializes common part of the HAL.
 120:../../shared/firmware/Drivers/STM32F1xx_HAL_Driver/Src/stm32f1xx_hal.c ****       (+) Configure The time base source to have 1ms time base with a dedicated 
 121:../../shared/firmware/Drivers/STM32F1xx_HAL_Driver/Src/stm32f1xx_hal.c ****           Tick interrupt priority. 
 122:../../shared/firmware/Drivers/STM32F1xx_HAL_Driver/Src/stm32f1xx_hal.c ****         (++) Systick timer is used by default as source of time base, but user 
 123:../../shared/firmware/Drivers/STM32F1xx_HAL_Driver/Src/stm32f1xx_hal.c ****              can eventually implement his proper time base source (a general purpose 
 124:../../shared/firmware/Drivers/STM32F1xx_HAL_Driver/Src/stm32f1xx_hal.c ****              timer for example or other time source), keeping in mind that Time base 
 125:../../shared/firmware/Drivers/STM32F1xx_HAL_Driver/Src/stm32f1xx_hal.c ****              duration should be kept 1ms since PPP_TIMEOUT_VALUEs are defined and 
 126:../../shared/firmware/Drivers/STM32F1xx_HAL_Driver/Src/stm32f1xx_hal.c ****              handled in milliseconds basis.
 127:../../shared/firmware/Drivers/STM32F1xx_HAL_Driver/Src/stm32f1xx_hal.c ****         (++) Time base configuration function (HAL_InitTick ()) is called automatically 
 128:../../shared/firmware/Drivers/STM32F1xx_HAL_Driver/Src/stm32f1xx_hal.c ****              at the beginning of the program after reset by HAL_Init() or at any time 
 129:../../shared/firmware/Drivers/STM32F1xx_HAL_Driver/Src/stm32f1xx_hal.c ****              when clock is configured, by HAL_RCC_ClockConfig(). 
 130:../../shared/firmware/Drivers/STM32F1xx_HAL_Driver/Src/stm32f1xx_hal.c ****         (++) Source of time base is configured  to generate interrupts at regular 
 131:../../shared/firmware/Drivers/STM32F1xx_HAL_Driver/Src/stm32f1xx_hal.c ****              time intervals. Care must be taken if HAL_Delay() is called from a 
 132:../../shared/firmware/Drivers/STM32F1xx_HAL_Driver/Src/stm32f1xx_hal.c ****              peripheral ISR process, the Tick interrupt line must have higher priority 
 133:../../shared/firmware/Drivers/STM32F1xx_HAL_Driver/Src/stm32f1xx_hal.c ****             (numerically lower) than the peripheral interrupt. Otherwise the caller 
 134:../../shared/firmware/Drivers/STM32F1xx_HAL_Driver/Src/stm32f1xx_hal.c ****             ISR process will be blocked. 
 135:../../shared/firmware/Drivers/STM32F1xx_HAL_Driver/Src/stm32f1xx_hal.c ****        (++) functions affecting time base configurations are declared as __weak  
 136:../../shared/firmware/Drivers/STM32F1xx_HAL_Driver/Src/stm32f1xx_hal.c ****              to make  override possible  in case of other  implementations in user file.
 137:../../shared/firmware/Drivers/STM32F1xx_HAL_Driver/Src/stm32f1xx_hal.c **** @endverbatim
 138:../../shared/firmware/Drivers/STM32F1xx_HAL_Driver/Src/stm32f1xx_hal.c ****   * @{
 139:../../shared/firmware/Drivers/STM32F1xx_HAL_Driver/Src/stm32f1xx_hal.c ****   */
 140:../../shared/firmware/Drivers/STM32F1xx_HAL_Driver/Src/stm32f1xx_hal.c **** 
 141:../../shared/firmware/Drivers/STM32F1xx_HAL_Driver/Src/stm32f1xx_hal.c **** /**
 142:../../shared/firmware/Drivers/STM32F1xx_HAL_Driver/Src/stm32f1xx_hal.c ****   * @brief  This function is used to initialize the HAL Library; it must be the first 
 143:../../shared/firmware/Drivers/STM32F1xx_HAL_Driver/Src/stm32f1xx_hal.c ****   *         instruction to be executed in the main program (before to call any other
 144:../../shared/firmware/Drivers/STM32F1xx_HAL_Driver/Src/stm32f1xx_hal.c ****   *         HAL function), it performs the following:
 145:../../shared/firmware/Drivers/STM32F1xx_HAL_Driver/Src/stm32f1xx_hal.c ****   *           Configure the Flash prefetch.
 146:../../shared/firmware/Drivers/STM32F1xx_HAL_Driver/Src/stm32f1xx_hal.c ****   *           Configures the SysTick to generate an interrupt each 1 millisecond,
ARM GAS  /tmp/ccIBBPtS.s 			page 4


 147:../../shared/firmware/Drivers/STM32F1xx_HAL_Driver/Src/stm32f1xx_hal.c ****   *           which is clocked by the HSI (at this stage, the clock is not yet
 148:../../shared/firmware/Drivers/STM32F1xx_HAL_Driver/Src/stm32f1xx_hal.c ****   *           configured and thus the system is running from the internal HSI at 16 MHz).
 149:../../shared/firmware/Drivers/STM32F1xx_HAL_Driver/Src/stm32f1xx_hal.c ****   *           Set NVIC Group Priority to 4.
 150:../../shared/firmware/Drivers/STM32F1xx_HAL_Driver/Src/stm32f1xx_hal.c ****   *           Calls the HAL_MspInit() callback function defined in user file 
 151:../../shared/firmware/Drivers/STM32F1xx_HAL_Driver/Src/stm32f1xx_hal.c ****   *           "stm32f1xx_hal_msp.c" to do the global low level hardware initialization 
 152:../../shared/firmware/Drivers/STM32F1xx_HAL_Driver/Src/stm32f1xx_hal.c ****   *            
 153:../../shared/firmware/Drivers/STM32F1xx_HAL_Driver/Src/stm32f1xx_hal.c ****   * @note   SysTick is used as time base for the HAL_Delay() function, the application
 154:../../shared/firmware/Drivers/STM32F1xx_HAL_Driver/Src/stm32f1xx_hal.c ****   *         need to ensure that the SysTick time base is always set to 1 millisecond
 155:../../shared/firmware/Drivers/STM32F1xx_HAL_Driver/Src/stm32f1xx_hal.c ****   *         to have correct HAL operation.
 156:../../shared/firmware/Drivers/STM32F1xx_HAL_Driver/Src/stm32f1xx_hal.c ****   * @retval HAL status
 157:../../shared/firmware/Drivers/STM32F1xx_HAL_Driver/Src/stm32f1xx_hal.c ****   */
 158:../../shared/firmware/Drivers/STM32F1xx_HAL_Driver/Src/stm32f1xx_hal.c **** HAL_StatusTypeDef HAL_Init(void)
 159:../../shared/firmware/Drivers/STM32F1xx_HAL_Driver/Src/stm32f1xx_hal.c **** {
 160:../../shared/firmware/Drivers/STM32F1xx_HAL_Driver/Src/stm32f1xx_hal.c ****   /* Configure Flash prefetch */
 161:../../shared/firmware/Drivers/STM32F1xx_HAL_Driver/Src/stm32f1xx_hal.c **** #if (PREFETCH_ENABLE != 0)
 162:../../shared/firmware/Drivers/STM32F1xx_HAL_Driver/Src/stm32f1xx_hal.c **** #if defined(STM32F101x6) || defined(STM32F101xB) || defined(STM32F101xE) || defined(STM32F101xG) ||
 163:../../shared/firmware/Drivers/STM32F1xx_HAL_Driver/Src/stm32f1xx_hal.c ****     defined(STM32F102x6) || defined(STM32F102xB) || \
 164:../../shared/firmware/Drivers/STM32F1xx_HAL_Driver/Src/stm32f1xx_hal.c ****     defined(STM32F103x6) || defined(STM32F103xB) || defined(STM32F103xE) || defined(STM32F103xG) ||
 165:../../shared/firmware/Drivers/STM32F1xx_HAL_Driver/Src/stm32f1xx_hal.c ****     defined(STM32F105xC) || defined(STM32F107xC)
 166:../../shared/firmware/Drivers/STM32F1xx_HAL_Driver/Src/stm32f1xx_hal.c **** 
 167:../../shared/firmware/Drivers/STM32F1xx_HAL_Driver/Src/stm32f1xx_hal.c ****   /* Prefetch buffer is not available on value line devices */
 168:../../shared/firmware/Drivers/STM32F1xx_HAL_Driver/Src/stm32f1xx_hal.c ****   __HAL_FLASH_PREFETCH_BUFFER_ENABLE();
 169:../../shared/firmware/Drivers/STM32F1xx_HAL_Driver/Src/stm32f1xx_hal.c **** #endif
 170:../../shared/firmware/Drivers/STM32F1xx_HAL_Driver/Src/stm32f1xx_hal.c **** #endif /* PREFETCH_ENABLE */
 171:../../shared/firmware/Drivers/STM32F1xx_HAL_Driver/Src/stm32f1xx_hal.c **** 
 172:../../shared/firmware/Drivers/STM32F1xx_HAL_Driver/Src/stm32f1xx_hal.c ****   /* Set Interrupt Group Priority */
 173:../../shared/firmware/Drivers/STM32F1xx_HAL_Driver/Src/stm32f1xx_hal.c ****   HAL_NVIC_SetPriorityGrouping(NVIC_PRIORITYGROUP_4);
 174:../../shared/firmware/Drivers/STM32F1xx_HAL_Driver/Src/stm32f1xx_hal.c **** 
 175:../../shared/firmware/Drivers/STM32F1xx_HAL_Driver/Src/stm32f1xx_hal.c ****   /* Use systick as time base source and configure 1ms tick (default clock after Reset is MSI) */
 176:../../shared/firmware/Drivers/STM32F1xx_HAL_Driver/Src/stm32f1xx_hal.c ****   HAL_InitTick(TICK_INT_PRIORITY);
 177:../../shared/firmware/Drivers/STM32F1xx_HAL_Driver/Src/stm32f1xx_hal.c **** 
 178:../../shared/firmware/Drivers/STM32F1xx_HAL_Driver/Src/stm32f1xx_hal.c ****   /* Init the low level hardware */
 179:../../shared/firmware/Drivers/STM32F1xx_HAL_Driver/Src/stm32f1xx_hal.c ****   HAL_MspInit();
 180:../../shared/firmware/Drivers/STM32F1xx_HAL_Driver/Src/stm32f1xx_hal.c **** 
 181:../../shared/firmware/Drivers/STM32F1xx_HAL_Driver/Src/stm32f1xx_hal.c ****   /* Return function status */
 182:../../shared/firmware/Drivers/STM32F1xx_HAL_Driver/Src/stm32f1xx_hal.c ****   return HAL_OK;
 183:../../shared/firmware/Drivers/STM32F1xx_HAL_Driver/Src/stm32f1xx_hal.c **** }
 184:../../shared/firmware/Drivers/STM32F1xx_HAL_Driver/Src/stm32f1xx_hal.c **** 
 185:../../shared/firmware/Drivers/STM32F1xx_HAL_Driver/Src/stm32f1xx_hal.c **** /**
 186:../../shared/firmware/Drivers/STM32F1xx_HAL_Driver/Src/stm32f1xx_hal.c ****   * @brief This function de-Initializes common part of the HAL and stops the source
 187:../../shared/firmware/Drivers/STM32F1xx_HAL_Driver/Src/stm32f1xx_hal.c ****   *        of time base.
 188:../../shared/firmware/Drivers/STM32F1xx_HAL_Driver/Src/stm32f1xx_hal.c ****   * @note This function is optional.
 189:../../shared/firmware/Drivers/STM32F1xx_HAL_Driver/Src/stm32f1xx_hal.c ****   * @retval HAL status
 190:../../shared/firmware/Drivers/STM32F1xx_HAL_Driver/Src/stm32f1xx_hal.c ****   */
 191:../../shared/firmware/Drivers/STM32F1xx_HAL_Driver/Src/stm32f1xx_hal.c **** HAL_StatusTypeDef HAL_DeInit(void)
 192:../../shared/firmware/Drivers/STM32F1xx_HAL_Driver/Src/stm32f1xx_hal.c **** {
 193:../../shared/firmware/Drivers/STM32F1xx_HAL_Driver/Src/stm32f1xx_hal.c ****   /* Reset of all peripherals */
 194:../../shared/firmware/Drivers/STM32F1xx_HAL_Driver/Src/stm32f1xx_hal.c ****   __HAL_RCC_APB1_FORCE_RESET();
 195:../../shared/firmware/Drivers/STM32F1xx_HAL_Driver/Src/stm32f1xx_hal.c ****   __HAL_RCC_APB1_RELEASE_RESET();
 196:../../shared/firmware/Drivers/STM32F1xx_HAL_Driver/Src/stm32f1xx_hal.c **** 
 197:../../shared/firmware/Drivers/STM32F1xx_HAL_Driver/Src/stm32f1xx_hal.c ****   __HAL_RCC_APB2_FORCE_RESET();
 198:../../shared/firmware/Drivers/STM32F1xx_HAL_Driver/Src/stm32f1xx_hal.c ****   __HAL_RCC_APB2_RELEASE_RESET();
 199:../../shared/firmware/Drivers/STM32F1xx_HAL_Driver/Src/stm32f1xx_hal.c **** 
 200:../../shared/firmware/Drivers/STM32F1xx_HAL_Driver/Src/stm32f1xx_hal.c **** #if defined(STM32F105xC) || defined(STM32F107xC)
 201:../../shared/firmware/Drivers/STM32F1xx_HAL_Driver/Src/stm32f1xx_hal.c ****   __HAL_RCC_AHB_FORCE_RESET();
 202:../../shared/firmware/Drivers/STM32F1xx_HAL_Driver/Src/stm32f1xx_hal.c ****   __HAL_RCC_AHB_RELEASE_RESET();
 203:../../shared/firmware/Drivers/STM32F1xx_HAL_Driver/Src/stm32f1xx_hal.c **** #endif
ARM GAS  /tmp/ccIBBPtS.s 			page 5


 204:../../shared/firmware/Drivers/STM32F1xx_HAL_Driver/Src/stm32f1xx_hal.c ****   
 205:../../shared/firmware/Drivers/STM32F1xx_HAL_Driver/Src/stm32f1xx_hal.c ****   /* De-Init the low level hardware */
 206:../../shared/firmware/Drivers/STM32F1xx_HAL_Driver/Src/stm32f1xx_hal.c ****   HAL_MspDeInit();
 207:../../shared/firmware/Drivers/STM32F1xx_HAL_Driver/Src/stm32f1xx_hal.c ****     
 208:../../shared/firmware/Drivers/STM32F1xx_HAL_Driver/Src/stm32f1xx_hal.c ****   /* Return function status */
 209:../../shared/firmware/Drivers/STM32F1xx_HAL_Driver/Src/stm32f1xx_hal.c ****   return HAL_OK;
 210:../../shared/firmware/Drivers/STM32F1xx_HAL_Driver/Src/stm32f1xx_hal.c **** }
 211:../../shared/firmware/Drivers/STM32F1xx_HAL_Driver/Src/stm32f1xx_hal.c **** 
 212:../../shared/firmware/Drivers/STM32F1xx_HAL_Driver/Src/stm32f1xx_hal.c **** /**
 213:../../shared/firmware/Drivers/STM32F1xx_HAL_Driver/Src/stm32f1xx_hal.c ****   * @brief  Initializes the MSP.
 214:../../shared/firmware/Drivers/STM32F1xx_HAL_Driver/Src/stm32f1xx_hal.c ****   * @retval None
 215:../../shared/firmware/Drivers/STM32F1xx_HAL_Driver/Src/stm32f1xx_hal.c ****   */
 216:../../shared/firmware/Drivers/STM32F1xx_HAL_Driver/Src/stm32f1xx_hal.c **** __weak void HAL_MspInit(void)
 217:../../shared/firmware/Drivers/STM32F1xx_HAL_Driver/Src/stm32f1xx_hal.c **** {
  27              		.loc 1 217 0
  28              		.cfi_startproc
  29              		@ args = 0, pretend = 0, frame = 0
  30              		@ frame_needed = 0, uses_anonymous_args = 0
  31              		@ link register save eliminated.
  32 0000 7047     		bx	lr
  33              		.cfi_endproc
  34              	.LFE65:
  36 0002 00BF     		.section	.text.HAL_MspDeInit,"ax",%progbits
  37              		.align	2
  38              		.weak	HAL_MspDeInit
  39              		.thumb
  40              		.thumb_func
  42              	HAL_MspDeInit:
  43              	.LFB66:
 218:../../shared/firmware/Drivers/STM32F1xx_HAL_Driver/Src/stm32f1xx_hal.c ****   /* NOTE : This function Should not be modified, when the callback is needed,
 219:../../shared/firmware/Drivers/STM32F1xx_HAL_Driver/Src/stm32f1xx_hal.c ****             the HAL_MspInit could be implemented in the user file
 220:../../shared/firmware/Drivers/STM32F1xx_HAL_Driver/Src/stm32f1xx_hal.c ****    */
 221:../../shared/firmware/Drivers/STM32F1xx_HAL_Driver/Src/stm32f1xx_hal.c **** }
 222:../../shared/firmware/Drivers/STM32F1xx_HAL_Driver/Src/stm32f1xx_hal.c **** 
 223:../../shared/firmware/Drivers/STM32F1xx_HAL_Driver/Src/stm32f1xx_hal.c **** /**
 224:../../shared/firmware/Drivers/STM32F1xx_HAL_Driver/Src/stm32f1xx_hal.c ****   * @brief  DeInitializes the MSP.
 225:../../shared/firmware/Drivers/STM32F1xx_HAL_Driver/Src/stm32f1xx_hal.c ****   * @retval None
 226:../../shared/firmware/Drivers/STM32F1xx_HAL_Driver/Src/stm32f1xx_hal.c ****   */
 227:../../shared/firmware/Drivers/STM32F1xx_HAL_Driver/Src/stm32f1xx_hal.c **** __weak void HAL_MspDeInit(void)
 228:../../shared/firmware/Drivers/STM32F1xx_HAL_Driver/Src/stm32f1xx_hal.c **** {
  44              		.loc 1 228 0
  45              		.cfi_startproc
  46              		@ args = 0, pretend = 0, frame = 0
  47              		@ frame_needed = 0, uses_anonymous_args = 0
  48              		@ link register save eliminated.
  49 0000 7047     		bx	lr
  50              		.cfi_endproc
  51              	.LFE66:
  53 0002 00BF     		.section	.text.HAL_DeInit,"ax",%progbits
  54              		.align	2
  55              		.global	HAL_DeInit
  56              		.thumb
  57              		.thumb_func
  59              	HAL_DeInit:
  60              	.LFB64:
 192:../../shared/firmware/Drivers/STM32F1xx_HAL_Driver/Src/stm32f1xx_hal.c ****   /* Reset of all peripherals */
  61              		.loc 1 192 0
ARM GAS  /tmp/ccIBBPtS.s 			page 6


  62              		.cfi_startproc
  63              		@ args = 0, pretend = 0, frame = 0
  64              		@ frame_needed = 0, uses_anonymous_args = 0
 192:../../shared/firmware/Drivers/STM32F1xx_HAL_Driver/Src/stm32f1xx_hal.c ****   /* Reset of all peripherals */
  65              		.loc 1 192 0
  66 0000 10B5     		push	{r4, lr}
  67              	.LCFI0:
  68              		.cfi_def_cfa_offset 8
  69              		.cfi_offset 4, -8
  70              		.cfi_offset 14, -4
 194:../../shared/firmware/Drivers/STM32F1xx_HAL_Driver/Src/stm32f1xx_hal.c ****   __HAL_RCC_APB1_RELEASE_RESET();
  71              		.loc 1 194 0
  72 0002 074B     		ldr	r3, .L5
  73 0004 4FF0FF32 		mov	r2, #-1
  74 0008 DA60     		str	r2, [r3, #12]
 195:../../shared/firmware/Drivers/STM32F1xx_HAL_Driver/Src/stm32f1xx_hal.c **** 
  75              		.loc 1 195 0
  76 000a 0024     		movs	r4, #0
  77 000c 1C61     		str	r4, [r3, #16]
 197:../../shared/firmware/Drivers/STM32F1xx_HAL_Driver/Src/stm32f1xx_hal.c ****   __HAL_RCC_APB2_RELEASE_RESET();
  78              		.loc 1 197 0
  79 000e DA60     		str	r2, [r3, #12]
 198:../../shared/firmware/Drivers/STM32F1xx_HAL_Driver/Src/stm32f1xx_hal.c **** 
  80              		.loc 1 198 0
  81 0010 DC60     		str	r4, [r3, #12]
 201:../../shared/firmware/Drivers/STM32F1xx_HAL_Driver/Src/stm32f1xx_hal.c ****   __HAL_RCC_AHB_RELEASE_RESET();
  82              		.loc 1 201 0
  83 0012 9A62     		str	r2, [r3, #40]
 202:../../shared/firmware/Drivers/STM32F1xx_HAL_Driver/Src/stm32f1xx_hal.c **** #endif
  84              		.loc 1 202 0
  85 0014 9C62     		str	r4, [r3, #40]
 206:../../shared/firmware/Drivers/STM32F1xx_HAL_Driver/Src/stm32f1xx_hal.c ****     
  86              		.loc 1 206 0
  87 0016 FFF7FEFF 		bl	HAL_MspDeInit
  88              	.LVL0:
 210:../../shared/firmware/Drivers/STM32F1xx_HAL_Driver/Src/stm32f1xx_hal.c **** 
  89              		.loc 1 210 0
  90 001a 2046     		mov	r0, r4
  91 001c 10BD     		pop	{r4, pc}
  92              	.L6:
  93 001e 00BF     		.align	2
  94              	.L5:
  95 0020 00100240 		.word	1073876992
  96              		.cfi_endproc
  97              	.LFE64:
  99              		.section	.text.HAL_InitTick,"ax",%progbits
 100              		.align	2
 101              		.weak	HAL_InitTick
 102              		.thumb
 103              		.thumb_func
 105              	HAL_InitTick:
 106              	.LFB67:
 229:../../shared/firmware/Drivers/STM32F1xx_HAL_Driver/Src/stm32f1xx_hal.c ****   /* NOTE : This function Should not be modified, when the callback is needed,
 230:../../shared/firmware/Drivers/STM32F1xx_HAL_Driver/Src/stm32f1xx_hal.c ****             the HAL_MspDeInit could be implemented in the user file
 231:../../shared/firmware/Drivers/STM32F1xx_HAL_Driver/Src/stm32f1xx_hal.c ****    */
 232:../../shared/firmware/Drivers/STM32F1xx_HAL_Driver/Src/stm32f1xx_hal.c **** }
 233:../../shared/firmware/Drivers/STM32F1xx_HAL_Driver/Src/stm32f1xx_hal.c **** 
ARM GAS  /tmp/ccIBBPtS.s 			page 7


 234:../../shared/firmware/Drivers/STM32F1xx_HAL_Driver/Src/stm32f1xx_hal.c **** /**
 235:../../shared/firmware/Drivers/STM32F1xx_HAL_Driver/Src/stm32f1xx_hal.c ****   * @brief This function configures the source of the time base. 
 236:../../shared/firmware/Drivers/STM32F1xx_HAL_Driver/Src/stm32f1xx_hal.c ****   *        The time source is configured  to have 1ms time base with a dedicated 
 237:../../shared/firmware/Drivers/STM32F1xx_HAL_Driver/Src/stm32f1xx_hal.c ****   *        Tick interrupt priority.
 238:../../shared/firmware/Drivers/STM32F1xx_HAL_Driver/Src/stm32f1xx_hal.c ****   * @note This function is called  automatically at the beginning of program after
 239:../../shared/firmware/Drivers/STM32F1xx_HAL_Driver/Src/stm32f1xx_hal.c ****   *       reset by HAL_Init() or at any time when clock is reconfigured  by HAL_RCC_ClockConfig(). 
 240:../../shared/firmware/Drivers/STM32F1xx_HAL_Driver/Src/stm32f1xx_hal.c ****   * @note In the default implementation, SysTick timer is the source of time base. 
 241:../../shared/firmware/Drivers/STM32F1xx_HAL_Driver/Src/stm32f1xx_hal.c ****   *       It is used to generate interrupts at regular time intervals. 
 242:../../shared/firmware/Drivers/STM32F1xx_HAL_Driver/Src/stm32f1xx_hal.c ****   *       Care must be taken if HAL_Delay() is called from a peripheral ISR process, 
 243:../../shared/firmware/Drivers/STM32F1xx_HAL_Driver/Src/stm32f1xx_hal.c ****   *       The the SysTick interrupt must have higher priority (numerically lower) 
 244:../../shared/firmware/Drivers/STM32F1xx_HAL_Driver/Src/stm32f1xx_hal.c ****   *       than the peripheral interrupt. Otherwise the caller ISR process will be blocked.
 245:../../shared/firmware/Drivers/STM32F1xx_HAL_Driver/Src/stm32f1xx_hal.c ****   *       The function is declared as __weak  to be overwritten  in case of other
 246:../../shared/firmware/Drivers/STM32F1xx_HAL_Driver/Src/stm32f1xx_hal.c ****   *       implementation  in user file.
 247:../../shared/firmware/Drivers/STM32F1xx_HAL_Driver/Src/stm32f1xx_hal.c ****   * @param TickPriority: Tick interrupt priority.
 248:../../shared/firmware/Drivers/STM32F1xx_HAL_Driver/Src/stm32f1xx_hal.c ****   * @retval HAL status
 249:../../shared/firmware/Drivers/STM32F1xx_HAL_Driver/Src/stm32f1xx_hal.c ****   */
 250:../../shared/firmware/Drivers/STM32F1xx_HAL_Driver/Src/stm32f1xx_hal.c **** __weak HAL_StatusTypeDef HAL_InitTick(uint32_t TickPriority)
 251:../../shared/firmware/Drivers/STM32F1xx_HAL_Driver/Src/stm32f1xx_hal.c **** {
 107              		.loc 1 251 0
 108              		.cfi_startproc
 109              		@ args = 0, pretend = 0, frame = 0
 110              		@ frame_needed = 0, uses_anonymous_args = 0
 111              	.LVL1:
 112 0000 10B5     		push	{r4, lr}
 113              	.LCFI1:
 114              		.cfi_def_cfa_offset 8
 115              		.cfi_offset 4, -8
 116              		.cfi_offset 14, -4
 117 0002 0446     		mov	r4, r0
 252:../../shared/firmware/Drivers/STM32F1xx_HAL_Driver/Src/stm32f1xx_hal.c ****   /*Configure the SysTick to have interrupt in 1ms time basis*/
 253:../../shared/firmware/Drivers/STM32F1xx_HAL_Driver/Src/stm32f1xx_hal.c ****   HAL_SYSTICK_Config(SystemCoreClock/1000U);
 118              		.loc 1 253 0
 119 0004 074B     		ldr	r3, .L9
 120 0006 1B68     		ldr	r3, [r3]
 121 0008 0748     		ldr	r0, .L9+4
 122              	.LVL2:
 123 000a A0FB0330 		umull	r3, r0, r0, r3
 124 000e 8009     		lsrs	r0, r0, #6
 125 0010 FFF7FEFF 		bl	HAL_SYSTICK_Config
 126              	.LVL3:
 254:../../shared/firmware/Drivers/STM32F1xx_HAL_Driver/Src/stm32f1xx_hal.c **** 
 255:../../shared/firmware/Drivers/STM32F1xx_HAL_Driver/Src/stm32f1xx_hal.c ****   /*Configure the SysTick IRQ priority */
 256:../../shared/firmware/Drivers/STM32F1xx_HAL_Driver/Src/stm32f1xx_hal.c ****   HAL_NVIC_SetPriority(SysTick_IRQn, TickPriority ,0U);
 127              		.loc 1 256 0
 128 0014 4FF0FF30 		mov	r0, #-1
 129 0018 2146     		mov	r1, r4
 130 001a 0022     		movs	r2, #0
 131 001c FFF7FEFF 		bl	HAL_NVIC_SetPriority
 132              	.LVL4:
 257:../../shared/firmware/Drivers/STM32F1xx_HAL_Driver/Src/stm32f1xx_hal.c **** 
 258:../../shared/firmware/Drivers/STM32F1xx_HAL_Driver/Src/stm32f1xx_hal.c ****   /* Return function status */
 259:../../shared/firmware/Drivers/STM32F1xx_HAL_Driver/Src/stm32f1xx_hal.c ****   return HAL_OK;
 260:../../shared/firmware/Drivers/STM32F1xx_HAL_Driver/Src/stm32f1xx_hal.c **** }
 133              		.loc 1 260 0
 134 0020 0020     		movs	r0, #0
 135 0022 10BD     		pop	{r4, pc}
 136              	.LVL5:
ARM GAS  /tmp/ccIBBPtS.s 			page 8


 137              	.L10:
 138              		.align	2
 139              	.L9:
 140 0024 00000000 		.word	SystemCoreClock
 141 0028 D34D6210 		.word	274877907
 142              		.cfi_endproc
 143              	.LFE67:
 145              		.section	.text.HAL_Init,"ax",%progbits
 146              		.align	2
 147              		.global	HAL_Init
 148              		.thumb
 149              		.thumb_func
 151              	HAL_Init:
 152              	.LFB63:
 159:../../shared/firmware/Drivers/STM32F1xx_HAL_Driver/Src/stm32f1xx_hal.c ****   /* Configure Flash prefetch */
 153              		.loc 1 159 0
 154              		.cfi_startproc
 155              		@ args = 0, pretend = 0, frame = 0
 156              		@ frame_needed = 0, uses_anonymous_args = 0
 157 0000 08B5     		push	{r3, lr}
 158              	.LCFI2:
 159              		.cfi_def_cfa_offset 8
 160              		.cfi_offset 3, -8
 161              		.cfi_offset 14, -4
 168:../../shared/firmware/Drivers/STM32F1xx_HAL_Driver/Src/stm32f1xx_hal.c **** #endif
 162              		.loc 1 168 0
 163 0002 074A     		ldr	r2, .L13
 164 0004 1368     		ldr	r3, [r2]
 165 0006 43F01003 		orr	r3, r3, #16
 166 000a 1360     		str	r3, [r2]
 173:../../shared/firmware/Drivers/STM32F1xx_HAL_Driver/Src/stm32f1xx_hal.c **** 
 167              		.loc 1 173 0
 168 000c 0320     		movs	r0, #3
 169 000e FFF7FEFF 		bl	HAL_NVIC_SetPriorityGrouping
 170              	.LVL6:
 176:../../shared/firmware/Drivers/STM32F1xx_HAL_Driver/Src/stm32f1xx_hal.c **** 
 171              		.loc 1 176 0
 172 0012 0020     		movs	r0, #0
 173 0014 FFF7FEFF 		bl	HAL_InitTick
 174              	.LVL7:
 179:../../shared/firmware/Drivers/STM32F1xx_HAL_Driver/Src/stm32f1xx_hal.c **** 
 175              		.loc 1 179 0
 176 0018 FFF7FEFF 		bl	HAL_MspInit
 177              	.LVL8:
 183:../../shared/firmware/Drivers/STM32F1xx_HAL_Driver/Src/stm32f1xx_hal.c **** 
 178              		.loc 1 183 0
 179 001c 0020     		movs	r0, #0
 180 001e 08BD     		pop	{r3, pc}
 181              	.L14:
 182              		.align	2
 183              	.L13:
 184 0020 00200240 		.word	1073881088
 185              		.cfi_endproc
 186              	.LFE63:
 188              		.section	.text.HAL_IncTick,"ax",%progbits
 189              		.align	2
 190              		.weak	HAL_IncTick
ARM GAS  /tmp/ccIBBPtS.s 			page 9


 191              		.thumb
 192              		.thumb_func
 194              	HAL_IncTick:
 195              	.LFB68:
 261:../../shared/firmware/Drivers/STM32F1xx_HAL_Driver/Src/stm32f1xx_hal.c **** 
 262:../../shared/firmware/Drivers/STM32F1xx_HAL_Driver/Src/stm32f1xx_hal.c **** /**
 263:../../shared/firmware/Drivers/STM32F1xx_HAL_Driver/Src/stm32f1xx_hal.c ****   * @}
 264:../../shared/firmware/Drivers/STM32F1xx_HAL_Driver/Src/stm32f1xx_hal.c ****   */
 265:../../shared/firmware/Drivers/STM32F1xx_HAL_Driver/Src/stm32f1xx_hal.c **** 
 266:../../shared/firmware/Drivers/STM32F1xx_HAL_Driver/Src/stm32f1xx_hal.c **** /** @defgroup HAL_Exported_Functions_Group2 HAL Control functions 
 267:../../shared/firmware/Drivers/STM32F1xx_HAL_Driver/Src/stm32f1xx_hal.c ****   *  @brief    HAL Control functions
 268:../../shared/firmware/Drivers/STM32F1xx_HAL_Driver/Src/stm32f1xx_hal.c ****   *
 269:../../shared/firmware/Drivers/STM32F1xx_HAL_Driver/Src/stm32f1xx_hal.c **** @verbatim
 270:../../shared/firmware/Drivers/STM32F1xx_HAL_Driver/Src/stm32f1xx_hal.c ****  ===============================================================================
 271:../../shared/firmware/Drivers/STM32F1xx_HAL_Driver/Src/stm32f1xx_hal.c ****                       ##### HAL Control functions #####
 272:../../shared/firmware/Drivers/STM32F1xx_HAL_Driver/Src/stm32f1xx_hal.c ****  ===============================================================================
 273:../../shared/firmware/Drivers/STM32F1xx_HAL_Driver/Src/stm32f1xx_hal.c ****     [..]  This section provides functions allowing to:
 274:../../shared/firmware/Drivers/STM32F1xx_HAL_Driver/Src/stm32f1xx_hal.c ****       (+) Provide a tick value in millisecond
 275:../../shared/firmware/Drivers/STM32F1xx_HAL_Driver/Src/stm32f1xx_hal.c ****       (+) Provide a blocking delay in millisecond
 276:../../shared/firmware/Drivers/STM32F1xx_HAL_Driver/Src/stm32f1xx_hal.c ****       (+) Suspend the time base source interrupt
 277:../../shared/firmware/Drivers/STM32F1xx_HAL_Driver/Src/stm32f1xx_hal.c ****       (+) Resume the time base source interrupt
 278:../../shared/firmware/Drivers/STM32F1xx_HAL_Driver/Src/stm32f1xx_hal.c ****       (+) Get the HAL API driver version
 279:../../shared/firmware/Drivers/STM32F1xx_HAL_Driver/Src/stm32f1xx_hal.c ****       (+) Get the device identifier
 280:../../shared/firmware/Drivers/STM32F1xx_HAL_Driver/Src/stm32f1xx_hal.c ****       (+) Get the device revision identifier
 281:../../shared/firmware/Drivers/STM32F1xx_HAL_Driver/Src/stm32f1xx_hal.c ****       (+) Enable/Disable Debug module during SLEEP mode
 282:../../shared/firmware/Drivers/STM32F1xx_HAL_Driver/Src/stm32f1xx_hal.c ****       (+) Enable/Disable Debug module during STOP mode
 283:../../shared/firmware/Drivers/STM32F1xx_HAL_Driver/Src/stm32f1xx_hal.c ****       (+) Enable/Disable Debug module during STANDBY mode
 284:../../shared/firmware/Drivers/STM32F1xx_HAL_Driver/Src/stm32f1xx_hal.c **** 
 285:../../shared/firmware/Drivers/STM32F1xx_HAL_Driver/Src/stm32f1xx_hal.c **** @endverbatim
 286:../../shared/firmware/Drivers/STM32F1xx_HAL_Driver/Src/stm32f1xx_hal.c ****   * @{
 287:../../shared/firmware/Drivers/STM32F1xx_HAL_Driver/Src/stm32f1xx_hal.c ****   */
 288:../../shared/firmware/Drivers/STM32F1xx_HAL_Driver/Src/stm32f1xx_hal.c **** 
 289:../../shared/firmware/Drivers/STM32F1xx_HAL_Driver/Src/stm32f1xx_hal.c **** /**
 290:../../shared/firmware/Drivers/STM32F1xx_HAL_Driver/Src/stm32f1xx_hal.c ****   * @brief This function is called to increment  a global variable "uwTick"
 291:../../shared/firmware/Drivers/STM32F1xx_HAL_Driver/Src/stm32f1xx_hal.c ****   *        used as application time base.
 292:../../shared/firmware/Drivers/STM32F1xx_HAL_Driver/Src/stm32f1xx_hal.c ****   * @note In the default implementation, this variable is incremented each 1ms
 293:../../shared/firmware/Drivers/STM32F1xx_HAL_Driver/Src/stm32f1xx_hal.c ****   *       in Systick ISR.
 294:../../shared/firmware/Drivers/STM32F1xx_HAL_Driver/Src/stm32f1xx_hal.c ****   * @note This function is declared as __weak to be overwritten in case of other 
 295:../../shared/firmware/Drivers/STM32F1xx_HAL_Driver/Src/stm32f1xx_hal.c ****   *      implementations in user file.
 296:../../shared/firmware/Drivers/STM32F1xx_HAL_Driver/Src/stm32f1xx_hal.c ****   * @retval None
 297:../../shared/firmware/Drivers/STM32F1xx_HAL_Driver/Src/stm32f1xx_hal.c ****   */
 298:../../shared/firmware/Drivers/STM32F1xx_HAL_Driver/Src/stm32f1xx_hal.c **** __weak void HAL_IncTick(void)
 299:../../shared/firmware/Drivers/STM32F1xx_HAL_Driver/Src/stm32f1xx_hal.c **** {
 196              		.loc 1 299 0
 197              		.cfi_startproc
 198              		@ args = 0, pretend = 0, frame = 0
 199              		@ frame_needed = 0, uses_anonymous_args = 0
 200              		@ link register save eliminated.
 300:../../shared/firmware/Drivers/STM32F1xx_HAL_Driver/Src/stm32f1xx_hal.c ****   uwTick++;
 201              		.loc 1 300 0
 202 0000 024A     		ldr	r2, .L16
 203 0002 1368     		ldr	r3, [r2]
 204 0004 0133     		adds	r3, r3, #1
 205 0006 1360     		str	r3, [r2]
 206 0008 7047     		bx	lr
 207              	.L17:
 208 000a 00BF     		.align	2
ARM GAS  /tmp/ccIBBPtS.s 			page 10


 209              	.L16:
 210 000c 00000000 		.word	uwTick
 211              		.cfi_endproc
 212              	.LFE68:
 214              		.section	.text.HAL_GetTick,"ax",%progbits
 215              		.align	2
 216              		.weak	HAL_GetTick
 217              		.thumb
 218              		.thumb_func
 220              	HAL_GetTick:
 221              	.LFB69:
 301:../../shared/firmware/Drivers/STM32F1xx_HAL_Driver/Src/stm32f1xx_hal.c **** }
 302:../../shared/firmware/Drivers/STM32F1xx_HAL_Driver/Src/stm32f1xx_hal.c **** 
 303:../../shared/firmware/Drivers/STM32F1xx_HAL_Driver/Src/stm32f1xx_hal.c **** /**
 304:../../shared/firmware/Drivers/STM32F1xx_HAL_Driver/Src/stm32f1xx_hal.c ****   * @brief Provides a tick value in millisecond.
 305:../../shared/firmware/Drivers/STM32F1xx_HAL_Driver/Src/stm32f1xx_hal.c ****   * @note  This function is declared as __weak  to be overwritten  in case of other 
 306:../../shared/firmware/Drivers/STM32F1xx_HAL_Driver/Src/stm32f1xx_hal.c ****   *       implementations in user file.
 307:../../shared/firmware/Drivers/STM32F1xx_HAL_Driver/Src/stm32f1xx_hal.c ****   * @retval tick value
 308:../../shared/firmware/Drivers/STM32F1xx_HAL_Driver/Src/stm32f1xx_hal.c ****   */
 309:../../shared/firmware/Drivers/STM32F1xx_HAL_Driver/Src/stm32f1xx_hal.c **** __weak uint32_t HAL_GetTick(void)
 310:../../shared/firmware/Drivers/STM32F1xx_HAL_Driver/Src/stm32f1xx_hal.c **** {
 222              		.loc 1 310 0
 223              		.cfi_startproc
 224              		@ args = 0, pretend = 0, frame = 0
 225              		@ frame_needed = 0, uses_anonymous_args = 0
 226              		@ link register save eliminated.
 311:../../shared/firmware/Drivers/STM32F1xx_HAL_Driver/Src/stm32f1xx_hal.c ****   return uwTick;
 227              		.loc 1 311 0
 228 0000 014B     		ldr	r3, .L19
 229 0002 1868     		ldr	r0, [r3]
 312:../../shared/firmware/Drivers/STM32F1xx_HAL_Driver/Src/stm32f1xx_hal.c **** }
 230              		.loc 1 312 0
 231 0004 7047     		bx	lr
 232              	.L20:
 233 0006 00BF     		.align	2
 234              	.L19:
 235 0008 00000000 		.word	uwTick
 236              		.cfi_endproc
 237              	.LFE69:
 239              		.section	.text.HAL_Delay,"ax",%progbits
 240              		.align	2
 241              		.weak	HAL_Delay
 242              		.thumb
 243              		.thumb_func
 245              	HAL_Delay:
 246              	.LFB70:
 313:../../shared/firmware/Drivers/STM32F1xx_HAL_Driver/Src/stm32f1xx_hal.c **** 
 314:../../shared/firmware/Drivers/STM32F1xx_HAL_Driver/Src/stm32f1xx_hal.c **** /**
 315:../../shared/firmware/Drivers/STM32F1xx_HAL_Driver/Src/stm32f1xx_hal.c ****   * @brief This function provides minimum delay (in milliseconds) based 
 316:../../shared/firmware/Drivers/STM32F1xx_HAL_Driver/Src/stm32f1xx_hal.c ****   *        on variable incremented.
 317:../../shared/firmware/Drivers/STM32F1xx_HAL_Driver/Src/stm32f1xx_hal.c ****   * @note In the default implementation , SysTick timer is the source of time base.
 318:../../shared/firmware/Drivers/STM32F1xx_HAL_Driver/Src/stm32f1xx_hal.c ****   *       It is used to generate interrupts at regular time intervals where uwTick
 319:../../shared/firmware/Drivers/STM32F1xx_HAL_Driver/Src/stm32f1xx_hal.c ****   *       is incremented.
 320:../../shared/firmware/Drivers/STM32F1xx_HAL_Driver/Src/stm32f1xx_hal.c ****   * @note This function is declared as __weak to be overwritten in case of other
 321:../../shared/firmware/Drivers/STM32F1xx_HAL_Driver/Src/stm32f1xx_hal.c ****   *       implementations in user file.
 322:../../shared/firmware/Drivers/STM32F1xx_HAL_Driver/Src/stm32f1xx_hal.c ****   * @param Delay: specifies the delay time length, in milliseconds.
 323:../../shared/firmware/Drivers/STM32F1xx_HAL_Driver/Src/stm32f1xx_hal.c ****   * @retval None
ARM GAS  /tmp/ccIBBPtS.s 			page 11


 324:../../shared/firmware/Drivers/STM32F1xx_HAL_Driver/Src/stm32f1xx_hal.c ****   */
 325:../../shared/firmware/Drivers/STM32F1xx_HAL_Driver/Src/stm32f1xx_hal.c **** __weak void HAL_Delay(__IO uint32_t Delay)
 326:../../shared/firmware/Drivers/STM32F1xx_HAL_Driver/Src/stm32f1xx_hal.c **** {
 247              		.loc 1 326 0
 248              		.cfi_startproc
 249              		@ args = 0, pretend = 0, frame = 8
 250              		@ frame_needed = 0, uses_anonymous_args = 0
 251              	.LVL9:
 252 0000 30B5     		push	{r4, r5, lr}
 253              	.LCFI3:
 254              		.cfi_def_cfa_offset 12
 255              		.cfi_offset 4, -12
 256              		.cfi_offset 5, -8
 257              		.cfi_offset 14, -4
 258 0002 83B0     		sub	sp, sp, #12
 259              	.LCFI4:
 260              		.cfi_def_cfa_offset 24
 261 0004 0190     		str	r0, [sp, #4]
 327:../../shared/firmware/Drivers/STM32F1xx_HAL_Driver/Src/stm32f1xx_hal.c ****   uint32_t tickstart = HAL_GetTick();
 262              		.loc 1 327 0
 263 0006 FFF7FEFF 		bl	HAL_GetTick
 264              	.LVL10:
 265 000a 0546     		mov	r5, r0
 266              	.LVL11:
 328:../../shared/firmware/Drivers/STM32F1xx_HAL_Driver/Src/stm32f1xx_hal.c ****   uint32_t wait = Delay;
 267              		.loc 1 328 0
 268 000c 019C     		ldr	r4, [sp, #4]
 269              	.LVL12:
 329:../../shared/firmware/Drivers/STM32F1xx_HAL_Driver/Src/stm32f1xx_hal.c ****   
 330:../../shared/firmware/Drivers/STM32F1xx_HAL_Driver/Src/stm32f1xx_hal.c ****   /* Add a period to guarantee minimum wait */
 331:../../shared/firmware/Drivers/STM32F1xx_HAL_Driver/Src/stm32f1xx_hal.c ****   if (wait < HAL_MAX_DELAY)
 270              		.loc 1 331 0
 271 000e B4F1FF3F 		cmp	r4, #-1
 272 0012 00D0     		beq	.L23
 332:../../shared/firmware/Drivers/STM32F1xx_HAL_Driver/Src/stm32f1xx_hal.c ****   {
 333:../../shared/firmware/Drivers/STM32F1xx_HAL_Driver/Src/stm32f1xx_hal.c ****      wait++;
 273              		.loc 1 333 0
 274 0014 0134     		adds	r4, r4, #1
 275              	.LVL13:
 276              	.L23:
 334:../../shared/firmware/Drivers/STM32F1xx_HAL_Driver/Src/stm32f1xx_hal.c ****   }
 335:../../shared/firmware/Drivers/STM32F1xx_HAL_Driver/Src/stm32f1xx_hal.c ****   
 336:../../shared/firmware/Drivers/STM32F1xx_HAL_Driver/Src/stm32f1xx_hal.c ****   while((HAL_GetTick() - tickstart) < wait)
 277              		.loc 1 336 0 discriminator 1
 278 0016 FFF7FEFF 		bl	HAL_GetTick
 279              	.LVL14:
 280 001a 401B     		subs	r0, r0, r5
 281 001c A042     		cmp	r0, r4
 282 001e FAD3     		bcc	.L23
 337:../../shared/firmware/Drivers/STM32F1xx_HAL_Driver/Src/stm32f1xx_hal.c ****   {
 338:../../shared/firmware/Drivers/STM32F1xx_HAL_Driver/Src/stm32f1xx_hal.c ****   }
 339:../../shared/firmware/Drivers/STM32F1xx_HAL_Driver/Src/stm32f1xx_hal.c **** }
 283              		.loc 1 339 0
 284 0020 03B0     		add	sp, sp, #12
 285              	.LCFI5:
 286              		.cfi_def_cfa_offset 12
 287              		@ sp needed
ARM GAS  /tmp/ccIBBPtS.s 			page 12


 288 0022 30BD     		pop	{r4, r5, pc}
 289              		.cfi_endproc
 290              	.LFE70:
 292              		.section	.text.HAL_SuspendTick,"ax",%progbits
 293              		.align	2
 294              		.weak	HAL_SuspendTick
 295              		.thumb
 296              		.thumb_func
 298              	HAL_SuspendTick:
 299              	.LFB71:
 340:../../shared/firmware/Drivers/STM32F1xx_HAL_Driver/Src/stm32f1xx_hal.c **** 
 341:../../shared/firmware/Drivers/STM32F1xx_HAL_Driver/Src/stm32f1xx_hal.c **** /**
 342:../../shared/firmware/Drivers/STM32F1xx_HAL_Driver/Src/stm32f1xx_hal.c ****   * @brief Suspend Tick increment.
 343:../../shared/firmware/Drivers/STM32F1xx_HAL_Driver/Src/stm32f1xx_hal.c ****   * @note In the default implementation , SysTick timer is the source of time base. It is
 344:../../shared/firmware/Drivers/STM32F1xx_HAL_Driver/Src/stm32f1xx_hal.c ****   *       used to generate interrupts at regular time intervals. Once HAL_SuspendTick()
 345:../../shared/firmware/Drivers/STM32F1xx_HAL_Driver/Src/stm32f1xx_hal.c ****   *       is called, the SysTick interrupt will be disabled and so Tick increment 
 346:../../shared/firmware/Drivers/STM32F1xx_HAL_Driver/Src/stm32f1xx_hal.c ****   *       is suspended.
 347:../../shared/firmware/Drivers/STM32F1xx_HAL_Driver/Src/stm32f1xx_hal.c ****   * @note This function is declared as __weak to be overwritten in case of other
 348:../../shared/firmware/Drivers/STM32F1xx_HAL_Driver/Src/stm32f1xx_hal.c ****   *       implementations in user file.
 349:../../shared/firmware/Drivers/STM32F1xx_HAL_Driver/Src/stm32f1xx_hal.c ****   * @retval None
 350:../../shared/firmware/Drivers/STM32F1xx_HAL_Driver/Src/stm32f1xx_hal.c ****   */
 351:../../shared/firmware/Drivers/STM32F1xx_HAL_Driver/Src/stm32f1xx_hal.c **** __weak void HAL_SuspendTick(void)
 352:../../shared/firmware/Drivers/STM32F1xx_HAL_Driver/Src/stm32f1xx_hal.c **** {
 300              		.loc 1 352 0
 301              		.cfi_startproc
 302              		@ args = 0, pretend = 0, frame = 0
 303              		@ frame_needed = 0, uses_anonymous_args = 0
 304              		@ link register save eliminated.
 353:../../shared/firmware/Drivers/STM32F1xx_HAL_Driver/Src/stm32f1xx_hal.c ****   /* Disable SysTick Interrupt */
 354:../../shared/firmware/Drivers/STM32F1xx_HAL_Driver/Src/stm32f1xx_hal.c ****   CLEAR_BIT(SysTick->CTRL,SysTick_CTRL_TICKINT_Msk);
 305              		.loc 1 354 0
 306 0000 024A     		ldr	r2, .L26
 307 0002 1368     		ldr	r3, [r2]
 308 0004 23F00203 		bic	r3, r3, #2
 309 0008 1360     		str	r3, [r2]
 310 000a 7047     		bx	lr
 311              	.L27:
 312              		.align	2
 313              	.L26:
 314 000c 10E000E0 		.word	-536813552
 315              		.cfi_endproc
 316              	.LFE71:
 318              		.section	.text.HAL_ResumeTick,"ax",%progbits
 319              		.align	2
 320              		.weak	HAL_ResumeTick
 321              		.thumb
 322              		.thumb_func
 324              	HAL_ResumeTick:
 325              	.LFB72:
 355:../../shared/firmware/Drivers/STM32F1xx_HAL_Driver/Src/stm32f1xx_hal.c **** }
 356:../../shared/firmware/Drivers/STM32F1xx_HAL_Driver/Src/stm32f1xx_hal.c **** 
 357:../../shared/firmware/Drivers/STM32F1xx_HAL_Driver/Src/stm32f1xx_hal.c **** /**
 358:../../shared/firmware/Drivers/STM32F1xx_HAL_Driver/Src/stm32f1xx_hal.c ****   * @brief Resume Tick increment.
 359:../../shared/firmware/Drivers/STM32F1xx_HAL_Driver/Src/stm32f1xx_hal.c ****   * @note In the default implementation , SysTick timer is the source of time base. It is
 360:../../shared/firmware/Drivers/STM32F1xx_HAL_Driver/Src/stm32f1xx_hal.c ****   *       used to generate interrupts at regular time intervals. Once HAL_ResumeTick()
 361:../../shared/firmware/Drivers/STM32F1xx_HAL_Driver/Src/stm32f1xx_hal.c ****   *       is called, the SysTick interrupt will be enabled and so Tick increment 
 362:../../shared/firmware/Drivers/STM32F1xx_HAL_Driver/Src/stm32f1xx_hal.c ****   *       is resumed.
ARM GAS  /tmp/ccIBBPtS.s 			page 13


 363:../../shared/firmware/Drivers/STM32F1xx_HAL_Driver/Src/stm32f1xx_hal.c ****   * @note This function is declared as __weak to be overwritten in case of other
 364:../../shared/firmware/Drivers/STM32F1xx_HAL_Driver/Src/stm32f1xx_hal.c ****   *       implementations in user file.
 365:../../shared/firmware/Drivers/STM32F1xx_HAL_Driver/Src/stm32f1xx_hal.c ****   * @retval None
 366:../../shared/firmware/Drivers/STM32F1xx_HAL_Driver/Src/stm32f1xx_hal.c ****   */
 367:../../shared/firmware/Drivers/STM32F1xx_HAL_Driver/Src/stm32f1xx_hal.c **** __weak void HAL_ResumeTick(void)
 368:../../shared/firmware/Drivers/STM32F1xx_HAL_Driver/Src/stm32f1xx_hal.c **** {
 326              		.loc 1 368 0
 327              		.cfi_startproc
 328              		@ args = 0, pretend = 0, frame = 0
 329              		@ frame_needed = 0, uses_anonymous_args = 0
 330              		@ link register save eliminated.
 369:../../shared/firmware/Drivers/STM32F1xx_HAL_Driver/Src/stm32f1xx_hal.c ****   /* Enable SysTick Interrupt */
 370:../../shared/firmware/Drivers/STM32F1xx_HAL_Driver/Src/stm32f1xx_hal.c ****   SET_BIT(SysTick->CTRL,SysTick_CTRL_TICKINT_Msk);
 331              		.loc 1 370 0
 332 0000 024A     		ldr	r2, .L29
 333 0002 1368     		ldr	r3, [r2]
 334 0004 43F00203 		orr	r3, r3, #2
 335 0008 1360     		str	r3, [r2]
 336 000a 7047     		bx	lr
 337              	.L30:
 338              		.align	2
 339              	.L29:
 340 000c 10E000E0 		.word	-536813552
 341              		.cfi_endproc
 342              	.LFE72:
 344              		.section	.text.HAL_GetHalVersion,"ax",%progbits
 345              		.align	2
 346              		.global	HAL_GetHalVersion
 347              		.thumb
 348              		.thumb_func
 350              	HAL_GetHalVersion:
 351              	.LFB73:
 371:../../shared/firmware/Drivers/STM32F1xx_HAL_Driver/Src/stm32f1xx_hal.c **** }
 372:../../shared/firmware/Drivers/STM32F1xx_HAL_Driver/Src/stm32f1xx_hal.c **** 
 373:../../shared/firmware/Drivers/STM32F1xx_HAL_Driver/Src/stm32f1xx_hal.c **** /**
 374:../../shared/firmware/Drivers/STM32F1xx_HAL_Driver/Src/stm32f1xx_hal.c ****   * @brief  Returns the HAL revision
 375:../../shared/firmware/Drivers/STM32F1xx_HAL_Driver/Src/stm32f1xx_hal.c ****   * @retval version : 0xXYZR (8bits for each decimal, R for RC)
 376:../../shared/firmware/Drivers/STM32F1xx_HAL_Driver/Src/stm32f1xx_hal.c ****   */
 377:../../shared/firmware/Drivers/STM32F1xx_HAL_Driver/Src/stm32f1xx_hal.c **** uint32_t HAL_GetHalVersion(void)
 378:../../shared/firmware/Drivers/STM32F1xx_HAL_Driver/Src/stm32f1xx_hal.c **** {
 352              		.loc 1 378 0
 353              		.cfi_startproc
 354              		@ args = 0, pretend = 0, frame = 0
 355              		@ frame_needed = 0, uses_anonymous_args = 0
 356              		@ link register save eliminated.
 379:../../shared/firmware/Drivers/STM32F1xx_HAL_Driver/Src/stm32f1xx_hal.c ****  return __STM32F1xx_HAL_VERSION;
 380:../../shared/firmware/Drivers/STM32F1xx_HAL_Driver/Src/stm32f1xx_hal.c **** }
 357              		.loc 1 380 0
 358 0000 0048     		ldr	r0, .L32
 359 0002 7047     		bx	lr
 360              	.L33:
 361              		.align	2
 362              	.L32:
 363 0004 00010101 		.word	16843008
 364              		.cfi_endproc
 365              	.LFE73:
 367              		.section	.text.HAL_GetREVID,"ax",%progbits
ARM GAS  /tmp/ccIBBPtS.s 			page 14


 368              		.align	2
 369              		.global	HAL_GetREVID
 370              		.thumb
 371              		.thumb_func
 373              	HAL_GetREVID:
 374              	.LFB74:
 381:../../shared/firmware/Drivers/STM32F1xx_HAL_Driver/Src/stm32f1xx_hal.c **** 
 382:../../shared/firmware/Drivers/STM32F1xx_HAL_Driver/Src/stm32f1xx_hal.c **** /**
 383:../../shared/firmware/Drivers/STM32F1xx_HAL_Driver/Src/stm32f1xx_hal.c ****   * @brief Returns the device revision identifier.
 384:../../shared/firmware/Drivers/STM32F1xx_HAL_Driver/Src/stm32f1xx_hal.c ****   * Note: On devices STM32F10xx8 and STM32F10xxB,
 385:../../shared/firmware/Drivers/STM32F1xx_HAL_Driver/Src/stm32f1xx_hal.c ****   *                  STM32F101xC/D/E and STM32F103xC/D/E,
 386:../../shared/firmware/Drivers/STM32F1xx_HAL_Driver/Src/stm32f1xx_hal.c ****   *                  STM32F101xF/G and STM32F103xF/G
 387:../../shared/firmware/Drivers/STM32F1xx_HAL_Driver/Src/stm32f1xx_hal.c ****   *                  STM32F10xx4 and STM32F10xx6
 388:../../shared/firmware/Drivers/STM32F1xx_HAL_Driver/Src/stm32f1xx_hal.c ****   *       Debug registers DBGMCU_IDCODE and DBGMCU_CR are accessible only in 
 389:../../shared/firmware/Drivers/STM32F1xx_HAL_Driver/Src/stm32f1xx_hal.c ****   *       debug mode (not accessible by the user software in normal mode).
 390:../../shared/firmware/Drivers/STM32F1xx_HAL_Driver/Src/stm32f1xx_hal.c ****   *       Refer to errata sheet of these devices for more details.
 391:../../shared/firmware/Drivers/STM32F1xx_HAL_Driver/Src/stm32f1xx_hal.c ****   * @retval Device revision identifier
 392:../../shared/firmware/Drivers/STM32F1xx_HAL_Driver/Src/stm32f1xx_hal.c ****   */
 393:../../shared/firmware/Drivers/STM32F1xx_HAL_Driver/Src/stm32f1xx_hal.c **** uint32_t HAL_GetREVID(void)
 394:../../shared/firmware/Drivers/STM32F1xx_HAL_Driver/Src/stm32f1xx_hal.c **** {
 375              		.loc 1 394 0
 376              		.cfi_startproc
 377              		@ args = 0, pretend = 0, frame = 0
 378              		@ frame_needed = 0, uses_anonymous_args = 0
 379              		@ link register save eliminated.
 395:../../shared/firmware/Drivers/STM32F1xx_HAL_Driver/Src/stm32f1xx_hal.c ****   return((DBGMCU->IDCODE) >> DBGMCU_IDCODE_REV_ID_Pos);
 380              		.loc 1 395 0
 381 0000 014B     		ldr	r3, .L35
 382 0002 1868     		ldr	r0, [r3]
 396:../../shared/firmware/Drivers/STM32F1xx_HAL_Driver/Src/stm32f1xx_hal.c **** }
 383              		.loc 1 396 0
 384 0004 000C     		lsrs	r0, r0, #16
 385 0006 7047     		bx	lr
 386              	.L36:
 387              		.align	2
 388              	.L35:
 389 0008 002004E0 		.word	-536600576
 390              		.cfi_endproc
 391              	.LFE74:
 393              		.section	.text.HAL_GetDEVID,"ax",%progbits
 394              		.align	2
 395              		.global	HAL_GetDEVID
 396              		.thumb
 397              		.thumb_func
 399              	HAL_GetDEVID:
 400              	.LFB75:
 397:../../shared/firmware/Drivers/STM32F1xx_HAL_Driver/Src/stm32f1xx_hal.c **** 
 398:../../shared/firmware/Drivers/STM32F1xx_HAL_Driver/Src/stm32f1xx_hal.c **** /**
 399:../../shared/firmware/Drivers/STM32F1xx_HAL_Driver/Src/stm32f1xx_hal.c ****   * @brief  Returns the device identifier.
 400:../../shared/firmware/Drivers/STM32F1xx_HAL_Driver/Src/stm32f1xx_hal.c ****   * Note: On devices STM32F10xx8 and STM32F10xxB,
 401:../../shared/firmware/Drivers/STM32F1xx_HAL_Driver/Src/stm32f1xx_hal.c ****   *                  STM32F101xC/D/E and STM32F103xC/D/E,
 402:../../shared/firmware/Drivers/STM32F1xx_HAL_Driver/Src/stm32f1xx_hal.c ****   *                  STM32F101xF/G and STM32F103xF/G
 403:../../shared/firmware/Drivers/STM32F1xx_HAL_Driver/Src/stm32f1xx_hal.c ****   *                  STM32F10xx4 and STM32F10xx6
 404:../../shared/firmware/Drivers/STM32F1xx_HAL_Driver/Src/stm32f1xx_hal.c ****   *       Debug registers DBGMCU_IDCODE and DBGMCU_CR are accessible only in 
 405:../../shared/firmware/Drivers/STM32F1xx_HAL_Driver/Src/stm32f1xx_hal.c ****   *       debug mode (not accessible by the user software in normal mode).
 406:../../shared/firmware/Drivers/STM32F1xx_HAL_Driver/Src/stm32f1xx_hal.c ****   *       Refer to errata sheet of these devices for more details.
 407:../../shared/firmware/Drivers/STM32F1xx_HAL_Driver/Src/stm32f1xx_hal.c ****   * @retval Device identifier
ARM GAS  /tmp/ccIBBPtS.s 			page 15


 408:../../shared/firmware/Drivers/STM32F1xx_HAL_Driver/Src/stm32f1xx_hal.c ****   */
 409:../../shared/firmware/Drivers/STM32F1xx_HAL_Driver/Src/stm32f1xx_hal.c **** uint32_t HAL_GetDEVID(void)
 410:../../shared/firmware/Drivers/STM32F1xx_HAL_Driver/Src/stm32f1xx_hal.c **** {
 401              		.loc 1 410 0
 402              		.cfi_startproc
 403              		@ args = 0, pretend = 0, frame = 0
 404              		@ frame_needed = 0, uses_anonymous_args = 0
 405              		@ link register save eliminated.
 411:../../shared/firmware/Drivers/STM32F1xx_HAL_Driver/Src/stm32f1xx_hal.c ****    return((DBGMCU->IDCODE) & IDCODE_DEVID_MASK);
 406              		.loc 1 411 0
 407 0000 024B     		ldr	r3, .L38
 408 0002 1868     		ldr	r0, [r3]
 412:../../shared/firmware/Drivers/STM32F1xx_HAL_Driver/Src/stm32f1xx_hal.c **** }
 409              		.loc 1 412 0
 410 0004 C0F30B00 		ubfx	r0, r0, #0, #12
 411 0008 7047     		bx	lr
 412              	.L39:
 413 000a 00BF     		.align	2
 414              	.L38:
 415 000c 002004E0 		.word	-536600576
 416              		.cfi_endproc
 417              	.LFE75:
 419              		.section	.text.HAL_DBGMCU_EnableDBGSleepMode,"ax",%progbits
 420              		.align	2
 421              		.global	HAL_DBGMCU_EnableDBGSleepMode
 422              		.thumb
 423              		.thumb_func
 425              	HAL_DBGMCU_EnableDBGSleepMode:
 426              	.LFB76:
 413:../../shared/firmware/Drivers/STM32F1xx_HAL_Driver/Src/stm32f1xx_hal.c **** 
 414:../../shared/firmware/Drivers/STM32F1xx_HAL_Driver/Src/stm32f1xx_hal.c **** /**
 415:../../shared/firmware/Drivers/STM32F1xx_HAL_Driver/Src/stm32f1xx_hal.c ****   * @brief  Enable the Debug Module during SLEEP mode
 416:../../shared/firmware/Drivers/STM32F1xx_HAL_Driver/Src/stm32f1xx_hal.c ****   * @retval None
 417:../../shared/firmware/Drivers/STM32F1xx_HAL_Driver/Src/stm32f1xx_hal.c ****   */
 418:../../shared/firmware/Drivers/STM32F1xx_HAL_Driver/Src/stm32f1xx_hal.c **** void HAL_DBGMCU_EnableDBGSleepMode(void)
 419:../../shared/firmware/Drivers/STM32F1xx_HAL_Driver/Src/stm32f1xx_hal.c **** {
 427              		.loc 1 419 0
 428              		.cfi_startproc
 429              		@ args = 0, pretend = 0, frame = 0
 430              		@ frame_needed = 0, uses_anonymous_args = 0
 431              		@ link register save eliminated.
 420:../../shared/firmware/Drivers/STM32F1xx_HAL_Driver/Src/stm32f1xx_hal.c ****   SET_BIT(DBGMCU->CR, DBGMCU_CR_DBG_SLEEP);
 432              		.loc 1 420 0
 433 0000 024A     		ldr	r2, .L41
 434 0002 5368     		ldr	r3, [r2, #4]
 435 0004 43F00103 		orr	r3, r3, #1
 436 0008 5360     		str	r3, [r2, #4]
 437 000a 7047     		bx	lr
 438              	.L42:
 439              		.align	2
 440              	.L41:
 441 000c 002004E0 		.word	-536600576
 442              		.cfi_endproc
 443              	.LFE76:
 445              		.section	.text.HAL_DBGMCU_DisableDBGSleepMode,"ax",%progbits
 446              		.align	2
 447              		.global	HAL_DBGMCU_DisableDBGSleepMode
ARM GAS  /tmp/ccIBBPtS.s 			page 16


 448              		.thumb
 449              		.thumb_func
 451              	HAL_DBGMCU_DisableDBGSleepMode:
 452              	.LFB77:
 421:../../shared/firmware/Drivers/STM32F1xx_HAL_Driver/Src/stm32f1xx_hal.c **** }
 422:../../shared/firmware/Drivers/STM32F1xx_HAL_Driver/Src/stm32f1xx_hal.c **** 
 423:../../shared/firmware/Drivers/STM32F1xx_HAL_Driver/Src/stm32f1xx_hal.c **** /**
 424:../../shared/firmware/Drivers/STM32F1xx_HAL_Driver/Src/stm32f1xx_hal.c ****   * @brief  Disable the Debug Module during SLEEP mode
 425:../../shared/firmware/Drivers/STM32F1xx_HAL_Driver/Src/stm32f1xx_hal.c ****   * Note: On devices STM32F10xx8 and STM32F10xxB,
 426:../../shared/firmware/Drivers/STM32F1xx_HAL_Driver/Src/stm32f1xx_hal.c ****   *                  STM32F101xC/D/E and STM32F103xC/D/E,
 427:../../shared/firmware/Drivers/STM32F1xx_HAL_Driver/Src/stm32f1xx_hal.c ****   *                  STM32F101xF/G and STM32F103xF/G
 428:../../shared/firmware/Drivers/STM32F1xx_HAL_Driver/Src/stm32f1xx_hal.c ****   *                  STM32F10xx4 and STM32F10xx6
 429:../../shared/firmware/Drivers/STM32F1xx_HAL_Driver/Src/stm32f1xx_hal.c ****   *       Debug registers DBGMCU_IDCODE and DBGMCU_CR are accessible only in 
 430:../../shared/firmware/Drivers/STM32F1xx_HAL_Driver/Src/stm32f1xx_hal.c ****   *       debug mode (not accessible by the user software in normal mode).
 431:../../shared/firmware/Drivers/STM32F1xx_HAL_Driver/Src/stm32f1xx_hal.c ****   *       Refer to errata sheet of these devices for more details.
 432:../../shared/firmware/Drivers/STM32F1xx_HAL_Driver/Src/stm32f1xx_hal.c ****   * @retval None
 433:../../shared/firmware/Drivers/STM32F1xx_HAL_Driver/Src/stm32f1xx_hal.c ****   */
 434:../../shared/firmware/Drivers/STM32F1xx_HAL_Driver/Src/stm32f1xx_hal.c **** void HAL_DBGMCU_DisableDBGSleepMode(void)
 435:../../shared/firmware/Drivers/STM32F1xx_HAL_Driver/Src/stm32f1xx_hal.c **** {
 453              		.loc 1 435 0
 454              		.cfi_startproc
 455              		@ args = 0, pretend = 0, frame = 0
 456              		@ frame_needed = 0, uses_anonymous_args = 0
 457              		@ link register save eliminated.
 436:../../shared/firmware/Drivers/STM32F1xx_HAL_Driver/Src/stm32f1xx_hal.c ****   CLEAR_BIT(DBGMCU->CR, DBGMCU_CR_DBG_SLEEP);
 458              		.loc 1 436 0
 459 0000 024A     		ldr	r2, .L44
 460 0002 5368     		ldr	r3, [r2, #4]
 461 0004 23F00103 		bic	r3, r3, #1
 462 0008 5360     		str	r3, [r2, #4]
 463 000a 7047     		bx	lr
 464              	.L45:
 465              		.align	2
 466              	.L44:
 467 000c 002004E0 		.word	-536600576
 468              		.cfi_endproc
 469              	.LFE77:
 471              		.section	.text.HAL_DBGMCU_EnableDBGStopMode,"ax",%progbits
 472              		.align	2
 473              		.global	HAL_DBGMCU_EnableDBGStopMode
 474              		.thumb
 475              		.thumb_func
 477              	HAL_DBGMCU_EnableDBGStopMode:
 478              	.LFB78:
 437:../../shared/firmware/Drivers/STM32F1xx_HAL_Driver/Src/stm32f1xx_hal.c **** }
 438:../../shared/firmware/Drivers/STM32F1xx_HAL_Driver/Src/stm32f1xx_hal.c **** 
 439:../../shared/firmware/Drivers/STM32F1xx_HAL_Driver/Src/stm32f1xx_hal.c **** /**
 440:../../shared/firmware/Drivers/STM32F1xx_HAL_Driver/Src/stm32f1xx_hal.c ****   * @brief  Enable the Debug Module during STOP mode
 441:../../shared/firmware/Drivers/STM32F1xx_HAL_Driver/Src/stm32f1xx_hal.c ****   * Note: On devices STM32F10xx8 and STM32F10xxB,
 442:../../shared/firmware/Drivers/STM32F1xx_HAL_Driver/Src/stm32f1xx_hal.c ****   *                  STM32F101xC/D/E and STM32F103xC/D/E,
 443:../../shared/firmware/Drivers/STM32F1xx_HAL_Driver/Src/stm32f1xx_hal.c ****   *                  STM32F101xF/G and STM32F103xF/G
 444:../../shared/firmware/Drivers/STM32F1xx_HAL_Driver/Src/stm32f1xx_hal.c ****   *                  STM32F10xx4 and STM32F10xx6
 445:../../shared/firmware/Drivers/STM32F1xx_HAL_Driver/Src/stm32f1xx_hal.c ****   *       Debug registers DBGMCU_IDCODE and DBGMCU_CR are accessible only in 
 446:../../shared/firmware/Drivers/STM32F1xx_HAL_Driver/Src/stm32f1xx_hal.c ****   *       debug mode (not accessible by the user software in normal mode).
 447:../../shared/firmware/Drivers/STM32F1xx_HAL_Driver/Src/stm32f1xx_hal.c ****   *       Refer to errata sheet of these devices for more details.
 448:../../shared/firmware/Drivers/STM32F1xx_HAL_Driver/Src/stm32f1xx_hal.c ****   * Note: On all STM32F1 devices:
 449:../../shared/firmware/Drivers/STM32F1xx_HAL_Driver/Src/stm32f1xx_hal.c ****   *       If the system tick timer interrupt is enabled during the Stop mode 
ARM GAS  /tmp/ccIBBPtS.s 			page 17


 450:../../shared/firmware/Drivers/STM32F1xx_HAL_Driver/Src/stm32f1xx_hal.c ****   *       debug (DBG_STOP bit set in the DBGMCU_CR register ), it will wakeup
 451:../../shared/firmware/Drivers/STM32F1xx_HAL_Driver/Src/stm32f1xx_hal.c ****   *       the system from Stop mode.
 452:../../shared/firmware/Drivers/STM32F1xx_HAL_Driver/Src/stm32f1xx_hal.c ****   *       Workaround: To debug the Stop mode, disable the system tick timer 
 453:../../shared/firmware/Drivers/STM32F1xx_HAL_Driver/Src/stm32f1xx_hal.c ****   *       interrupt.
 454:../../shared/firmware/Drivers/STM32F1xx_HAL_Driver/Src/stm32f1xx_hal.c ****   *       Refer to errata sheet of these devices for more details.
 455:../../shared/firmware/Drivers/STM32F1xx_HAL_Driver/Src/stm32f1xx_hal.c ****   * Note: On all STM32F1 devices:
 456:../../shared/firmware/Drivers/STM32F1xx_HAL_Driver/Src/stm32f1xx_hal.c ****   *       If the system tick timer interrupt is enabled during the Stop mode  
 457:../../shared/firmware/Drivers/STM32F1xx_HAL_Driver/Src/stm32f1xx_hal.c ****   *       debug (DBG_STOP bit set in the DBGMCU_CR register ), it will wakeup
 458:../../shared/firmware/Drivers/STM32F1xx_HAL_Driver/Src/stm32f1xx_hal.c ****   *       the system from Stop mode.
 459:../../shared/firmware/Drivers/STM32F1xx_HAL_Driver/Src/stm32f1xx_hal.c ****   *       Workaround: To debug the Stop mode, disable the system tick timer
 460:../../shared/firmware/Drivers/STM32F1xx_HAL_Driver/Src/stm32f1xx_hal.c ****   *       interrupt.
 461:../../shared/firmware/Drivers/STM32F1xx_HAL_Driver/Src/stm32f1xx_hal.c ****   *       Refer to errata sheet of these devices for more details.
 462:../../shared/firmware/Drivers/STM32F1xx_HAL_Driver/Src/stm32f1xx_hal.c ****   * @retval None
 463:../../shared/firmware/Drivers/STM32F1xx_HAL_Driver/Src/stm32f1xx_hal.c ****   */
 464:../../shared/firmware/Drivers/STM32F1xx_HAL_Driver/Src/stm32f1xx_hal.c **** void HAL_DBGMCU_EnableDBGStopMode(void)
 465:../../shared/firmware/Drivers/STM32F1xx_HAL_Driver/Src/stm32f1xx_hal.c **** {
 479              		.loc 1 465 0
 480              		.cfi_startproc
 481              		@ args = 0, pretend = 0, frame = 0
 482              		@ frame_needed = 0, uses_anonymous_args = 0
 483              		@ link register save eliminated.
 466:../../shared/firmware/Drivers/STM32F1xx_HAL_Driver/Src/stm32f1xx_hal.c ****   SET_BIT(DBGMCU->CR, DBGMCU_CR_DBG_STOP);
 484              		.loc 1 466 0
 485 0000 024A     		ldr	r2, .L47
 486 0002 5368     		ldr	r3, [r2, #4]
 487 0004 43F00203 		orr	r3, r3, #2
 488 0008 5360     		str	r3, [r2, #4]
 489 000a 7047     		bx	lr
 490              	.L48:
 491              		.align	2
 492              	.L47:
 493 000c 002004E0 		.word	-536600576
 494              		.cfi_endproc
 495              	.LFE78:
 497              		.section	.text.HAL_DBGMCU_DisableDBGStopMode,"ax",%progbits
 498              		.align	2
 499              		.global	HAL_DBGMCU_DisableDBGStopMode
 500              		.thumb
 501              		.thumb_func
 503              	HAL_DBGMCU_DisableDBGStopMode:
 504              	.LFB79:
 467:../../shared/firmware/Drivers/STM32F1xx_HAL_Driver/Src/stm32f1xx_hal.c **** }
 468:../../shared/firmware/Drivers/STM32F1xx_HAL_Driver/Src/stm32f1xx_hal.c **** 
 469:../../shared/firmware/Drivers/STM32F1xx_HAL_Driver/Src/stm32f1xx_hal.c **** /**
 470:../../shared/firmware/Drivers/STM32F1xx_HAL_Driver/Src/stm32f1xx_hal.c ****   * @brief  Disable the Debug Module during STOP mode
 471:../../shared/firmware/Drivers/STM32F1xx_HAL_Driver/Src/stm32f1xx_hal.c ****   * Note: On devices STM32F10xx8 and STM32F10xxB,
 472:../../shared/firmware/Drivers/STM32F1xx_HAL_Driver/Src/stm32f1xx_hal.c ****   *                  STM32F101xC/D/E and STM32F103xC/D/E,
 473:../../shared/firmware/Drivers/STM32F1xx_HAL_Driver/Src/stm32f1xx_hal.c ****   *                  STM32F101xF/G and STM32F103xF/G
 474:../../shared/firmware/Drivers/STM32F1xx_HAL_Driver/Src/stm32f1xx_hal.c ****   *                  STM32F10xx4 and STM32F10xx6
 475:../../shared/firmware/Drivers/STM32F1xx_HAL_Driver/Src/stm32f1xx_hal.c ****   *       Debug registers DBGMCU_IDCODE and DBGMCU_CR are accessible only in 
 476:../../shared/firmware/Drivers/STM32F1xx_HAL_Driver/Src/stm32f1xx_hal.c ****   *       debug mode (not accessible by the user software in normal mode).
 477:../../shared/firmware/Drivers/STM32F1xx_HAL_Driver/Src/stm32f1xx_hal.c ****   *       Refer to errata sheet of these devices for more details.
 478:../../shared/firmware/Drivers/STM32F1xx_HAL_Driver/Src/stm32f1xx_hal.c ****   * @retval None
 479:../../shared/firmware/Drivers/STM32F1xx_HAL_Driver/Src/stm32f1xx_hal.c ****   */
 480:../../shared/firmware/Drivers/STM32F1xx_HAL_Driver/Src/stm32f1xx_hal.c **** void HAL_DBGMCU_DisableDBGStopMode(void)
 481:../../shared/firmware/Drivers/STM32F1xx_HAL_Driver/Src/stm32f1xx_hal.c **** {
 505              		.loc 1 481 0
ARM GAS  /tmp/ccIBBPtS.s 			page 18


 506              		.cfi_startproc
 507              		@ args = 0, pretend = 0, frame = 0
 508              		@ frame_needed = 0, uses_anonymous_args = 0
 509              		@ link register save eliminated.
 482:../../shared/firmware/Drivers/STM32F1xx_HAL_Driver/Src/stm32f1xx_hal.c ****   CLEAR_BIT(DBGMCU->CR, DBGMCU_CR_DBG_STOP);
 510              		.loc 1 482 0
 511 0000 024A     		ldr	r2, .L50
 512 0002 5368     		ldr	r3, [r2, #4]
 513 0004 23F00203 		bic	r3, r3, #2
 514 0008 5360     		str	r3, [r2, #4]
 515 000a 7047     		bx	lr
 516              	.L51:
 517              		.align	2
 518              	.L50:
 519 000c 002004E0 		.word	-536600576
 520              		.cfi_endproc
 521              	.LFE79:
 523              		.section	.text.HAL_DBGMCU_EnableDBGStandbyMode,"ax",%progbits
 524              		.align	2
 525              		.global	HAL_DBGMCU_EnableDBGStandbyMode
 526              		.thumb
 527              		.thumb_func
 529              	HAL_DBGMCU_EnableDBGStandbyMode:
 530              	.LFB80:
 483:../../shared/firmware/Drivers/STM32F1xx_HAL_Driver/Src/stm32f1xx_hal.c **** }
 484:../../shared/firmware/Drivers/STM32F1xx_HAL_Driver/Src/stm32f1xx_hal.c **** 
 485:../../shared/firmware/Drivers/STM32F1xx_HAL_Driver/Src/stm32f1xx_hal.c **** /**
 486:../../shared/firmware/Drivers/STM32F1xx_HAL_Driver/Src/stm32f1xx_hal.c ****   * @brief  Enable the Debug Module during STANDBY mode
 487:../../shared/firmware/Drivers/STM32F1xx_HAL_Driver/Src/stm32f1xx_hal.c ****   * Note: On devices STM32F10xx8 and STM32F10xxB,
 488:../../shared/firmware/Drivers/STM32F1xx_HAL_Driver/Src/stm32f1xx_hal.c ****   *                  STM32F101xC/D/E and STM32F103xC/D/E,
 489:../../shared/firmware/Drivers/STM32F1xx_HAL_Driver/Src/stm32f1xx_hal.c ****   *                  STM32F101xF/G and STM32F103xF/G
 490:../../shared/firmware/Drivers/STM32F1xx_HAL_Driver/Src/stm32f1xx_hal.c ****   *                  STM32F10xx4 and STM32F10xx6
 491:../../shared/firmware/Drivers/STM32F1xx_HAL_Driver/Src/stm32f1xx_hal.c ****   *       Debug registers DBGMCU_IDCODE and DBGMCU_CR are accessible only in 
 492:../../shared/firmware/Drivers/STM32F1xx_HAL_Driver/Src/stm32f1xx_hal.c ****   *       debug mode (not accessible by the user software in normal mode).
 493:../../shared/firmware/Drivers/STM32F1xx_HAL_Driver/Src/stm32f1xx_hal.c ****   *       Refer to errata sheet of these devices for more details.
 494:../../shared/firmware/Drivers/STM32F1xx_HAL_Driver/Src/stm32f1xx_hal.c ****   * @retval None
 495:../../shared/firmware/Drivers/STM32F1xx_HAL_Driver/Src/stm32f1xx_hal.c ****   */
 496:../../shared/firmware/Drivers/STM32F1xx_HAL_Driver/Src/stm32f1xx_hal.c **** void HAL_DBGMCU_EnableDBGStandbyMode(void)
 497:../../shared/firmware/Drivers/STM32F1xx_HAL_Driver/Src/stm32f1xx_hal.c **** {
 531              		.loc 1 497 0
 532              		.cfi_startproc
 533              		@ args = 0, pretend = 0, frame = 0
 534              		@ frame_needed = 0, uses_anonymous_args = 0
 535              		@ link register save eliminated.
 498:../../shared/firmware/Drivers/STM32F1xx_HAL_Driver/Src/stm32f1xx_hal.c ****   SET_BIT(DBGMCU->CR, DBGMCU_CR_DBG_STANDBY);
 536              		.loc 1 498 0
 537 0000 024A     		ldr	r2, .L53
 538 0002 5368     		ldr	r3, [r2, #4]
 539 0004 43F00403 		orr	r3, r3, #4
 540 0008 5360     		str	r3, [r2, #4]
 541 000a 7047     		bx	lr
 542              	.L54:
 543              		.align	2
 544              	.L53:
 545 000c 002004E0 		.word	-536600576
 546              		.cfi_endproc
 547              	.LFE80:
ARM GAS  /tmp/ccIBBPtS.s 			page 19


 549              		.section	.text.HAL_DBGMCU_DisableDBGStandbyMode,"ax",%progbits
 550              		.align	2
 551              		.global	HAL_DBGMCU_DisableDBGStandbyMode
 552              		.thumb
 553              		.thumb_func
 555              	HAL_DBGMCU_DisableDBGStandbyMode:
 556              	.LFB81:
 499:../../shared/firmware/Drivers/STM32F1xx_HAL_Driver/Src/stm32f1xx_hal.c **** }
 500:../../shared/firmware/Drivers/STM32F1xx_HAL_Driver/Src/stm32f1xx_hal.c **** 
 501:../../shared/firmware/Drivers/STM32F1xx_HAL_Driver/Src/stm32f1xx_hal.c **** /**
 502:../../shared/firmware/Drivers/STM32F1xx_HAL_Driver/Src/stm32f1xx_hal.c ****   * @brief  Disable the Debug Module during STANDBY mode
 503:../../shared/firmware/Drivers/STM32F1xx_HAL_Driver/Src/stm32f1xx_hal.c ****   * Note: On devices STM32F10xx8 and STM32F10xxB,
 504:../../shared/firmware/Drivers/STM32F1xx_HAL_Driver/Src/stm32f1xx_hal.c ****   *                  STM32F101xC/D/E and STM32F103xC/D/E,
 505:../../shared/firmware/Drivers/STM32F1xx_HAL_Driver/Src/stm32f1xx_hal.c ****   *                  STM32F101xF/G and STM32F103xF/G
 506:../../shared/firmware/Drivers/STM32F1xx_HAL_Driver/Src/stm32f1xx_hal.c ****   *                  STM32F10xx4 and STM32F10xx6
 507:../../shared/firmware/Drivers/STM32F1xx_HAL_Driver/Src/stm32f1xx_hal.c ****   *       Debug registers DBGMCU_IDCODE and DBGMCU_CR are accessible only in 
 508:../../shared/firmware/Drivers/STM32F1xx_HAL_Driver/Src/stm32f1xx_hal.c ****   *       debug mode (not accessible by the user software in normal mode).
 509:../../shared/firmware/Drivers/STM32F1xx_HAL_Driver/Src/stm32f1xx_hal.c ****   *       Refer to errata sheet of these devices for more details.
 510:../../shared/firmware/Drivers/STM32F1xx_HAL_Driver/Src/stm32f1xx_hal.c ****   * @retval None
 511:../../shared/firmware/Drivers/STM32F1xx_HAL_Driver/Src/stm32f1xx_hal.c ****   */
 512:../../shared/firmware/Drivers/STM32F1xx_HAL_Driver/Src/stm32f1xx_hal.c **** void HAL_DBGMCU_DisableDBGStandbyMode(void)
 513:../../shared/firmware/Drivers/STM32F1xx_HAL_Driver/Src/stm32f1xx_hal.c **** {
 557              		.loc 1 513 0
 558              		.cfi_startproc
 559              		@ args = 0, pretend = 0, frame = 0
 560              		@ frame_needed = 0, uses_anonymous_args = 0
 561              		@ link register save eliminated.
 514:../../shared/firmware/Drivers/STM32F1xx_HAL_Driver/Src/stm32f1xx_hal.c ****   CLEAR_BIT(DBGMCU->CR, DBGMCU_CR_DBG_STANDBY);
 562              		.loc 1 514 0
 563 0000 024A     		ldr	r2, .L56
 564 0002 5368     		ldr	r3, [r2, #4]
 565 0004 23F00403 		bic	r3, r3, #4
 566 0008 5360     		str	r3, [r2, #4]
 567 000a 7047     		bx	lr
 568              	.L57:
 569              		.align	2
 570              	.L56:
 571 000c 002004E0 		.word	-536600576
 572              		.cfi_endproc
 573              	.LFE81:
 575              		.section	.text.HAL_GetUID,"ax",%progbits
 576              		.align	2
 577              		.global	HAL_GetUID
 578              		.thumb
 579              		.thumb_func
 581              	HAL_GetUID:
 582              	.LFB82:
 515:../../shared/firmware/Drivers/STM32F1xx_HAL_Driver/Src/stm32f1xx_hal.c **** }
 516:../../shared/firmware/Drivers/STM32F1xx_HAL_Driver/Src/stm32f1xx_hal.c **** 
 517:../../shared/firmware/Drivers/STM32F1xx_HAL_Driver/Src/stm32f1xx_hal.c **** /**
 518:../../shared/firmware/Drivers/STM32F1xx_HAL_Driver/Src/stm32f1xx_hal.c ****   * @brief Return the unique device identifier (UID based on 96 bits)
 519:../../shared/firmware/Drivers/STM32F1xx_HAL_Driver/Src/stm32f1xx_hal.c ****   * @param UID: pointer to 3 words array.
 520:../../shared/firmware/Drivers/STM32F1xx_HAL_Driver/Src/stm32f1xx_hal.c ****   * @retval Device identifier
 521:../../shared/firmware/Drivers/STM32F1xx_HAL_Driver/Src/stm32f1xx_hal.c ****   */
 522:../../shared/firmware/Drivers/STM32F1xx_HAL_Driver/Src/stm32f1xx_hal.c **** void HAL_GetUID(uint32_t *UID)
 523:../../shared/firmware/Drivers/STM32F1xx_HAL_Driver/Src/stm32f1xx_hal.c **** {
 583              		.loc 1 523 0
ARM GAS  /tmp/ccIBBPtS.s 			page 20


 584              		.cfi_startproc
 585              		@ args = 0, pretend = 0, frame = 0
 586              		@ frame_needed = 0, uses_anonymous_args = 0
 587              		@ link register save eliminated.
 588              	.LVL15:
 524:../../shared/firmware/Drivers/STM32F1xx_HAL_Driver/Src/stm32f1xx_hal.c ****   UID[0] = (uint32_t)(READ_REG(*((uint32_t *)UID_BASE)));
 589              		.loc 1 524 0
 590 0000 044B     		ldr	r3, .L59
 591 0002 1B68     		ldr	r3, [r3]
 592 0004 0360     		str	r3, [r0]
 525:../../shared/firmware/Drivers/STM32F1xx_HAL_Driver/Src/stm32f1xx_hal.c ****   UID[1] = (uint32_t)(READ_REG(*((uint32_t *)(UID_BASE + 4U))));
 593              		.loc 1 525 0
 594 0006 044B     		ldr	r3, .L59+4
 595 0008 1B68     		ldr	r3, [r3]
 596 000a 4360     		str	r3, [r0, #4]
 526:../../shared/firmware/Drivers/STM32F1xx_HAL_Driver/Src/stm32f1xx_hal.c ****   UID[2] = (uint32_t)(READ_REG(*((uint32_t *)(UID_BASE + 8U))));
 597              		.loc 1 526 0
 598 000c 034B     		ldr	r3, .L59+8
 599 000e 1B68     		ldr	r3, [r3]
 600 0010 8360     		str	r3, [r0, #8]
 601 0012 7047     		bx	lr
 602              	.L60:
 603              		.align	2
 604              	.L59:
 605 0014 E8F7FF1F 		.word	536868840
 606 0018 ECF7FF1F 		.word	536868844
 607 001c F0F7FF1F 		.word	536868848
 608              		.cfi_endproc
 609              	.LFE82:
 611              		.comm	uwTick,4,4
 612              		.text
 613              	.Letext0:
 614              		.file 2 "../../shared/firmware/Drivers/CMSIS/Device/ST/STM32F1xx/Include/stm32f105xc.h"
 615              		.file 3 "/usr/include/newlib/machine/_default_types.h"
 616              		.file 4 "/usr/include/newlib/sys/_stdint.h"
 617              		.file 5 "../../shared/firmware/Drivers/CMSIS/Include/core_cm3.h"
 618              		.file 6 "../../shared/firmware/Drivers/STM32F1xx_HAL_Driver/Inc/stm32f1xx_hal_def.h"
 619              		.file 7 "../../shared/firmware/Drivers/CMSIS/Device/ST/STM32F1xx/Include/system_stm32f1xx.h"
 620              		.file 8 "../../shared/firmware/Drivers/STM32F1xx_HAL_Driver/Inc/stm32f1xx_hal_cortex.h"
ARM GAS  /tmp/ccIBBPtS.s 			page 21


DEFINED SYMBOLS
                            *ABS*:0000000000000000 stm32f1xx_hal.c
     /tmp/ccIBBPtS.s:19     .text.HAL_MspInit:0000000000000000 $t
     /tmp/ccIBBPtS.s:24     .text.HAL_MspInit:0000000000000000 HAL_MspInit
     /tmp/ccIBBPtS.s:37     .text.HAL_MspDeInit:0000000000000000 $t
     /tmp/ccIBBPtS.s:42     .text.HAL_MspDeInit:0000000000000000 HAL_MspDeInit
     /tmp/ccIBBPtS.s:54     .text.HAL_DeInit:0000000000000000 $t
     /tmp/ccIBBPtS.s:59     .text.HAL_DeInit:0000000000000000 HAL_DeInit
     /tmp/ccIBBPtS.s:95     .text.HAL_DeInit:0000000000000020 $d
     /tmp/ccIBBPtS.s:100    .text.HAL_InitTick:0000000000000000 $t
     /tmp/ccIBBPtS.s:105    .text.HAL_InitTick:0000000000000000 HAL_InitTick
     /tmp/ccIBBPtS.s:140    .text.HAL_InitTick:0000000000000024 $d
     /tmp/ccIBBPtS.s:146    .text.HAL_Init:0000000000000000 $t
     /tmp/ccIBBPtS.s:151    .text.HAL_Init:0000000000000000 HAL_Init
     /tmp/ccIBBPtS.s:184    .text.HAL_Init:0000000000000020 $d
     /tmp/ccIBBPtS.s:189    .text.HAL_IncTick:0000000000000000 $t
     /tmp/ccIBBPtS.s:194    .text.HAL_IncTick:0000000000000000 HAL_IncTick
     /tmp/ccIBBPtS.s:210    .text.HAL_IncTick:000000000000000c $d
                            *COM*:0000000000000004 uwTick
     /tmp/ccIBBPtS.s:215    .text.HAL_GetTick:0000000000000000 $t
     /tmp/ccIBBPtS.s:220    .text.HAL_GetTick:0000000000000000 HAL_GetTick
     /tmp/ccIBBPtS.s:235    .text.HAL_GetTick:0000000000000008 $d
     /tmp/ccIBBPtS.s:240    .text.HAL_Delay:0000000000000000 $t
     /tmp/ccIBBPtS.s:245    .text.HAL_Delay:0000000000000000 HAL_Delay
     /tmp/ccIBBPtS.s:293    .text.HAL_SuspendTick:0000000000000000 $t
     /tmp/ccIBBPtS.s:298    .text.HAL_SuspendTick:0000000000000000 HAL_SuspendTick
     /tmp/ccIBBPtS.s:314    .text.HAL_SuspendTick:000000000000000c $d
     /tmp/ccIBBPtS.s:319    .text.HAL_ResumeTick:0000000000000000 $t
     /tmp/ccIBBPtS.s:324    .text.HAL_ResumeTick:0000000000000000 HAL_ResumeTick
     /tmp/ccIBBPtS.s:340    .text.HAL_ResumeTick:000000000000000c $d
     /tmp/ccIBBPtS.s:345    .text.HAL_GetHalVersion:0000000000000000 $t
     /tmp/ccIBBPtS.s:350    .text.HAL_GetHalVersion:0000000000000000 HAL_GetHalVersion
     /tmp/ccIBBPtS.s:363    .text.HAL_GetHalVersion:0000000000000004 $d
     /tmp/ccIBBPtS.s:368    .text.HAL_GetREVID:0000000000000000 $t
     /tmp/ccIBBPtS.s:373    .text.HAL_GetREVID:0000000000000000 HAL_GetREVID
     /tmp/ccIBBPtS.s:389    .text.HAL_GetREVID:0000000000000008 $d
     /tmp/ccIBBPtS.s:394    .text.HAL_GetDEVID:0000000000000000 $t
     /tmp/ccIBBPtS.s:399    .text.HAL_GetDEVID:0000000000000000 HAL_GetDEVID
     /tmp/ccIBBPtS.s:415    .text.HAL_GetDEVID:000000000000000c $d
     /tmp/ccIBBPtS.s:420    .text.HAL_DBGMCU_EnableDBGSleepMode:0000000000000000 $t
     /tmp/ccIBBPtS.s:425    .text.HAL_DBGMCU_EnableDBGSleepMode:0000000000000000 HAL_DBGMCU_EnableDBGSleepMode
     /tmp/ccIBBPtS.s:441    .text.HAL_DBGMCU_EnableDBGSleepMode:000000000000000c $d
     /tmp/ccIBBPtS.s:446    .text.HAL_DBGMCU_DisableDBGSleepMode:0000000000000000 $t
     /tmp/ccIBBPtS.s:451    .text.HAL_DBGMCU_DisableDBGSleepMode:0000000000000000 HAL_DBGMCU_DisableDBGSleepMode
     /tmp/ccIBBPtS.s:467    .text.HAL_DBGMCU_DisableDBGSleepMode:000000000000000c $d
     /tmp/ccIBBPtS.s:472    .text.HAL_DBGMCU_EnableDBGStopMode:0000000000000000 $t
     /tmp/ccIBBPtS.s:477    .text.HAL_DBGMCU_EnableDBGStopMode:0000000000000000 HAL_DBGMCU_EnableDBGStopMode
     /tmp/ccIBBPtS.s:493    .text.HAL_DBGMCU_EnableDBGStopMode:000000000000000c $d
     /tmp/ccIBBPtS.s:498    .text.HAL_DBGMCU_DisableDBGStopMode:0000000000000000 $t
     /tmp/ccIBBPtS.s:503    .text.HAL_DBGMCU_DisableDBGStopMode:0000000000000000 HAL_DBGMCU_DisableDBGStopMode
     /tmp/ccIBBPtS.s:519    .text.HAL_DBGMCU_DisableDBGStopMode:000000000000000c $d
     /tmp/ccIBBPtS.s:524    .text.HAL_DBGMCU_EnableDBGStandbyMode:0000000000000000 $t
     /tmp/ccIBBPtS.s:529    .text.HAL_DBGMCU_EnableDBGStandbyMode:0000000000000000 HAL_DBGMCU_EnableDBGStandbyMode
     /tmp/ccIBBPtS.s:545    .text.HAL_DBGMCU_EnableDBGStandbyMode:000000000000000c $d
     /tmp/ccIBBPtS.s:550    .text.HAL_DBGMCU_DisableDBGStandbyMode:0000000000000000 $t
     /tmp/ccIBBPtS.s:555    .text.HAL_DBGMCU_DisableDBGStandbyMode:0000000000000000 HAL_DBGMCU_DisableDBGStandbyMode
     /tmp/ccIBBPtS.s:571    .text.HAL_DBGMCU_DisableDBGStandbyMode:000000000000000c $d
ARM GAS  /tmp/ccIBBPtS.s 			page 22


     /tmp/ccIBBPtS.s:576    .text.HAL_GetUID:0000000000000000 $t
     /tmp/ccIBBPtS.s:581    .text.HAL_GetUID:0000000000000000 HAL_GetUID
     /tmp/ccIBBPtS.s:605    .text.HAL_GetUID:0000000000000014 $d
                     .debug_frame:0000000000000010 $d

UNDEFINED SYMBOLS
HAL_SYSTICK_Config
HAL_NVIC_SetPriority
SystemCoreClock
HAL_NVIC_SetPriorityGrouping
