ARM GAS  /tmp/ccM97Rxm.s 			page 1


   1              		.syntax unified
   2              		.cpu cortex-m3
   3              		.fpu softvfp
   4              		.eabi_attribute 20, 1
   5              		.eabi_attribute 21, 1
   6              		.eabi_attribute 23, 3
   7              		.eabi_attribute 24, 1
   8              		.eabi_attribute 25, 1
   9              		.eabi_attribute 26, 1
  10              		.eabi_attribute 30, 1
  11              		.eabi_attribute 34, 1
  12              		.eabi_attribute 18, 4
  13              		.thumb
  14              		.file	"stm32f1xx_it.c"
  15              		.text
  16              	.Ltext0:
  17              		.cfi_sections	.debug_frame
  18              		.section	.text.NMI_Handler,"ax",%progbits
  19              		.align	2
  20              		.global	NMI_Handler
  21              		.thumb
  22              		.thumb_func
  24              	NMI_Handler:
  25              	.LFB63:
  26              		.file 1 "Src/stm32f1xx_it.c"
   1:Src/stm32f1xx_it.c **** /**
   2:Src/stm32f1xx_it.c ****   ******************************************************************************
   3:Src/stm32f1xx_it.c ****   * @file    stm32f1xx_it.c
   4:Src/stm32f1xx_it.c ****   * @brief   Interrupt Service Routines.
   5:Src/stm32f1xx_it.c ****   ******************************************************************************
   6:Src/stm32f1xx_it.c ****   *
   7:Src/stm32f1xx_it.c ****   * COPYRIGHT(c) 2018 STMicroelectronics
   8:Src/stm32f1xx_it.c ****   *
   9:Src/stm32f1xx_it.c ****   * Redistribution and use in source and binary forms, with or without modification,
  10:Src/stm32f1xx_it.c ****   * are permitted provided that the following conditions are met:
  11:Src/stm32f1xx_it.c ****   *   1. Redistributions of source code must retain the above copyright notice,
  12:Src/stm32f1xx_it.c ****   *      this list of conditions and the following disclaimer.
  13:Src/stm32f1xx_it.c ****   *   2. Redistributions in binary form must reproduce the above copyright notice,
  14:Src/stm32f1xx_it.c ****   *      this list of conditions and the following disclaimer in the documentation
  15:Src/stm32f1xx_it.c ****   *      and/or other materials provided with the distribution.
  16:Src/stm32f1xx_it.c ****   *   3. Neither the name of STMicroelectronics nor the names of its contributors
  17:Src/stm32f1xx_it.c ****   *      may be used to endorse or promote products derived from this software
  18:Src/stm32f1xx_it.c ****   *      without specific prior written permission.
  19:Src/stm32f1xx_it.c ****   *
  20:Src/stm32f1xx_it.c ****   * THIS SOFTWARE IS PROVIDED BY THE COPYRIGHT HOLDERS AND CONTRIBUTORS "AS IS"
  21:Src/stm32f1xx_it.c ****   * AND ANY EXPRESS OR IMPLIED WARRANTIES, INCLUDING, BUT NOT LIMITED TO, THE
  22:Src/stm32f1xx_it.c ****   * IMPLIED WARRANTIES OF MERCHANTABILITY AND FITNESS FOR A PARTICULAR PURPOSE ARE
  23:Src/stm32f1xx_it.c ****   * DISCLAIMED. IN NO EVENT SHALL THE COPYRIGHT HOLDER OR CONTRIBUTORS BE LIABLE
  24:Src/stm32f1xx_it.c ****   * FOR ANY DIRECT, INDIRECT, INCIDENTAL, SPECIAL, EXEMPLARY, OR CONSEQUENTIAL
  25:Src/stm32f1xx_it.c ****   * DAMAGES (INCLUDING, BUT NOT LIMITED TO, PROCUREMENT OF SUBSTITUTE GOODS OR
  26:Src/stm32f1xx_it.c ****   * SERVICES; LOSS OF USE, DATA, OR PROFITS; OR BUSINESS INTERRUPTION) HOWEVER
  27:Src/stm32f1xx_it.c ****   * CAUSED AND ON ANY THEORY OF LIABILITY, WHETHER IN CONTRACT, STRICT LIABILITY,
  28:Src/stm32f1xx_it.c ****   * OR TORT (INCLUDING NEGLIGENCE OR OTHERWISE) ARISING IN ANY WAY OUT OF THE USE
  29:Src/stm32f1xx_it.c ****   * OF THIS SOFTWARE, EVEN IF ADVISED OF THE POSSIBILITY OF SUCH DAMAGE.
  30:Src/stm32f1xx_it.c ****   *
  31:Src/stm32f1xx_it.c ****   ******************************************************************************
  32:Src/stm32f1xx_it.c ****   */
ARM GAS  /tmp/ccM97Rxm.s 			page 2


  33:Src/stm32f1xx_it.c **** /* Includes ------------------------------------------------------------------*/
  34:Src/stm32f1xx_it.c **** #include "stm32f1xx_hal.h"
  35:Src/stm32f1xx_it.c **** #include "stm32f1xx.h"
  36:Src/stm32f1xx_it.c **** #include "stm32f1xx_it.h"
  37:Src/stm32f1xx_it.c **** 
  38:Src/stm32f1xx_it.c **** /* USER CODE BEGIN 0 */
  39:Src/stm32f1xx_it.c **** 
  40:Src/stm32f1xx_it.c **** /* USER CODE END 0 */
  41:Src/stm32f1xx_it.c **** 
  42:Src/stm32f1xx_it.c **** /* External variables --------------------------------------------------------*/
  43:Src/stm32f1xx_it.c **** extern ADC_HandleTypeDef hadc1;
  44:Src/stm32f1xx_it.c **** extern ADC_HandleTypeDef hadc2;
  45:Src/stm32f1xx_it.c **** extern CAN_HandleTypeDef hcan1;
  46:Src/stm32f1xx_it.c **** extern CAN_HandleTypeDef hcan2;
  47:Src/stm32f1xx_it.c **** 
  48:Src/stm32f1xx_it.c **** /******************************************************************************/
  49:Src/stm32f1xx_it.c **** /*            Cortex-M3 Processor Interruption and Exception Handlers         */ 
  50:Src/stm32f1xx_it.c **** /******************************************************************************/
  51:Src/stm32f1xx_it.c **** 
  52:Src/stm32f1xx_it.c **** /**
  53:Src/stm32f1xx_it.c **** * @brief This function handles Non maskable interrupt.
  54:Src/stm32f1xx_it.c **** */
  55:Src/stm32f1xx_it.c **** void NMI_Handler(void)
  56:Src/stm32f1xx_it.c **** {
  27              		.loc 1 56 0
  28              		.cfi_startproc
  29              		@ args = 0, pretend = 0, frame = 0
  30              		@ frame_needed = 0, uses_anonymous_args = 0
  31              		@ link register save eliminated.
  32 0000 7047     		bx	lr
  33              		.cfi_endproc
  34              	.LFE63:
  36 0002 00BF     		.section	.text.HardFault_Handler,"ax",%progbits
  37              		.align	2
  38              		.global	HardFault_Handler
  39              		.thumb
  40              		.thumb_func
  42              	HardFault_Handler:
  43              	.LFB64:
  57:Src/stm32f1xx_it.c ****   /* USER CODE BEGIN NonMaskableInt_IRQn 0 */
  58:Src/stm32f1xx_it.c **** 
  59:Src/stm32f1xx_it.c ****   /* USER CODE END NonMaskableInt_IRQn 0 */
  60:Src/stm32f1xx_it.c ****   /* USER CODE BEGIN NonMaskableInt_IRQn 1 */
  61:Src/stm32f1xx_it.c **** 
  62:Src/stm32f1xx_it.c ****   /* USER CODE END NonMaskableInt_IRQn 1 */
  63:Src/stm32f1xx_it.c **** }
  64:Src/stm32f1xx_it.c **** 
  65:Src/stm32f1xx_it.c **** /**
  66:Src/stm32f1xx_it.c **** * @brief This function handles Hard fault interrupt.
  67:Src/stm32f1xx_it.c **** */
  68:Src/stm32f1xx_it.c **** void HardFault_Handler(void)
  69:Src/stm32f1xx_it.c **** {
  44              		.loc 1 69 0
  45              		.cfi_startproc
  46              		@ Volatile: function does not return.
  47              		@ args = 0, pretend = 0, frame = 0
  48              		@ frame_needed = 0, uses_anonymous_args = 0
ARM GAS  /tmp/ccM97Rxm.s 			page 3


  49              		@ link register save eliminated.
  50              	.L3:
  70:Src/stm32f1xx_it.c ****   /* USER CODE BEGIN HardFault_IRQn 0 */
  71:Src/stm32f1xx_it.c **** 
  72:Src/stm32f1xx_it.c ****   /* USER CODE END HardFault_IRQn 0 */
  73:Src/stm32f1xx_it.c ****   while (1)
  74:Src/stm32f1xx_it.c ****   {
  75:Src/stm32f1xx_it.c ****     /* USER CODE BEGIN W1_HardFault_IRQn 0 */
  76:Src/stm32f1xx_it.c ****     /* USER CODE END W1_HardFault_IRQn 0 */
  77:Src/stm32f1xx_it.c ****   }
  51              		.loc 1 77 0 discriminator 1
  52 0000 FEE7     		b	.L3
  53              		.cfi_endproc
  54              	.LFE64:
  56 0002 00BF     		.section	.text.MemManage_Handler,"ax",%progbits
  57              		.align	2
  58              		.global	MemManage_Handler
  59              		.thumb
  60              		.thumb_func
  62              	MemManage_Handler:
  63              	.LFB65:
  78:Src/stm32f1xx_it.c ****   /* USER CODE BEGIN HardFault_IRQn 1 */
  79:Src/stm32f1xx_it.c **** 
  80:Src/stm32f1xx_it.c ****   /* USER CODE END HardFault_IRQn 1 */
  81:Src/stm32f1xx_it.c **** }
  82:Src/stm32f1xx_it.c **** 
  83:Src/stm32f1xx_it.c **** /**
  84:Src/stm32f1xx_it.c **** * @brief This function handles Memory management fault.
  85:Src/stm32f1xx_it.c **** */
  86:Src/stm32f1xx_it.c **** void MemManage_Handler(void)
  87:Src/stm32f1xx_it.c **** {
  64              		.loc 1 87 0
  65              		.cfi_startproc
  66              		@ Volatile: function does not return.
  67              		@ args = 0, pretend = 0, frame = 0
  68              		@ frame_needed = 0, uses_anonymous_args = 0
  69              		@ link register save eliminated.
  70              	.L5:
  88:Src/stm32f1xx_it.c ****   /* USER CODE BEGIN MemoryManagement_IRQn 0 */
  89:Src/stm32f1xx_it.c **** 
  90:Src/stm32f1xx_it.c ****   /* USER CODE END MemoryManagement_IRQn 0 */
  91:Src/stm32f1xx_it.c ****   while (1)
  92:Src/stm32f1xx_it.c ****   {
  93:Src/stm32f1xx_it.c ****     /* USER CODE BEGIN W1_MemoryManagement_IRQn 0 */
  94:Src/stm32f1xx_it.c ****     /* USER CODE END W1_MemoryManagement_IRQn 0 */
  95:Src/stm32f1xx_it.c ****   }
  71              		.loc 1 95 0 discriminator 1
  72 0000 FEE7     		b	.L5
  73              		.cfi_endproc
  74              	.LFE65:
  76 0002 00BF     		.section	.text.BusFault_Handler,"ax",%progbits
  77              		.align	2
  78              		.global	BusFault_Handler
  79              		.thumb
  80              		.thumb_func
  82              	BusFault_Handler:
  83              	.LFB66:
ARM GAS  /tmp/ccM97Rxm.s 			page 4


  96:Src/stm32f1xx_it.c ****   /* USER CODE BEGIN MemoryManagement_IRQn 1 */
  97:Src/stm32f1xx_it.c **** 
  98:Src/stm32f1xx_it.c ****   /* USER CODE END MemoryManagement_IRQn 1 */
  99:Src/stm32f1xx_it.c **** }
 100:Src/stm32f1xx_it.c **** 
 101:Src/stm32f1xx_it.c **** /**
 102:Src/stm32f1xx_it.c **** * @brief This function handles Prefetch fault, memory access fault.
 103:Src/stm32f1xx_it.c **** */
 104:Src/stm32f1xx_it.c **** void BusFault_Handler(void)
 105:Src/stm32f1xx_it.c **** {
  84              		.loc 1 105 0
  85              		.cfi_startproc
  86              		@ Volatile: function does not return.
  87              		@ args = 0, pretend = 0, frame = 0
  88              		@ frame_needed = 0, uses_anonymous_args = 0
  89              		@ link register save eliminated.
  90              	.L7:
 106:Src/stm32f1xx_it.c ****   /* USER CODE BEGIN BusFault_IRQn 0 */
 107:Src/stm32f1xx_it.c **** 
 108:Src/stm32f1xx_it.c ****   /* USER CODE END BusFault_IRQn 0 */
 109:Src/stm32f1xx_it.c ****   while (1)
 110:Src/stm32f1xx_it.c ****   {
 111:Src/stm32f1xx_it.c ****     /* USER CODE BEGIN W1_BusFault_IRQn 0 */
 112:Src/stm32f1xx_it.c ****     /* USER CODE END W1_BusFault_IRQn 0 */
 113:Src/stm32f1xx_it.c ****   }
  91              		.loc 1 113 0 discriminator 1
  92 0000 FEE7     		b	.L7
  93              		.cfi_endproc
  94              	.LFE66:
  96 0002 00BF     		.section	.text.UsageFault_Handler,"ax",%progbits
  97              		.align	2
  98              		.global	UsageFault_Handler
  99              		.thumb
 100              		.thumb_func
 102              	UsageFault_Handler:
 103              	.LFB67:
 114:Src/stm32f1xx_it.c ****   /* USER CODE BEGIN BusFault_IRQn 1 */
 115:Src/stm32f1xx_it.c **** 
 116:Src/stm32f1xx_it.c ****   /* USER CODE END BusFault_IRQn 1 */
 117:Src/stm32f1xx_it.c **** }
 118:Src/stm32f1xx_it.c **** 
 119:Src/stm32f1xx_it.c **** /**
 120:Src/stm32f1xx_it.c **** * @brief This function handles Undefined instruction or illegal state.
 121:Src/stm32f1xx_it.c **** */
 122:Src/stm32f1xx_it.c **** void UsageFault_Handler(void)
 123:Src/stm32f1xx_it.c **** {
 104              		.loc 1 123 0
 105              		.cfi_startproc
 106              		@ Volatile: function does not return.
 107              		@ args = 0, pretend = 0, frame = 0
 108              		@ frame_needed = 0, uses_anonymous_args = 0
 109              		@ link register save eliminated.
 110              	.L9:
 124:Src/stm32f1xx_it.c ****   /* USER CODE BEGIN UsageFault_IRQn 0 */
 125:Src/stm32f1xx_it.c **** 
 126:Src/stm32f1xx_it.c ****   /* USER CODE END UsageFault_IRQn 0 */
 127:Src/stm32f1xx_it.c ****   while (1)
ARM GAS  /tmp/ccM97Rxm.s 			page 5


 128:Src/stm32f1xx_it.c ****   {
 129:Src/stm32f1xx_it.c ****     /* USER CODE BEGIN W1_UsageFault_IRQn 0 */
 130:Src/stm32f1xx_it.c ****     /* USER CODE END W1_UsageFault_IRQn 0 */
 131:Src/stm32f1xx_it.c ****   }
 111              		.loc 1 131 0 discriminator 1
 112 0000 FEE7     		b	.L9
 113              		.cfi_endproc
 114              	.LFE67:
 116 0002 00BF     		.section	.text.SVC_Handler,"ax",%progbits
 117              		.align	2
 118              		.global	SVC_Handler
 119              		.thumb
 120              		.thumb_func
 122              	SVC_Handler:
 123              	.LFB68:
 132:Src/stm32f1xx_it.c ****   /* USER CODE BEGIN UsageFault_IRQn 1 */
 133:Src/stm32f1xx_it.c **** 
 134:Src/stm32f1xx_it.c ****   /* USER CODE END UsageFault_IRQn 1 */
 135:Src/stm32f1xx_it.c **** }
 136:Src/stm32f1xx_it.c **** 
 137:Src/stm32f1xx_it.c **** /**
 138:Src/stm32f1xx_it.c **** * @brief This function handles System service call via SWI instruction.
 139:Src/stm32f1xx_it.c **** */
 140:Src/stm32f1xx_it.c **** void SVC_Handler(void)
 141:Src/stm32f1xx_it.c **** {
 124              		.loc 1 141 0
 125              		.cfi_startproc
 126              		@ args = 0, pretend = 0, frame = 0
 127              		@ frame_needed = 0, uses_anonymous_args = 0
 128              		@ link register save eliminated.
 129 0000 7047     		bx	lr
 130              		.cfi_endproc
 131              	.LFE68:
 133 0002 00BF     		.section	.text.DebugMon_Handler,"ax",%progbits
 134              		.align	2
 135              		.global	DebugMon_Handler
 136              		.thumb
 137              		.thumb_func
 139              	DebugMon_Handler:
 140              	.LFB69:
 142:Src/stm32f1xx_it.c ****   /* USER CODE BEGIN SVCall_IRQn 0 */
 143:Src/stm32f1xx_it.c **** 
 144:Src/stm32f1xx_it.c ****   /* USER CODE END SVCall_IRQn 0 */
 145:Src/stm32f1xx_it.c ****   /* USER CODE BEGIN SVCall_IRQn 1 */
 146:Src/stm32f1xx_it.c **** 
 147:Src/stm32f1xx_it.c ****   /* USER CODE END SVCall_IRQn 1 */
 148:Src/stm32f1xx_it.c **** }
 149:Src/stm32f1xx_it.c **** 
 150:Src/stm32f1xx_it.c **** /**
 151:Src/stm32f1xx_it.c **** * @brief This function handles Debug monitor.
 152:Src/stm32f1xx_it.c **** */
 153:Src/stm32f1xx_it.c **** void DebugMon_Handler(void)
 154:Src/stm32f1xx_it.c **** {
 141              		.loc 1 154 0
 142              		.cfi_startproc
 143              		@ args = 0, pretend = 0, frame = 0
 144              		@ frame_needed = 0, uses_anonymous_args = 0
ARM GAS  /tmp/ccM97Rxm.s 			page 6


 145              		@ link register save eliminated.
 146 0000 7047     		bx	lr
 147              		.cfi_endproc
 148              	.LFE69:
 150 0002 00BF     		.section	.text.PendSV_Handler,"ax",%progbits
 151              		.align	2
 152              		.global	PendSV_Handler
 153              		.thumb
 154              		.thumb_func
 156              	PendSV_Handler:
 157              	.LFB70:
 155:Src/stm32f1xx_it.c ****   /* USER CODE BEGIN DebugMonitor_IRQn 0 */
 156:Src/stm32f1xx_it.c **** 
 157:Src/stm32f1xx_it.c ****   /* USER CODE END DebugMonitor_IRQn 0 */
 158:Src/stm32f1xx_it.c ****   /* USER CODE BEGIN DebugMonitor_IRQn 1 */
 159:Src/stm32f1xx_it.c **** 
 160:Src/stm32f1xx_it.c ****   /* USER CODE END DebugMonitor_IRQn 1 */
 161:Src/stm32f1xx_it.c **** }
 162:Src/stm32f1xx_it.c **** 
 163:Src/stm32f1xx_it.c **** /**
 164:Src/stm32f1xx_it.c **** * @brief This function handles Pendable request for system service.
 165:Src/stm32f1xx_it.c **** */
 166:Src/stm32f1xx_it.c **** void PendSV_Handler(void)
 167:Src/stm32f1xx_it.c **** {
 158              		.loc 1 167 0
 159              		.cfi_startproc
 160              		@ args = 0, pretend = 0, frame = 0
 161              		@ frame_needed = 0, uses_anonymous_args = 0
 162              		@ link register save eliminated.
 163 0000 7047     		bx	lr
 164              		.cfi_endproc
 165              	.LFE70:
 167 0002 00BF     		.section	.text.SysTick_Handler,"ax",%progbits
 168              		.align	2
 169              		.global	SysTick_Handler
 170              		.thumb
 171              		.thumb_func
 173              	SysTick_Handler:
 174              	.LFB71:
 168:Src/stm32f1xx_it.c ****   /* USER CODE BEGIN PendSV_IRQn 0 */
 169:Src/stm32f1xx_it.c **** 
 170:Src/stm32f1xx_it.c ****   /* USER CODE END PendSV_IRQn 0 */
 171:Src/stm32f1xx_it.c ****   /* USER CODE BEGIN PendSV_IRQn 1 */
 172:Src/stm32f1xx_it.c **** 
 173:Src/stm32f1xx_it.c ****   /* USER CODE END PendSV_IRQn 1 */
 174:Src/stm32f1xx_it.c **** }
 175:Src/stm32f1xx_it.c **** 
 176:Src/stm32f1xx_it.c **** /**
 177:Src/stm32f1xx_it.c **** * @brief This function handles System tick timer.
 178:Src/stm32f1xx_it.c **** */
 179:Src/stm32f1xx_it.c **** void SysTick_Handler(void)
 180:Src/stm32f1xx_it.c **** {
 175              		.loc 1 180 0
 176              		.cfi_startproc
 177              		@ args = 0, pretend = 0, frame = 0
 178              		@ frame_needed = 0, uses_anonymous_args = 0
 179              		.loc 1 180 0
ARM GAS  /tmp/ccM97Rxm.s 			page 7


 180 0000 08B5     		push	{r3, lr}
 181              	.LCFI0:
 182              		.cfi_def_cfa_offset 8
 183              		.cfi_offset 3, -8
 184              		.cfi_offset 14, -4
 181:Src/stm32f1xx_it.c ****   /* USER CODE BEGIN SysTick_IRQn 0 */
 182:Src/stm32f1xx_it.c **** 
 183:Src/stm32f1xx_it.c ****   /* USER CODE END SysTick_IRQn 0 */
 184:Src/stm32f1xx_it.c ****   HAL_IncTick();
 185              		.loc 1 184 0
 186 0002 FFF7FEFF 		bl	HAL_IncTick
 187              	.LVL0:
 185:Src/stm32f1xx_it.c ****   HAL_SYSTICK_IRQHandler();
 188              		.loc 1 185 0
 189 0006 FFF7FEFF 		bl	HAL_SYSTICK_IRQHandler
 190              	.LVL1:
 191 000a 08BD     		pop	{r3, pc}
 192              		.cfi_endproc
 193              	.LFE71:
 195              		.section	.text.ADC1_2_IRQHandler,"ax",%progbits
 196              		.align	2
 197              		.global	ADC1_2_IRQHandler
 198              		.thumb
 199              		.thumb_func
 201              	ADC1_2_IRQHandler:
 202              	.LFB72:
 186:Src/stm32f1xx_it.c ****   /* USER CODE BEGIN SysTick_IRQn 1 */
 187:Src/stm32f1xx_it.c **** 
 188:Src/stm32f1xx_it.c ****   /* USER CODE END SysTick_IRQn 1 */
 189:Src/stm32f1xx_it.c **** }
 190:Src/stm32f1xx_it.c **** 
 191:Src/stm32f1xx_it.c **** /******************************************************************************/
 192:Src/stm32f1xx_it.c **** /* STM32F1xx Peripheral Interrupt Handlers                                    */
 193:Src/stm32f1xx_it.c **** /* Add here the Interrupt Handlers for the used peripherals.                  */
 194:Src/stm32f1xx_it.c **** /* For the available peripheral interrupt handler names,                      */
 195:Src/stm32f1xx_it.c **** /* please refer to the startup file (startup_stm32f1xx.s).                    */
 196:Src/stm32f1xx_it.c **** /******************************************************************************/
 197:Src/stm32f1xx_it.c **** 
 198:Src/stm32f1xx_it.c **** /**
 199:Src/stm32f1xx_it.c **** * @brief This function handles ADC1 and ADC2 global interrupts.
 200:Src/stm32f1xx_it.c **** */
 201:Src/stm32f1xx_it.c **** void ADC1_2_IRQHandler(void)
 202:Src/stm32f1xx_it.c **** {
 203              		.loc 1 202 0
 204              		.cfi_startproc
 205              		@ args = 0, pretend = 0, frame = 0
 206              		@ frame_needed = 0, uses_anonymous_args = 0
 207 0000 08B5     		push	{r3, lr}
 208              	.LCFI1:
 209              		.cfi_def_cfa_offset 8
 210              		.cfi_offset 3, -8
 211              		.cfi_offset 14, -4
 203:Src/stm32f1xx_it.c ****   /* USER CODE BEGIN ADC1_2_IRQn 0 */
 204:Src/stm32f1xx_it.c **** 
 205:Src/stm32f1xx_it.c ****   /* USER CODE END ADC1_2_IRQn 0 */
 206:Src/stm32f1xx_it.c ****   HAL_ADC_IRQHandler(&hadc1);
 212              		.loc 1 206 0
ARM GAS  /tmp/ccM97Rxm.s 			page 8


 213 0002 0348     		ldr	r0, .L17
 214 0004 FFF7FEFF 		bl	HAL_ADC_IRQHandler
 215              	.LVL2:
 207:Src/stm32f1xx_it.c ****   HAL_ADC_IRQHandler(&hadc2);
 216              		.loc 1 207 0
 217 0008 0248     		ldr	r0, .L17+4
 218 000a FFF7FEFF 		bl	HAL_ADC_IRQHandler
 219              	.LVL3:
 220 000e 08BD     		pop	{r3, pc}
 221              	.L18:
 222              		.align	2
 223              	.L17:
 224 0010 00000000 		.word	hadc1
 225 0014 00000000 		.word	hadc2
 226              		.cfi_endproc
 227              	.LFE72:
 229              		.section	.text.CAN1_TX_IRQHandler,"ax",%progbits
 230              		.align	2
 231              		.global	CAN1_TX_IRQHandler
 232              		.thumb
 233              		.thumb_func
 235              	CAN1_TX_IRQHandler:
 236              	.LFB73:
 208:Src/stm32f1xx_it.c ****   /* USER CODE BEGIN ADC1_2_IRQn 1 */
 209:Src/stm32f1xx_it.c **** 
 210:Src/stm32f1xx_it.c ****   /* USER CODE END ADC1_2_IRQn 1 */
 211:Src/stm32f1xx_it.c **** }
 212:Src/stm32f1xx_it.c **** 
 213:Src/stm32f1xx_it.c **** /**
 214:Src/stm32f1xx_it.c **** * @brief This function handles CAN1 TX interrupt.
 215:Src/stm32f1xx_it.c **** */
 216:Src/stm32f1xx_it.c **** void CAN1_TX_IRQHandler(void)
 217:Src/stm32f1xx_it.c **** {
 237              		.loc 1 217 0
 238              		.cfi_startproc
 239              		@ args = 0, pretend = 0, frame = 0
 240              		@ frame_needed = 0, uses_anonymous_args = 0
 241 0000 08B5     		push	{r3, lr}
 242              	.LCFI2:
 243              		.cfi_def_cfa_offset 8
 244              		.cfi_offset 3, -8
 245              		.cfi_offset 14, -4
 218:Src/stm32f1xx_it.c ****   /* USER CODE BEGIN CAN1_TX_IRQn 0 */
 219:Src/stm32f1xx_it.c **** 
 220:Src/stm32f1xx_it.c ****   /* USER CODE END CAN1_TX_IRQn 0 */
 221:Src/stm32f1xx_it.c ****   HAL_CAN_IRQHandler(&hcan1);
 246              		.loc 1 221 0
 247 0002 0248     		ldr	r0, .L21
 248 0004 FFF7FEFF 		bl	HAL_CAN_IRQHandler
 249              	.LVL4:
 250 0008 08BD     		pop	{r3, pc}
 251              	.L22:
 252 000a 00BF     		.align	2
 253              	.L21:
 254 000c 00000000 		.word	hcan1
 255              		.cfi_endproc
 256              	.LFE73:
ARM GAS  /tmp/ccM97Rxm.s 			page 9


 258              		.section	.text.CAN1_RX0_IRQHandler,"ax",%progbits
 259              		.align	2
 260              		.global	CAN1_RX0_IRQHandler
 261              		.thumb
 262              		.thumb_func
 264              	CAN1_RX0_IRQHandler:
 265              	.LFB74:
 222:Src/stm32f1xx_it.c ****   /* USER CODE BEGIN CAN1_TX_IRQn 1 */
 223:Src/stm32f1xx_it.c **** 
 224:Src/stm32f1xx_it.c ****   /* USER CODE END CAN1_TX_IRQn 1 */
 225:Src/stm32f1xx_it.c **** }
 226:Src/stm32f1xx_it.c **** 
 227:Src/stm32f1xx_it.c **** /**
 228:Src/stm32f1xx_it.c **** * @brief This function handles CAN1 RX0 interrupt.
 229:Src/stm32f1xx_it.c **** */
 230:Src/stm32f1xx_it.c **** void CAN1_RX0_IRQHandler(void)
 231:Src/stm32f1xx_it.c **** {
 266              		.loc 1 231 0
 267              		.cfi_startproc
 268              		@ args = 0, pretend = 0, frame = 0
 269              		@ frame_needed = 0, uses_anonymous_args = 0
 270 0000 08B5     		push	{r3, lr}
 271              	.LCFI3:
 272              		.cfi_def_cfa_offset 8
 273              		.cfi_offset 3, -8
 274              		.cfi_offset 14, -4
 232:Src/stm32f1xx_it.c ****   /* USER CODE BEGIN CAN1_RX0_IRQn 0 */
 233:Src/stm32f1xx_it.c **** 
 234:Src/stm32f1xx_it.c ****   /* USER CODE END CAN1_RX0_IRQn 0 */
 235:Src/stm32f1xx_it.c ****   HAL_CAN_IRQHandler(&hcan1);
 275              		.loc 1 235 0
 276 0002 0248     		ldr	r0, .L25
 277 0004 FFF7FEFF 		bl	HAL_CAN_IRQHandler
 278              	.LVL5:
 279 0008 08BD     		pop	{r3, pc}
 280              	.L26:
 281 000a 00BF     		.align	2
 282              	.L25:
 283 000c 00000000 		.word	hcan1
 284              		.cfi_endproc
 285              	.LFE74:
 287              		.section	.text.CAN1_RX1_IRQHandler,"ax",%progbits
 288              		.align	2
 289              		.global	CAN1_RX1_IRQHandler
 290              		.thumb
 291              		.thumb_func
 293              	CAN1_RX1_IRQHandler:
 294              	.LFB75:
 236:Src/stm32f1xx_it.c ****   /* USER CODE BEGIN CAN1_RX0_IRQn 1 */
 237:Src/stm32f1xx_it.c **** 
 238:Src/stm32f1xx_it.c ****   /* USER CODE END CAN1_RX0_IRQn 1 */
 239:Src/stm32f1xx_it.c **** }
 240:Src/stm32f1xx_it.c **** 
 241:Src/stm32f1xx_it.c **** /**
 242:Src/stm32f1xx_it.c **** * @brief This function handles CAN1 RX1 interrupt.
 243:Src/stm32f1xx_it.c **** */
 244:Src/stm32f1xx_it.c **** void CAN1_RX1_IRQHandler(void)
ARM GAS  /tmp/ccM97Rxm.s 			page 10


 245:Src/stm32f1xx_it.c **** {
 295              		.loc 1 245 0
 296              		.cfi_startproc
 297              		@ args = 0, pretend = 0, frame = 0
 298              		@ frame_needed = 0, uses_anonymous_args = 0
 299 0000 08B5     		push	{r3, lr}
 300              	.LCFI4:
 301              		.cfi_def_cfa_offset 8
 302              		.cfi_offset 3, -8
 303              		.cfi_offset 14, -4
 246:Src/stm32f1xx_it.c ****   /* USER CODE BEGIN CAN1_RX1_IRQn 0 */
 247:Src/stm32f1xx_it.c **** 
 248:Src/stm32f1xx_it.c ****   /* USER CODE END CAN1_RX1_IRQn 0 */
 249:Src/stm32f1xx_it.c ****   HAL_CAN_IRQHandler(&hcan1);
 304              		.loc 1 249 0
 305 0002 0248     		ldr	r0, .L29
 306 0004 FFF7FEFF 		bl	HAL_CAN_IRQHandler
 307              	.LVL6:
 308 0008 08BD     		pop	{r3, pc}
 309              	.L30:
 310 000a 00BF     		.align	2
 311              	.L29:
 312 000c 00000000 		.word	hcan1
 313              		.cfi_endproc
 314              	.LFE75:
 316              		.section	.text.CAN1_SCE_IRQHandler,"ax",%progbits
 317              		.align	2
 318              		.global	CAN1_SCE_IRQHandler
 319              		.thumb
 320              		.thumb_func
 322              	CAN1_SCE_IRQHandler:
 323              	.LFB76:
 250:Src/stm32f1xx_it.c ****   /* USER CODE BEGIN CAN1_RX1_IRQn 1 */
 251:Src/stm32f1xx_it.c **** 
 252:Src/stm32f1xx_it.c ****   /* USER CODE END CAN1_RX1_IRQn 1 */
 253:Src/stm32f1xx_it.c **** }
 254:Src/stm32f1xx_it.c **** 
 255:Src/stm32f1xx_it.c **** /**
 256:Src/stm32f1xx_it.c **** * @brief This function handles CAN1 SCE interrupt.
 257:Src/stm32f1xx_it.c **** */
 258:Src/stm32f1xx_it.c **** void CAN1_SCE_IRQHandler(void)
 259:Src/stm32f1xx_it.c **** {
 324              		.loc 1 259 0
 325              		.cfi_startproc
 326              		@ args = 0, pretend = 0, frame = 0
 327              		@ frame_needed = 0, uses_anonymous_args = 0
 328 0000 08B5     		push	{r3, lr}
 329              	.LCFI5:
 330              		.cfi_def_cfa_offset 8
 331              		.cfi_offset 3, -8
 332              		.cfi_offset 14, -4
 260:Src/stm32f1xx_it.c ****   /* USER CODE BEGIN CAN1_SCE_IRQn 0 */
 261:Src/stm32f1xx_it.c **** 
 262:Src/stm32f1xx_it.c ****   /* USER CODE END CAN1_SCE_IRQn 0 */
 263:Src/stm32f1xx_it.c ****   HAL_CAN_IRQHandler(&hcan1);
 333              		.loc 1 263 0
 334 0002 0248     		ldr	r0, .L33
ARM GAS  /tmp/ccM97Rxm.s 			page 11


 335 0004 FFF7FEFF 		bl	HAL_CAN_IRQHandler
 336              	.LVL7:
 337 0008 08BD     		pop	{r3, pc}
 338              	.L34:
 339 000a 00BF     		.align	2
 340              	.L33:
 341 000c 00000000 		.word	hcan1
 342              		.cfi_endproc
 343              	.LFE76:
 345              		.section	.text.CAN2_TX_IRQHandler,"ax",%progbits
 346              		.align	2
 347              		.global	CAN2_TX_IRQHandler
 348              		.thumb
 349              		.thumb_func
 351              	CAN2_TX_IRQHandler:
 352              	.LFB77:
 264:Src/stm32f1xx_it.c ****   /* USER CODE BEGIN CAN1_SCE_IRQn 1 */
 265:Src/stm32f1xx_it.c **** 
 266:Src/stm32f1xx_it.c ****   /* USER CODE END CAN1_SCE_IRQn 1 */
 267:Src/stm32f1xx_it.c **** }
 268:Src/stm32f1xx_it.c **** 
 269:Src/stm32f1xx_it.c **** /**
 270:Src/stm32f1xx_it.c **** * @brief This function handles CAN2 TX interrupt.
 271:Src/stm32f1xx_it.c **** */
 272:Src/stm32f1xx_it.c **** void CAN2_TX_IRQHandler(void)
 273:Src/stm32f1xx_it.c **** {
 353              		.loc 1 273 0
 354              		.cfi_startproc
 355              		@ args = 0, pretend = 0, frame = 0
 356              		@ frame_needed = 0, uses_anonymous_args = 0
 357 0000 08B5     		push	{r3, lr}
 358              	.LCFI6:
 359              		.cfi_def_cfa_offset 8
 360              		.cfi_offset 3, -8
 361              		.cfi_offset 14, -4
 274:Src/stm32f1xx_it.c ****   /* USER CODE BEGIN CAN2_TX_IRQn 0 */
 275:Src/stm32f1xx_it.c **** 
 276:Src/stm32f1xx_it.c ****   /* USER CODE END CAN2_TX_IRQn 0 */
 277:Src/stm32f1xx_it.c ****   HAL_CAN_IRQHandler(&hcan2);
 362              		.loc 1 277 0
 363 0002 0248     		ldr	r0, .L37
 364 0004 FFF7FEFF 		bl	HAL_CAN_IRQHandler
 365              	.LVL8:
 366 0008 08BD     		pop	{r3, pc}
 367              	.L38:
 368 000a 00BF     		.align	2
 369              	.L37:
 370 000c 00000000 		.word	hcan2
 371              		.cfi_endproc
 372              	.LFE77:
 374              		.section	.text.CAN2_RX0_IRQHandler,"ax",%progbits
 375              		.align	2
 376              		.global	CAN2_RX0_IRQHandler
 377              		.thumb
 378              		.thumb_func
 380              	CAN2_RX0_IRQHandler:
 381              	.LFB78:
ARM GAS  /tmp/ccM97Rxm.s 			page 12


 278:Src/stm32f1xx_it.c ****   /* USER CODE BEGIN CAN2_TX_IRQn 1 */
 279:Src/stm32f1xx_it.c **** 
 280:Src/stm32f1xx_it.c ****   /* USER CODE END CAN2_TX_IRQn 1 */
 281:Src/stm32f1xx_it.c **** }
 282:Src/stm32f1xx_it.c **** 
 283:Src/stm32f1xx_it.c **** /**
 284:Src/stm32f1xx_it.c **** * @brief This function handles CAN2 RX0 interrupt.
 285:Src/stm32f1xx_it.c **** */
 286:Src/stm32f1xx_it.c **** void CAN2_RX0_IRQHandler(void)
 287:Src/stm32f1xx_it.c **** {
 382              		.loc 1 287 0
 383              		.cfi_startproc
 384              		@ args = 0, pretend = 0, frame = 0
 385              		@ frame_needed = 0, uses_anonymous_args = 0
 386 0000 08B5     		push	{r3, lr}
 387              	.LCFI7:
 388              		.cfi_def_cfa_offset 8
 389              		.cfi_offset 3, -8
 390              		.cfi_offset 14, -4
 288:Src/stm32f1xx_it.c ****   /* USER CODE BEGIN CAN2_RX0_IRQn 0 */
 289:Src/stm32f1xx_it.c **** 
 290:Src/stm32f1xx_it.c ****   /* USER CODE END CAN2_RX0_IRQn 0 */
 291:Src/stm32f1xx_it.c ****   HAL_CAN_IRQHandler(&hcan2);
 391              		.loc 1 291 0
 392 0002 0248     		ldr	r0, .L41
 393 0004 FFF7FEFF 		bl	HAL_CAN_IRQHandler
 394              	.LVL9:
 395 0008 08BD     		pop	{r3, pc}
 396              	.L42:
 397 000a 00BF     		.align	2
 398              	.L41:
 399 000c 00000000 		.word	hcan2
 400              		.cfi_endproc
 401              	.LFE78:
 403              		.section	.text.CAN2_RX1_IRQHandler,"ax",%progbits
 404              		.align	2
 405              		.global	CAN2_RX1_IRQHandler
 406              		.thumb
 407              		.thumb_func
 409              	CAN2_RX1_IRQHandler:
 410              	.LFB79:
 292:Src/stm32f1xx_it.c ****   /* USER CODE BEGIN CAN2_RX0_IRQn 1 */
 293:Src/stm32f1xx_it.c **** 
 294:Src/stm32f1xx_it.c ****   /* USER CODE END CAN2_RX0_IRQn 1 */
 295:Src/stm32f1xx_it.c **** }
 296:Src/stm32f1xx_it.c **** 
 297:Src/stm32f1xx_it.c **** /**
 298:Src/stm32f1xx_it.c **** * @brief This function handles CAN2 RX1 interrupt.
 299:Src/stm32f1xx_it.c **** */
 300:Src/stm32f1xx_it.c **** void CAN2_RX1_IRQHandler(void)
 301:Src/stm32f1xx_it.c **** {
 411              		.loc 1 301 0
 412              		.cfi_startproc
 413              		@ args = 0, pretend = 0, frame = 0
 414              		@ frame_needed = 0, uses_anonymous_args = 0
 415 0000 08B5     		push	{r3, lr}
 416              	.LCFI8:
ARM GAS  /tmp/ccM97Rxm.s 			page 13


 417              		.cfi_def_cfa_offset 8
 418              		.cfi_offset 3, -8
 419              		.cfi_offset 14, -4
 302:Src/stm32f1xx_it.c ****   /* USER CODE BEGIN CAN2_RX1_IRQn 0 */
 303:Src/stm32f1xx_it.c **** 
 304:Src/stm32f1xx_it.c ****   /* USER CODE END CAN2_RX1_IRQn 0 */
 305:Src/stm32f1xx_it.c ****   HAL_CAN_IRQHandler(&hcan2);
 420              		.loc 1 305 0
 421 0002 0248     		ldr	r0, .L45
 422 0004 FFF7FEFF 		bl	HAL_CAN_IRQHandler
 423              	.LVL10:
 424 0008 08BD     		pop	{r3, pc}
 425              	.L46:
 426 000a 00BF     		.align	2
 427              	.L45:
 428 000c 00000000 		.word	hcan2
 429              		.cfi_endproc
 430              	.LFE79:
 432              		.section	.text.CAN2_SCE_IRQHandler,"ax",%progbits
 433              		.align	2
 434              		.global	CAN2_SCE_IRQHandler
 435              		.thumb
 436              		.thumb_func
 438              	CAN2_SCE_IRQHandler:
 439              	.LFB80:
 306:Src/stm32f1xx_it.c ****   /* USER CODE BEGIN CAN2_RX1_IRQn 1 */
 307:Src/stm32f1xx_it.c **** 
 308:Src/stm32f1xx_it.c ****   /* USER CODE END CAN2_RX1_IRQn 1 */
 309:Src/stm32f1xx_it.c **** }
 310:Src/stm32f1xx_it.c **** 
 311:Src/stm32f1xx_it.c **** /**
 312:Src/stm32f1xx_it.c **** * @brief This function handles CAN2 SCE interrupt.
 313:Src/stm32f1xx_it.c **** */
 314:Src/stm32f1xx_it.c **** void CAN2_SCE_IRQHandler(void)
 315:Src/stm32f1xx_it.c **** {
 440              		.loc 1 315 0
 441              		.cfi_startproc
 442              		@ args = 0, pretend = 0, frame = 0
 443              		@ frame_needed = 0, uses_anonymous_args = 0
 444 0000 08B5     		push	{r3, lr}
 445              	.LCFI9:
 446              		.cfi_def_cfa_offset 8
 447              		.cfi_offset 3, -8
 448              		.cfi_offset 14, -4
 316:Src/stm32f1xx_it.c ****   /* USER CODE BEGIN CAN2_SCE_IRQn 0 */
 317:Src/stm32f1xx_it.c **** 
 318:Src/stm32f1xx_it.c ****   /* USER CODE END CAN2_SCE_IRQn 0 */
 319:Src/stm32f1xx_it.c ****   HAL_CAN_IRQHandler(&hcan2);
 449              		.loc 1 319 0
 450 0002 0248     		ldr	r0, .L49
 451 0004 FFF7FEFF 		bl	HAL_CAN_IRQHandler
 452              	.LVL11:
 453 0008 08BD     		pop	{r3, pc}
 454              	.L50:
 455 000a 00BF     		.align	2
 456              	.L49:
 457 000c 00000000 		.word	hcan2
ARM GAS  /tmp/ccM97Rxm.s 			page 14


 458              		.cfi_endproc
 459              	.LFE80:
 461              		.text
 462              	.Letext0:
 463              		.file 2 "/usr/include/newlib/machine/_default_types.h"
 464              		.file 3 "/usr/include/newlib/sys/_stdint.h"
 465              		.file 4 "../../shared/firmware/Drivers/CMSIS/Device/ST/STM32F1xx/Include/stm32f105xc.h"
 466              		.file 5 "../../shared/firmware/Drivers/STM32F1xx_HAL_Driver/Inc/stm32f1xx_hal_def.h"
 467              		.file 6 "../../shared/firmware/Drivers/STM32F1xx_HAL_Driver/Inc/stm32f1xx_hal_dma.h"
 468              		.file 7 "../../shared/firmware/Drivers/STM32F1xx_HAL_Driver/Inc/stm32f1xx_hal_can.h"
 469              		.file 8 "../../shared/firmware/Drivers/STM32F1xx_HAL_Driver/Inc/stm32f1xx_hal_adc.h"
 470              		.file 9 "../../shared/firmware/Drivers/CMSIS/Include/core_cm3.h"
 471              		.file 10 "../../shared/firmware/Drivers/STM32F1xx_HAL_Driver/Inc/stm32f1xx_hal.h"
 472              		.file 11 "../../shared/firmware/Drivers/STM32F1xx_HAL_Driver/Inc/stm32f1xx_hal_cortex.h"
ARM GAS  /tmp/ccM97Rxm.s 			page 15


DEFINED SYMBOLS
                            *ABS*:0000000000000000 stm32f1xx_it.c
     /tmp/ccM97Rxm.s:19     .text.NMI_Handler:0000000000000000 $t
     /tmp/ccM97Rxm.s:24     .text.NMI_Handler:0000000000000000 NMI_Handler
     /tmp/ccM97Rxm.s:37     .text.HardFault_Handler:0000000000000000 $t
     /tmp/ccM97Rxm.s:42     .text.HardFault_Handler:0000000000000000 HardFault_Handler
     /tmp/ccM97Rxm.s:57     .text.MemManage_Handler:0000000000000000 $t
     /tmp/ccM97Rxm.s:62     .text.MemManage_Handler:0000000000000000 MemManage_Handler
     /tmp/ccM97Rxm.s:77     .text.BusFault_Handler:0000000000000000 $t
     /tmp/ccM97Rxm.s:82     .text.BusFault_Handler:0000000000000000 BusFault_Handler
     /tmp/ccM97Rxm.s:97     .text.UsageFault_Handler:0000000000000000 $t
     /tmp/ccM97Rxm.s:102    .text.UsageFault_Handler:0000000000000000 UsageFault_Handler
     /tmp/ccM97Rxm.s:117    .text.SVC_Handler:0000000000000000 $t
     /tmp/ccM97Rxm.s:122    .text.SVC_Handler:0000000000000000 SVC_Handler
     /tmp/ccM97Rxm.s:134    .text.DebugMon_Handler:0000000000000000 $t
     /tmp/ccM97Rxm.s:139    .text.DebugMon_Handler:0000000000000000 DebugMon_Handler
     /tmp/ccM97Rxm.s:151    .text.PendSV_Handler:0000000000000000 $t
     /tmp/ccM97Rxm.s:156    .text.PendSV_Handler:0000000000000000 PendSV_Handler
     /tmp/ccM97Rxm.s:168    .text.SysTick_Handler:0000000000000000 $t
     /tmp/ccM97Rxm.s:173    .text.SysTick_Handler:0000000000000000 SysTick_Handler
     /tmp/ccM97Rxm.s:196    .text.ADC1_2_IRQHandler:0000000000000000 $t
     /tmp/ccM97Rxm.s:201    .text.ADC1_2_IRQHandler:0000000000000000 ADC1_2_IRQHandler
     /tmp/ccM97Rxm.s:224    .text.ADC1_2_IRQHandler:0000000000000010 $d
     /tmp/ccM97Rxm.s:230    .text.CAN1_TX_IRQHandler:0000000000000000 $t
     /tmp/ccM97Rxm.s:235    .text.CAN1_TX_IRQHandler:0000000000000000 CAN1_TX_IRQHandler
     /tmp/ccM97Rxm.s:254    .text.CAN1_TX_IRQHandler:000000000000000c $d
     /tmp/ccM97Rxm.s:259    .text.CAN1_RX0_IRQHandler:0000000000000000 $t
     /tmp/ccM97Rxm.s:264    .text.CAN1_RX0_IRQHandler:0000000000000000 CAN1_RX0_IRQHandler
     /tmp/ccM97Rxm.s:283    .text.CAN1_RX0_IRQHandler:000000000000000c $d
     /tmp/ccM97Rxm.s:288    .text.CAN1_RX1_IRQHandler:0000000000000000 $t
     /tmp/ccM97Rxm.s:293    .text.CAN1_RX1_IRQHandler:0000000000000000 CAN1_RX1_IRQHandler
     /tmp/ccM97Rxm.s:312    .text.CAN1_RX1_IRQHandler:000000000000000c $d
     /tmp/ccM97Rxm.s:317    .text.CAN1_SCE_IRQHandler:0000000000000000 $t
     /tmp/ccM97Rxm.s:322    .text.CAN1_SCE_IRQHandler:0000000000000000 CAN1_SCE_IRQHandler
     /tmp/ccM97Rxm.s:341    .text.CAN1_SCE_IRQHandler:000000000000000c $d
     /tmp/ccM97Rxm.s:346    .text.CAN2_TX_IRQHandler:0000000000000000 $t
     /tmp/ccM97Rxm.s:351    .text.CAN2_TX_IRQHandler:0000000000000000 CAN2_TX_IRQHandler
     /tmp/ccM97Rxm.s:370    .text.CAN2_TX_IRQHandler:000000000000000c $d
     /tmp/ccM97Rxm.s:375    .text.CAN2_RX0_IRQHandler:0000000000000000 $t
     /tmp/ccM97Rxm.s:380    .text.CAN2_RX0_IRQHandler:0000000000000000 CAN2_RX0_IRQHandler
     /tmp/ccM97Rxm.s:399    .text.CAN2_RX0_IRQHandler:000000000000000c $d
     /tmp/ccM97Rxm.s:404    .text.CAN2_RX1_IRQHandler:0000000000000000 $t
     /tmp/ccM97Rxm.s:409    .text.CAN2_RX1_IRQHandler:0000000000000000 CAN2_RX1_IRQHandler
     /tmp/ccM97Rxm.s:428    .text.CAN2_RX1_IRQHandler:000000000000000c $d
     /tmp/ccM97Rxm.s:433    .text.CAN2_SCE_IRQHandler:0000000000000000 $t
     /tmp/ccM97Rxm.s:438    .text.CAN2_SCE_IRQHandler:0000000000000000 CAN2_SCE_IRQHandler
     /tmp/ccM97Rxm.s:457    .text.CAN2_SCE_IRQHandler:000000000000000c $d
                     .debug_frame:0000000000000010 $d

UNDEFINED SYMBOLS
HAL_IncTick
HAL_SYSTICK_IRQHandler
HAL_ADC_IRQHandler
hadc1
hadc2
HAL_CAN_IRQHandler
hcan1
ARM GAS  /tmp/ccM97Rxm.s 			page 16


hcan2
